[35m[1mConsolidate compiler generated dependencies of target art_interface_msg__rosidl_generator_c[0m
[  2%] Built target art_interface_msg__cpp
[ 12%] Built target art_interface_msg__rosidl_generator_c
[ 12%] Built target ament_cmake_python_copy_art_interface_msg
[35m[1mConsolidate compiler generated dependencies of target art_interface_msg__rosidl_typesupport_cpp[0m
[35m[1mConsolidate compiler generated dependencies of target art_interface_msg__rosidl_typesupport_introspection_cpp[0m
[35m[1mConsolidate compiler generated dependencies of target art_interface_msg__rosidl_typesupport_fastrtps_cpp[0m
[35m[1mConsolidate compiler generated dependencies of target art_interface_msg__rosidl_typesupport_c[0m
[35m[1mConsolidate compiler generated dependencies of target art_interface_msg__rosidl_typesupport_introspection_c[0m
[35m[1mConsolidate compiler generated dependencies of target art_interface_msg__rosidl_typesupport_fastrtps_c[0m
[ 42%] Built target art_interface_msg__rosidl_typesupport_introspection_c
[ 42%] Built target art_interface_msg__rosidl_typesupport_c
[ 48%] Built target art_interface_msg__rosidl_typesupport_cpp
[ 65%] Built target art_interface_msg__rosidl_typesupport_fastrtps_cpp
[ 55%] Built target art_interface_msg__rosidl_typesupport_introspection_cpp
[ 76%] Built target art_interface_msg__rosidl_typesupport_fastrtps_c
[ 76%] Built target art_interface_msg
[ 78%] Built target art_interface_msg__py
[35m[1mConsolidate compiler generated dependencies of target art_interface_msg__rosidl_generator_py[0m
[ 87%] Built target art_interface_msg__rosidl_generator_py
[35m[1mConsolidate compiler generated dependencies of target art_interface_msg__rosidl_typesupport_introspection_c__pyext[0m
[35m[1mConsolidate compiler generated dependencies of target art_interface_msg__rosidl_typesupport_fastrtps_c__pyext[0m
[35m[1mConsolidate compiler generated dependencies of target art_interface_msg__rosidl_typesupport_c__pyext[0m
[ 95%] Built target art_interface_msg__rosidl_typesupport_fastrtps_c__pyext
[ 95%] Built target art_interface_msg__rosidl_typesupport_introspection_c__pyext
[100%] Built target art_interface_msg__rosidl_typesupport_c__pyext
running egg_info
writing art_interface_msg.egg-info/PKG-INFO
writing dependency_links to art_interface_msg.egg-info/dependency_links.txt
writing top-level names to art_interface_msg.egg-info/top_level.txt
reading manifest file 'art_interface_msg.egg-info/SOURCES.txt'
writing manifest file 'art_interface_msg.egg-info/SOURCES.txt'
[100%] Built target ament_cmake_python_build_art_interface_msg_egg
-- Install configuration: "Release"
-- Up-to-date: /home/nvidia/workspace/msgs/src/install/art_interface_msg/share/ament_index/resource_index/rosidl_interfaces/art_interface_msg
-- Up-to-date: /home/nvidia/workspace/msgs/src/install/art_interface_msg/include/art_interface_msg/art_interface_msg
-- Up-to-date: /home/nvidia/workspace/msgs/src/install/art_interface_msg/include/art_interface_msg/art_interface_msg/msg
-- Up-to-date: /home/nvidia/workspace/msgs/src/install/art_interface_msg/include/art_interface_msg/art_interface_msg/msg/rosidl_generator_c__visibility_control.h
-- Up-to-date: /home/nvidia/workspace/msgs/src/install/art_interface_msg/include/art_interface_msg/art_interface_msg/msg/art_life_signal.h
-- Up-to-date: /home/nvidia/workspace/msgs/src/install/art_interface_msg/include/art_interface_msg/art_interface_msg/msg/control_command.h
-- Up-to-date: /home/nvidia/workspace/msgs/src/install/art_interface_msg/include/art_interface_msg/art_interface_msg/msg/detail
-- Up-to-date: /home/nvidia/workspace/msgs/src/install/art_interface_msg/include/art_interface_msg/art_interface_msg/msg/detail/art_life_signal__struct.h
-- Up-to-date: /home/nvidia/workspace/msgs/src/install/art_interface_msg/include/art_interface_msg/art_interface_msg/msg/detail/art_life_signal__functions.c
-- Up-to-date: /home/nvidia/workspace/msgs/src/install/art_interface_msg/include/art_interface_msg/art_interface_msg/msg/detail/control_command__functions.h
-- Up-to-date: /home/nvidia/workspace/msgs/src/install/art_interface_msg/include/art_interface_msg/art_interface_msg/msg/detail/art_status__struct.h
-- Up-to-date: /home/nvidia/workspace/msgs/src/install/art_interface_msg/include/art_interface_msg/art_interface_msg/msg/detail/art_life_signal__functions.h
-- Up-to-date: /home/nvidia/workspace/msgs/src/install/art_interface_msg/include/art_interface_msg/art_interface_msg/msg/detail/art_life_signal__type_support.h
-- Up-to-date: /home/nvidia/workspace/msgs/src/install/art_interface_msg/include/art_interface_msg/art_interface_msg/msg/detail/control_command__functions.c
-- Up-to-date: /home/nvidia/workspace/msgs/src/install/art_interface_msg/include/art_interface_msg/art_interface_msg/msg/detail/art_status__functions.h
-- Up-to-date: /home/nvidia/workspace/msgs/src/install/art_interface_msg/include/art_interface_msg/art_interface_msg/msg/detail/control_command__struct.h
-- Up-to-date: /home/nvidia/workspace/msgs/src/install/art_interface_msg/include/art_interface_msg/art_interface_msg/msg/detail/art_status__functions.c
-- Up-to-date: /home/nvidia/workspace/msgs/src/install/art_interface_msg/include/art_interface_msg/art_interface_msg/msg/detail/art_status__type_support.h
-- Up-to-date: /home/nvidia/workspace/msgs/src/install/art_interface_msg/include/art_interface_msg/art_interface_msg/msg/detail/control_command__type_support.h
-- Up-to-date: /home/nvidia/workspace/msgs/src/install/art_interface_msg/include/art_interface_msg/art_interface_msg/msg/art_status.h
-- Up-to-date: /home/nvidia/workspace/msgs/src/install/art_interface_msg/share/art_interface_msg/environment/library_path.sh
-- Up-to-date: /home/nvidia/workspace/msgs/src/install/art_interface_msg/share/art_interface_msg/environment/library_path.dsv
-- Up-to-date: /home/nvidia/workspace/msgs/src/install/art_interface_msg/lib/libart_interface_msg__rosidl_generator_c.so
-- Up-to-date: /home/nvidia/workspace/msgs/src/install/art_interface_msg/include/art_interface_msg/art_interface_msg
-- Up-to-date: /home/nvidia/workspace/msgs/src/install/art_interface_msg/include/art_interface_msg/art_interface_msg/msg
-- Up-to-date: /home/nvidia/workspace/msgs/src/install/art_interface_msg/include/art_interface_msg/art_interface_msg/msg/detail
-- Up-to-date: /home/nvidia/workspace/msgs/src/install/art_interface_msg/include/art_interface_msg/art_interface_msg/msg/detail/art_life_signal__rosidl_typesupport_fastrtps_c.h
-- Up-to-date: /home/nvidia/workspace/msgs/src/install/art_interface_msg/include/art_interface_msg/art_interface_msg/msg/detail/control_command__rosidl_typesupport_fastrtps_c.h
-- Up-to-date: /home/nvidia/workspace/msgs/src/install/art_interface_msg/include/art_interface_msg/art_interface_msg/msg/detail/art_status__rosidl_typesupport_fastrtps_c.h
-- Up-to-date: /home/nvidia/workspace/msgs/src/install/art_interface_msg/include/art_interface_msg/art_interface_msg/msg/rosidl_typesupport_fastrtps_c__visibility_control.h
-- Up-to-date: /home/nvidia/workspace/msgs/src/install/art_interface_msg/lib/libart_interface_msg__rosidl_typesupport_fastrtps_c.so
-- Up-to-date: /home/nvidia/workspace/msgs/src/install/art_interface_msg/include/art_interface_msg/art_interface_msg
-- Up-to-date: /home/nvidia/workspace/msgs/src/install/art_interface_msg/include/art_interface_msg/art_interface_msg/msg
-- Up-to-date: /home/nvidia/workspace/msgs/src/install/art_interface_msg/include/art_interface_msg/art_interface_msg/msg/rosidl_typesupport_introspection_c__visibility_control.h
-- Up-to-date: /home/nvidia/workspace/msgs/src/install/art_interface_msg/include/art_interface_msg/art_interface_msg/msg/detail
-- Up-to-date: /home/nvidia/workspace/msgs/src/install/art_interface_msg/include/art_interface_msg/art_interface_msg/msg/detail/art_status__rosidl_typesupport_introspection_c.h
-- Up-to-date: /home/nvidia/workspace/msgs/src/install/art_interface_msg/include/art_interface_msg/art_interface_msg/msg/detail/art_life_signal__type_support.c
-- Up-to-date: /home/nvidia/workspace/msgs/src/install/art_interface_msg/include/art_interface_msg/art_interface_msg/msg/detail/art_life_signal__rosidl_typesupport_introspection_c.h
-- Up-to-date: /home/nvidia/workspace/msgs/src/install/art_interface_msg/include/art_interface_msg/art_interface_msg/msg/detail/art_status__type_support.c
-- Up-to-date: /home/nvidia/workspace/msgs/src/install/art_interface_msg/include/art_interface_msg/art_interface_msg/msg/detail/control_command__type_support.c
-- Up-to-date: /home/nvidia/workspace/msgs/src/install/art_interface_msg/include/art_interface_msg/art_interface_msg/msg/detail/control_command__rosidl_typesupport_introspection_c.h
-- Up-to-date: /home/nvidia/workspace/msgs/src/install/art_interface_msg/lib/libart_interface_msg__rosidl_typesupport_introspection_c.so
-- Up-to-date: /home/nvidia/workspace/msgs/src/install/art_interface_msg/lib/libart_interface_msg__rosidl_typesupport_c.so
-- Up-to-date: /home/nvidia/workspace/msgs/src/install/art_interface_msg/include/art_interface_msg/art_interface_msg
-- Up-to-date: /home/nvidia/workspace/msgs/src/install/art_interface_msg/include/art_interface_msg/art_interface_msg/msg
-- Up-to-date: /home/nvidia/workspace/msgs/src/install/art_interface_msg/include/art_interface_msg/art_interface_msg/msg/art_status.hpp
-- Up-to-date: /home/nvidia/workspace/msgs/src/install/art_interface_msg/include/art_interface_msg/art_interface_msg/msg/control_command.hpp
-- Up-to-date: /home/nvidia/workspace/msgs/src/install/art_interface_msg/include/art_interface_msg/art_interface_msg/msg/detail
-- Up-to-date: /home/nvidia/workspace/msgs/src/install/art_interface_msg/include/art_interface_msg/art_interface_msg/msg/detail/art_status__builder.hpp
-- Up-to-date: /home/nvidia/workspace/msgs/src/install/art_interface_msg/include/art_interface_msg/art_interface_msg/msg/detail/art_status__traits.hpp
-- Up-to-date: /home/nvidia/workspace/msgs/src/install/art_interface_msg/include/art_interface_msg/art_interface_msg/msg/detail/art_status__struct.hpp
-- Up-to-date: /home/nvidia/workspace/msgs/src/install/art_interface_msg/include/art_interface_msg/art_interface_msg/msg/detail/control_command__builder.hpp
-- Up-to-date: /home/nvidia/workspace/msgs/src/install/art_interface_msg/include/art_interface_msg/art_interface_msg/msg/detail/art_life_signal__traits.hpp
-- Up-to-date: /home/nvidia/workspace/msgs/src/install/art_interface_msg/include/art_interface_msg/art_interface_msg/msg/detail/art_life_signal__builder.hpp
-- Up-to-date: /home/nvidia/workspace/msgs/src/install/art_interface_msg/include/art_interface_msg/art_interface_msg/msg/detail/control_command__struct.hpp
-- Up-to-date: /home/nvidia/workspace/msgs/src/install/art_interface_msg/include/art_interface_msg/art_interface_msg/msg/detail/art_life_signal__struct.hpp
-- Up-to-date: /home/nvidia/workspace/msgs/src/install/art_interface_msg/include/art_interface_msg/art_interface_msg/msg/detail/control_command__traits.hpp
-- Up-to-date: /home/nvidia/workspace/msgs/src/install/art_interface_msg/include/art_interface_msg/art_interface_msg/msg/art_life_signal.hpp
-- Up-to-date: /home/nvidia/workspace/msgs/src/install/art_interface_msg/include/art_interface_msg/art_interface_msg
-- Up-to-date: /home/nvidia/workspace/msgs/src/install/art_interface_msg/include/art_interface_msg/art_interface_msg/msg
-- Up-to-date: /home/nvidia/workspace/msgs/src/install/art_interface_msg/include/art_interface_msg/art_interface_msg/msg/rosidl_typesupport_fastrtps_cpp__visibility_control.h
-- Up-to-date: /home/nvidia/workspace/msgs/src/install/art_interface_msg/include/art_interface_msg/art_interface_msg/msg/detail
-- Up-to-date: /home/nvidia/workspace/msgs/src/install/art_interface_msg/include/art_interface_msg/art_interface_msg/msg/detail/dds_fastrtps
-- Up-to-date: /home/nvidia/workspace/msgs/src/install/art_interface_msg/include/art_interface_msg/art_interface_msg/msg/detail/art_life_signal__rosidl_typesupport_fastrtps_cpp.hpp
-- Up-to-date: /home/nvidia/workspace/msgs/src/install/art_interface_msg/include/art_interface_msg/art_interface_msg/msg/detail/control_command__rosidl_typesupport_fastrtps_cpp.hpp
-- Up-to-date: /home/nvidia/workspace/msgs/src/install/art_interface_msg/include/art_interface_msg/art_interface_msg/msg/detail/art_status__rosidl_typesupport_fastrtps_cpp.hpp
-- Up-to-date: /home/nvidia/workspace/msgs/src/install/art_interface_msg/lib/libart_interface_msg__rosidl_typesupport_fastrtps_cpp.so
-- Up-to-date: /home/nvidia/workspace/msgs/src/install/art_interface_msg/include/art_interface_msg/art_interface_msg
-- Up-to-date: /home/nvidia/workspace/msgs/src/install/art_interface_msg/include/art_interface_msg/art_interface_msg/msg
-- Up-to-date: /home/nvidia/workspace/msgs/src/install/art_interface_msg/include/art_interface_msg/art_interface_msg/msg/detail
-- Up-to-date: /home/nvidia/workspace/msgs/src/install/art_interface_msg/include/art_interface_msg/art_interface_msg/msg/detail/art_life_signal__type_support.cpp
-- Up-to-date: /home/nvidia/workspace/msgs/src/install/art_interface_msg/include/art_interface_msg/art_interface_msg/msg/detail/control_command__rosidl_typesupport_introspection_cpp.hpp
-- Up-to-date: /home/nvidia/workspace/msgs/src/install/art_interface_msg/include/art_interface_msg/art_interface_msg/msg/detail/art_status__rosidl_typesupport_introspection_cpp.hpp
-- Up-to-date: /home/nvidia/workspace/msgs/src/install/art_interface_msg/include/art_interface_msg/art_interface_msg/msg/detail/art_status__type_support.cpp
-- Up-to-date: /home/nvidia/workspace/msgs/src/install/art_interface_msg/include/art_interface_msg/art_interface_msg/msg/detail/art_life_signal__rosidl_typesupport_introspection_cpp.hpp
-- Up-to-date: /home/nvidia/workspace/msgs/src/install/art_interface_msg/include/art_interface_msg/art_interface_msg/msg/detail/control_command__type_support.cpp
-- Up-to-date: /home/nvidia/workspace/msgs/src/install/art_interface_msg/lib/libart_interface_msg__rosidl_typesupport_introspection_cpp.so
-- Up-to-date: /home/nvidia/workspace/msgs/src/install/art_interface_msg/lib/libart_interface_msg__rosidl_typesupport_cpp.so
-- Up-to-date: /home/nvidia/workspace/msgs/src/install/art_interface_msg/share/art_interface_msg/environment/pythonpath.sh
-- Up-to-date: /home/nvidia/workspace/msgs/src/install/art_interface_msg/share/art_interface_msg/environment/pythonpath.dsv
-- Up-to-date: /home/nvidia/workspace/msgs/src/install/art_interface_msg/lib/python3.9/site-packages/art_interface_msg-0.0.0-py3.9.egg-info
-- Installing: /home/nvidia/workspace/msgs/src/install/art_interface_msg/lib/python3.9/site-packages/art_interface_msg-0.0.0-py3.9.egg-info/dependency_links.txt
-- Installing: /home/nvidia/workspace/msgs/src/install/art_interface_msg/lib/python3.9/site-packages/art_interface_msg-0.0.0-py3.9.egg-info/top_level.txt
-- Installing: /home/nvidia/workspace/msgs/src/install/art_interface_msg/lib/python3.9/site-packages/art_interface_msg-0.0.0-py3.9.egg-info/PKG-INFO
-- Installing: /home/nvidia/workspace/msgs/src/install/art_interface_msg/lib/python3.9/site-packages/art_interface_msg-0.0.0-py3.9.egg-info/SOURCES.txt
-- Up-to-date: /home/nvidia/workspace/msgs/src/install/art_interface_msg/lib/python3.9/site-packages/art_interface_msg
-- Up-to-date: /home/nvidia/workspace/msgs/src/install/art_interface_msg/lib/python3.9/site-packages/art_interface_msg/__init__.py
-- Up-to-date: /home/nvidia/workspace/msgs/src/install/art_interface_msg/lib/python3.9/site-packages/art_interface_msg/art_interface_msg_s__rosidl_typesupport_introspection_c.cpython-38-aarch64-linux-gnu.so
-- Up-to-date: /home/nvidia/workspace/msgs/src/install/art_interface_msg/lib/python3.9/site-packages/art_interface_msg/libart_interface_msg__rosidl_generator_py.so
-- Up-to-date: /home/nvidia/workspace/msgs/src/install/art_interface_msg/lib/python3.9/site-packages/art_interface_msg/art_interface_msg_s__rosidl_typesupport_c.cpython-38-aarch64-linux-gnu.so
-- Up-to-date: /home/nvidia/workspace/msgs/src/install/art_interface_msg/lib/python3.9/site-packages/art_interface_msg/art_interface_msg_s__rosidl_typesupport_fastrtps_c.cpython-38-aarch64-linux-gnu.so
-- Up-to-date: /home/nvidia/workspace/msgs/src/install/art_interface_msg/lib/python3.9/site-packages/art_interface_msg/_art_interface_msg_s.ep.rosidl_typesupport_c.c
-- Up-to-date: /home/nvidia/workspace/msgs/src/install/art_interface_msg/lib/python3.9/site-packages/art_interface_msg/msg
-- Up-to-date: /home/nvidia/workspace/msgs/src/install/art_interface_msg/lib/python3.9/site-packages/art_interface_msg/msg/__init__.py
-- Up-to-date: /home/nvidia/workspace/msgs/src/install/art_interface_msg/lib/python3.9/site-packages/art_interface_msg/msg/_art_status.py
-- Up-to-date: /home/nvidia/workspace/msgs/src/install/art_interface_msg/lib/python3.9/site-packages/art_interface_msg/msg/_art_status_s.c
-- Up-to-date: /home/nvidia/workspace/msgs/src/install/art_interface_msg/lib/python3.9/site-packages/art_interface_msg/msg/_control_command_s.c
-- Up-to-date: /home/nvidia/workspace/msgs/src/install/art_interface_msg/lib/python3.9/site-packages/art_interface_msg/msg/_art_life_signal_s.c
-- Up-to-date: /home/nvidia/workspace/msgs/src/install/art_interface_msg/lib/python3.9/site-packages/art_interface_msg/msg/_control_command.py
-- Up-to-date: /home/nvidia/workspace/msgs/src/install/art_interface_msg/lib/python3.9/site-packages/art_interface_msg/msg/_art_life_signal.py
-- Up-to-date: /home/nvidia/workspace/msgs/src/install/art_interface_msg/lib/python3.9/site-packages/art_interface_msg/_art_interface_msg_s.ep.rosidl_typesupport_fastrtps_c.c
-- Up-to-date: /home/nvidia/workspace/msgs/src/install/art_interface_msg/lib/python3.9/site-packages/art_interface_msg/_art_interface_msg_s.ep.rosidl_typesupport_introspection_c.c
Listing '/home/nvidia/workspace/msgs/src/install/art_interface_msg/lib/python3.9/site-packages/art_interface_msg'...
Listing '/home/nvidia/workspace/msgs/src/install/art_interface_msg/lib/python3.9/site-packages/art_interface_msg/msg'...
-- Up-to-date: /home/nvidia/workspace/msgs/src/install/art_interface_msg/lib/python3.9/site-packages/art_interface_msg/art_interface_msg_s__rosidl_typesupport_fastrtps_c.cpython-38-aarch64-linux-gnu.so
-- Up-to-date: /home/nvidia/workspace/msgs/src/install/art_interface_msg/lib/python3.9/site-packages/art_interface_msg/art_interface_msg_s__rosidl_typesupport_introspection_c.cpython-38-aarch64-linux-gnu.so
-- Up-to-date: /home/nvidia/workspace/msgs/src/install/art_interface_msg/lib/python3.9/site-packages/art_interface_msg/art_interface_msg_s__rosidl_typesupport_c.cpython-38-aarch64-linux-gnu.so
-- Up-to-date: /home/nvidia/workspace/msgs/src/install/art_interface_msg/lib/libart_interface_msg__rosidl_generator_py.so
-- Up-to-date: /home/nvidia/workspace/msgs/src/install/art_interface_msg/share/art_interface_msg/msg/ControlCommand.idl
-- Up-to-date: /home/nvidia/workspace/msgs/src/install/art_interface_msg/share/art_interface_msg/msg/ArtStatus.idl
-- Up-to-date: /home/nvidia/workspace/msgs/src/install/art_interface_msg/share/art_interface_msg/msg/ArtLifeSignal.idl
-- Up-to-date: /home/nvidia/workspace/msgs/src/install/art_interface_msg/share/art_interface_msg/msg/ControlCommand.msg
-- Up-to-date: /home/nvidia/workspace/msgs/src/install/art_interface_msg/share/art_interface_msg/msg/ArtStatus.msg
-- Up-to-date: /home/nvidia/workspace/msgs/src/install/art_interface_msg/share/art_interface_msg/msg/ArtLifeSignal.msg
-- Up-to-date: /home/nvidia/workspace/msgs/src/install/art_interface_msg/share/ament_index/resource_index/package_run_dependencies/art_interface_msg
-- Up-to-date: /home/nvidia/workspace/msgs/src/install/art_interface_msg/share/ament_index/resource_index/parent_prefix_path/art_interface_msg
-- Up-to-date: /home/nvidia/workspace/msgs/src/install/art_interface_msg/share/art_interface_msg/environment/ament_prefix_path.sh
-- Up-to-date: /home/nvidia/workspace/msgs/src/install/art_interface_msg/share/art_interface_msg/environment/ament_prefix_path.dsv
-- Up-to-date: /home/nvidia/workspace/msgs/src/install/art_interface_msg/share/art_interface_msg/environment/path.sh
-- Up-to-date: /home/nvidia/workspace/msgs/src/install/art_interface_msg/share/art_interface_msg/environment/path.dsv
-- Up-to-date: /home/nvidia/workspace/msgs/src/install/art_interface_msg/share/art_interface_msg/local_setup.bash
-- Up-to-date: /home/nvidia/workspace/msgs/src/install/art_interface_msg/share/art_interface_msg/local_setup.sh
-- Up-to-date: /home/nvidia/workspace/msgs/src/install/art_interface_msg/share/art_interface_msg/local_setup.zsh
-- Up-to-date: /home/nvidia/workspace/msgs/src/install/art_interface_msg/share/art_interface_msg/local_setup.dsv
-- Installing: /home/nvidia/workspace/msgs/src/install/art_interface_msg/share/art_interface_msg/package.dsv
-- Up-to-date: /home/nvidia/workspace/msgs/src/install/art_interface_msg/share/ament_index/resource_index/packages/art_interface_msg
-- Up-to-date: /home/nvidia/workspace/msgs/src/install/art_interface_msg/share/art_interface_msg/cmake/export_art_interface_msg__rosidl_generator_cExport.cmake
-- Up-to-date: /home/nvidia/workspace/msgs/src/install/art_interface_msg/share/art_interface_msg/cmake/export_art_interface_msg__rosidl_generator_cExport-release.cmake
-- Up-to-date: /home/nvidia/workspace/msgs/src/install/art_interface_msg/share/art_interface_msg/cmake/export_art_interface_msg__rosidl_typesupport_fastrtps_cExport.cmake
-- Up-to-date: /home/nvidia/workspace/msgs/src/install/art_interface_msg/share/art_interface_msg/cmake/export_art_interface_msg__rosidl_typesupport_fastrtps_cExport-release.cmake
-- Up-to-date: /home/nvidia/workspace/msgs/src/install/art_interface_msg/share/art_interface_msg/cmake/art_interface_msg__rosidl_typesupport_introspection_cExport.cmake
-- Up-to-date: /home/nvidia/workspace/msgs/src/install/art_interface_msg/share/art_interface_msg/cmake/art_interface_msg__rosidl_typesupport_introspection_cExport-release.cmake
-- Up-to-date: /home/nvidia/workspace/msgs/src/install/art_interface_msg/share/art_interface_msg/cmake/art_interface_msg__rosidl_typesupport_cExport.cmake
-- Up-to-date: /home/nvidia/workspace/msgs/src/install/art_interface_msg/share/art_interface_msg/cmake/art_interface_msg__rosidl_typesupport_cExport-release.cmake
-- Up-to-date: /home/nvidia/workspace/msgs/src/install/art_interface_msg/share/art_interface_msg/cmake/export_art_interface_msg__rosidl_generator_cppExport.cmake
-- Up-to-date: /home/nvidia/workspace/msgs/src/install/art_interface_msg/share/art_interface_msg/cmake/export_art_interface_msg__rosidl_typesupport_fastrtps_cppExport.cmake
-- Up-to-date: /home/nvidia/workspace/msgs/src/install/art_interface_msg/share/art_interface_msg/cmake/export_art_interface_msg__rosidl_typesupport_fastrtps_cppExport-release.cmake
-- Up-to-date: /home/nvidia/workspace/msgs/src/install/art_interface_msg/share/art_interface_msg/cmake/art_interface_msg__rosidl_typesupport_introspection_cppExport.cmake
-- Up-to-date: /home/nvidia/workspace/msgs/src/install/art_interface_msg/share/art_interface_msg/cmake/art_interface_msg__rosidl_typesupport_introspection_cppExport-release.cmake
-- Up-to-date: /home/nvidia/workspace/msgs/src/install/art_interface_msg/share/art_interface_msg/cmake/art_interface_msg__rosidl_typesupport_cppExport.cmake
-- Up-to-date: /home/nvidia/workspace/msgs/src/install/art_interface_msg/share/art_interface_msg/cmake/art_interface_msg__rosidl_typesupport_cppExport-release.cmake
-- Up-to-date: /home/nvidia/workspace/msgs/src/install/art_interface_msg/share/art_interface_msg/cmake/export_art_interface_msg__rosidl_generator_pyExport.cmake
-- Up-to-date: /home/nvidia/workspace/msgs/src/install/art_interface_msg/share/art_interface_msg/cmake/export_art_interface_msg__rosidl_generator_pyExport-release.cmake
-- Up-to-date: /home/nvidia/workspace/msgs/src/install/art_interface_msg/share/art_interface_msg/cmake/rosidl_cmake-extras.cmake
-- Up-to-date: /home/nvidia/workspace/msgs/src/install/art_interface_msg/share/art_interface_msg/cmake/ament_cmake_export_include_directories-extras.cmake
-- Up-to-date: /home/nvidia/workspace/msgs/src/install/art_interface_msg/share/art_interface_msg/cmake/ament_cmake_export_libraries-extras.cmake
-- Up-to-date: /home/nvidia/workspace/msgs/src/install/art_interface_msg/share/art_interface_msg/cmake/ament_cmake_export_targets-extras.cmake
-- Up-to-date: /home/nvidia/workspace/msgs/src/install/art_interface_msg/share/art_interface_msg/cmake/rosidl_cmake_export_typesupport_targets-extras.cmake
-- Up-to-date: /home/nvidia/workspace/msgs/src/install/art_interface_msg/share/art_interface_msg/cmake/ament_cmake_export_dependencies-extras.cmake
-- Up-to-date: /home/nvidia/workspace/msgs/src/install/art_interface_msg/share/art_interface_msg/cmake/rosidl_cmake_export_typesupport_libraries-extras.cmake
-- Up-to-date: /home/nvidia/workspace/msgs/src/install/art_interface_msg/share/art_interface_msg/cmake/art_interface_msgConfig.cmake
-- Up-to-date: /home/nvidia/workspace/msgs/src/install/art_interface_msg/share/art_interface_msg/cmake/art_interface_msgConfig-version.cmake
-- Up-to-date: /home/nvidia/workspace/msgs/src/install/art_interface_msg/share/art_interface_msg/package.xml
