[0.036s] Invoking command in '/home/nvidia/workspace/msgs/src/build/art_interface_msg': CMAKE_PREFIX_PATH=/opt/ros/humble /usr/local/bin/cmake --build /home/nvidia/workspace/msgs/src/build/art_interface_msg -- -j12 -l12
[0.095s] [35m[1mConsolidate compiler generated dependencies of target art_interface_msg__rosidl_generator_c[0m
[0.101s] [  2%] Built target art_interface_msg__cpp
[0.106s] [ 12%] Built target art_interface_msg__rosidl_generator_c
[0.115s] [ 12%] Built target ament_cmake_python_copy_art_interface_msg
[0.117s] [35m[1mConsolidate compiler generated dependencies of target art_interface_msg__rosidl_typesupport_cpp[0m
[0.117s] [35m[1mConsolidate compiler generated dependencies of target art_interface_msg__rosidl_typesupport_introspection_cpp[0m
[0.117s] [35m[1mConsolidate compiler generated dependencies of target art_interface_msg__rosidl_typesupport_fastrtps_cpp[0m
[0.121s] [35m[1mConsolidate compiler generated dependencies of target art_interface_msg__rosidl_typesupport_c[0m
[0.121s] [35m[1mConsolidate compiler generated dependencies of target art_interface_msg__rosidl_typesupport_introspection_c[0m
[0.122s] [35m[1mConsolidate compiler generated dependencies of target art_interface_msg__rosidl_typesupport_fastrtps_c[0m
[0.132s] [ 42%] Built target art_interface_msg__rosidl_typesupport_introspection_c
[0.132s] [ 42%] Built target art_interface_msg__rosidl_typesupport_c
[0.133s] [ 48%] Built target art_interface_msg__rosidl_typesupport_cpp
[0.133s] [ 65%] Built target art_interface_msg__rosidl_typesupport_fastrtps_cpp
[0.133s] [ 55%] Built target art_interface_msg__rosidl_typesupport_introspection_cpp
[0.136s] [ 76%] Built target art_interface_msg__rosidl_typesupport_fastrtps_c
[0.161s] [ 76%] Built target art_interface_msg
[0.183s] [ 78%] Built target art_interface_msg__py
[0.196s] [35m[1mConsolidate compiler generated dependencies of target art_interface_msg__rosidl_generator_py[0m
[0.210s] [ 87%] Built target art_interface_msg__rosidl_generator_py
[0.229s] [35m[1mConsolidate compiler generated dependencies of target art_interface_msg__rosidl_typesupport_introspection_c__pyext[0m
[0.230s] [35m[1mConsolidate compiler generated dependencies of target art_interface_msg__rosidl_typesupport_fastrtps_c__pyext[0m
[0.230s] [35m[1mConsolidate compiler generated dependencies of target art_interface_msg__rosidl_typesupport_c__pyext[0m
[0.243s] [ 95%] Built target art_interface_msg__rosidl_typesupport_fastrtps_c__pyext
[0.243s] [ 95%] Built target art_interface_msg__rosidl_typesupport_introspection_c__pyext
[0.243s] [100%] Built target art_interface_msg__rosidl_typesupport_c__pyext
[0.628s] running egg_info
[0.629s] writing art_interface_msg.egg-info/PKG-INFO
[0.629s] writing dependency_links to art_interface_msg.egg-info/dependency_links.txt
[0.630s] writing top-level names to art_interface_msg.egg-info/top_level.txt
[0.705s] reading manifest file 'art_interface_msg.egg-info/SOURCES.txt'
[0.714s] writing manifest file 'art_interface_msg.egg-info/SOURCES.txt'
[0.774s] [100%] Built target ament_cmake_python_build_art_interface_msg_egg
[0.786s] Invoked command in '/home/nvidia/workspace/msgs/src/build/art_interface_msg' returned '0': CMAKE_PREFIX_PATH=/opt/ros/humble /usr/local/bin/cmake --build /home/nvidia/workspace/msgs/src/build/art_interface_msg -- -j12 -l12
[0.814s] Invoking command in '/home/nvidia/workspace/msgs/src/build/art_interface_msg': CMAKE_PREFIX_PATH=/opt/ros/humble /usr/local/bin/cmake --install /home/nvidia/workspace/msgs/src/build/art_interface_msg
[0.829s] -- Install configuration: "Release"
[0.830s] -- Up-to-date: /home/nvidia/workspace/msgs/src/install/art_interface_msg/share/ament_index/resource_index/rosidl_interfaces/art_interface_msg
[0.831s] -- Up-to-date: /home/nvidia/workspace/msgs/src/install/art_interface_msg/include/art_interface_msg/art_interface_msg
[0.831s] -- Up-to-date: /home/nvidia/workspace/msgs/src/install/art_interface_msg/include/art_interface_msg/art_interface_msg/msg
[0.832s] -- Up-to-date: /home/nvidia/workspace/msgs/src/install/art_interface_msg/include/art_interface_msg/art_interface_msg/msg/rosidl_generator_c__visibility_control.h
[0.832s] -- Up-to-date: /home/nvidia/workspace/msgs/src/install/art_interface_msg/include/art_interface_msg/art_interface_msg/msg/art_life_signal.h
[0.832s] -- Up-to-date: /home/nvidia/workspace/msgs/src/install/art_interface_msg/include/art_interface_msg/art_interface_msg/msg/control_command.h
[0.832s] -- Up-to-date: /home/nvidia/workspace/msgs/src/install/art_interface_msg/include/art_interface_msg/art_interface_msg/msg/detail
[0.832s] -- Up-to-date: /home/nvidia/workspace/msgs/src/install/art_interface_msg/include/art_interface_msg/art_interface_msg/msg/detail/art_life_signal__struct.h
[0.832s] -- Up-to-date: /home/nvidia/workspace/msgs/src/install/art_interface_msg/include/art_interface_msg/art_interface_msg/msg/detail/art_life_signal__functions.c
[0.833s] -- Up-to-date: /home/nvidia/workspace/msgs/src/install/art_interface_msg/include/art_interface_msg/art_interface_msg/msg/detail/control_command__functions.h
[0.833s] -- Up-to-date: /home/nvidia/workspace/msgs/src/install/art_interface_msg/include/art_interface_msg/art_interface_msg/msg/detail/art_status__struct.h
[0.833s] -- Up-to-date: /home/nvidia/workspace/msgs/src/install/art_interface_msg/include/art_interface_msg/art_interface_msg/msg/detail/art_life_signal__functions.h
[0.833s] -- Up-to-date: /home/nvidia/workspace/msgs/src/install/art_interface_msg/include/art_interface_msg/art_interface_msg/msg/detail/art_life_signal__type_support.h
[0.833s] -- Up-to-date: /home/nvidia/workspace/msgs/src/install/art_interface_msg/include/art_interface_msg/art_interface_msg/msg/detail/control_command__functions.c
[0.833s] -- Up-to-date: /home/nvidia/workspace/msgs/src/install/art_interface_msg/include/art_interface_msg/art_interface_msg/msg/detail/art_status__functions.h
[0.833s] -- Up-to-date: /home/nvidia/workspace/msgs/src/install/art_interface_msg/include/art_interface_msg/art_interface_msg/msg/detail/control_command__struct.h
[0.833s] -- Up-to-date: /home/nvidia/workspace/msgs/src/install/art_interface_msg/include/art_interface_msg/art_interface_msg/msg/detail/art_status__functions.c
[0.833s] -- Up-to-date: /home/nvidia/workspace/msgs/src/install/art_interface_msg/include/art_interface_msg/art_interface_msg/msg/detail/art_status__type_support.h
[0.834s] -- Up-to-date: /home/nvidia/workspace/msgs/src/install/art_interface_msg/include/art_interface_msg/art_interface_msg/msg/detail/control_command__type_support.h
[0.834s] -- Up-to-date: /home/nvidia/workspace/msgs/src/install/art_interface_msg/include/art_interface_msg/art_interface_msg/msg/art_status.h
[0.834s] -- Up-to-date: /home/nvidia/workspace/msgs/src/install/art_interface_msg/share/art_interface_msg/environment/library_path.sh
[0.834s] -- Up-to-date: /home/nvidia/workspace/msgs/src/install/art_interface_msg/share/art_interface_msg/environment/library_path.dsv
[0.835s] -- Up-to-date: /home/nvidia/workspace/msgs/src/install/art_interface_msg/lib/libart_interface_msg__rosidl_generator_c.so
[0.835s] -- Up-to-date: /home/nvidia/workspace/msgs/src/install/art_interface_msg/include/art_interface_msg/art_interface_msg
[0.835s] -- Up-to-date: /home/nvidia/workspace/msgs/src/install/art_interface_msg/include/art_interface_msg/art_interface_msg/msg
[0.835s] -- Up-to-date: /home/nvidia/workspace/msgs/src/install/art_interface_msg/include/art_interface_msg/art_interface_msg/msg/detail
[0.835s] -- Up-to-date: /home/nvidia/workspace/msgs/src/install/art_interface_msg/include/art_interface_msg/art_interface_msg/msg/detail/art_life_signal__rosidl_typesupport_fastrtps_c.h
[0.835s] -- Up-to-date: /home/nvidia/workspace/msgs/src/install/art_interface_msg/include/art_interface_msg/art_interface_msg/msg/detail/control_command__rosidl_typesupport_fastrtps_c.h
[0.835s] -- Up-to-date: /home/nvidia/workspace/msgs/src/install/art_interface_msg/include/art_interface_msg/art_interface_msg/msg/detail/art_status__rosidl_typesupport_fastrtps_c.h
[0.835s] -- Up-to-date: /home/nvidia/workspace/msgs/src/install/art_interface_msg/include/art_interface_msg/art_interface_msg/msg/rosidl_typesupport_fastrtps_c__visibility_control.h
[0.836s] -- Up-to-date: /home/nvidia/workspace/msgs/src/install/art_interface_msg/lib/libart_interface_msg__rosidl_typesupport_fastrtps_c.so
[0.836s] -- Up-to-date: /home/nvidia/workspace/msgs/src/install/art_interface_msg/include/art_interface_msg/art_interface_msg
[0.836s] -- Up-to-date: /home/nvidia/workspace/msgs/src/install/art_interface_msg/include/art_interface_msg/art_interface_msg/msg
[0.836s] -- Up-to-date: /home/nvidia/workspace/msgs/src/install/art_interface_msg/include/art_interface_msg/art_interface_msg/msg/rosidl_typesupport_introspection_c__visibility_control.h
[0.836s] -- Up-to-date: /home/nvidia/workspace/msgs/src/install/art_interface_msg/include/art_interface_msg/art_interface_msg/msg/detail
[0.836s] -- Up-to-date: /home/nvidia/workspace/msgs/src/install/art_interface_msg/include/art_interface_msg/art_interface_msg/msg/detail/art_status__rosidl_typesupport_introspection_c.h
[0.836s] -- Up-to-date: /home/nvidia/workspace/msgs/src/install/art_interface_msg/include/art_interface_msg/art_interface_msg/msg/detail/art_life_signal__type_support.c
[0.837s] -- Up-to-date: /home/nvidia/workspace/msgs/src/install/art_interface_msg/include/art_interface_msg/art_interface_msg/msg/detail/art_life_signal__rosidl_typesupport_introspection_c.h
[0.837s] -- Up-to-date: /home/nvidia/workspace/msgs/src/install/art_interface_msg/include/art_interface_msg/art_interface_msg/msg/detail/art_status__type_support.c
[0.837s] -- Up-to-date: /home/nvidia/workspace/msgs/src/install/art_interface_msg/include/art_interface_msg/art_interface_msg/msg/detail/control_command__type_support.c
[0.837s] -- Up-to-date: /home/nvidia/workspace/msgs/src/install/art_interface_msg/include/art_interface_msg/art_interface_msg/msg/detail/control_command__rosidl_typesupport_introspection_c.h
[0.837s] -- Up-to-date: /home/nvidia/workspace/msgs/src/install/art_interface_msg/lib/libart_interface_msg__rosidl_typesupport_introspection_c.so
[0.837s] -- Up-to-date: /home/nvidia/workspace/msgs/src/install/art_interface_msg/lib/libart_interface_msg__rosidl_typesupport_c.so
[0.838s] -- Up-to-date: /home/nvidia/workspace/msgs/src/install/art_interface_msg/include/art_interface_msg/art_interface_msg
[0.838s] -- Up-to-date: /home/nvidia/workspace/msgs/src/install/art_interface_msg/include/art_interface_msg/art_interface_msg/msg
[0.838s] -- Up-to-date: /home/nvidia/workspace/msgs/src/install/art_interface_msg/include/art_interface_msg/art_interface_msg/msg/art_status.hpp
[0.839s] -- Up-to-date: /home/nvidia/workspace/msgs/src/install/art_interface_msg/include/art_interface_msg/art_interface_msg/msg/control_command.hpp
[0.839s] -- Up-to-date: /home/nvidia/workspace/msgs/src/install/art_interface_msg/include/art_interface_msg/art_interface_msg/msg/detail
[0.839s] -- Up-to-date: /home/nvidia/workspace/msgs/src/install/art_interface_msg/include/art_interface_msg/art_interface_msg/msg/detail/art_status__builder.hpp
[0.839s] -- Up-to-date: /home/nvidia/workspace/msgs/src/install/art_interface_msg/include/art_interface_msg/art_interface_msg/msg/detail/art_status__traits.hpp
[0.839s] -- Up-to-date: /home/nvidia/workspace/msgs/src/install/art_interface_msg/include/art_interface_msg/art_interface_msg/msg/detail/art_status__struct.hpp
[0.839s] -- Up-to-date: /home/nvidia/workspace/msgs/src/install/art_interface_msg/include/art_interface_msg/art_interface_msg/msg/detail/control_command__builder.hpp
[0.839s] -- Up-to-date: /home/nvidia/workspace/msgs/src/install/art_interface_msg/include/art_interface_msg/art_interface_msg/msg/detail/art_life_signal__traits.hpp
[0.839s] -- Up-to-date: /home/nvidia/workspace/msgs/src/install/art_interface_msg/include/art_interface_msg/art_interface_msg/msg/detail/art_life_signal__builder.hpp
[0.839s] -- Up-to-date: /home/nvidia/workspace/msgs/src/install/art_interface_msg/include/art_interface_msg/art_interface_msg/msg/detail/control_command__struct.hpp
[0.840s] -- Up-to-date: /home/nvidia/workspace/msgs/src/install/art_interface_msg/include/art_interface_msg/art_interface_msg/msg/detail/art_life_signal__struct.hpp
[0.840s] -- Up-to-date: /home/nvidia/workspace/msgs/src/install/art_interface_msg/include/art_interface_msg/art_interface_msg/msg/detail/control_command__traits.hpp
[0.840s] -- Up-to-date: /home/nvidia/workspace/msgs/src/install/art_interface_msg/include/art_interface_msg/art_interface_msg/msg/art_life_signal.hpp
[0.840s] -- Up-to-date: /home/nvidia/workspace/msgs/src/install/art_interface_msg/include/art_interface_msg/art_interface_msg
[0.840s] -- Up-to-date: /home/nvidia/workspace/msgs/src/install/art_interface_msg/include/art_interface_msg/art_interface_msg/msg
[0.840s] -- Up-to-date: /home/nvidia/workspace/msgs/src/install/art_interface_msg/include/art_interface_msg/art_interface_msg/msg/rosidl_typesupport_fastrtps_cpp__visibility_control.h
[0.840s] -- Up-to-date: /home/nvidia/workspace/msgs/src/install/art_interface_msg/include/art_interface_msg/art_interface_msg/msg/detail
[0.840s] -- Up-to-date: /home/nvidia/workspace/msgs/src/install/art_interface_msg/include/art_interface_msg/art_interface_msg/msg/detail/dds_fastrtps
[0.841s] -- Up-to-date: /home/nvidia/workspace/msgs/src/install/art_interface_msg/include/art_interface_msg/art_interface_msg/msg/detail/art_life_signal__rosidl_typesupport_fastrtps_cpp.hpp
[0.841s] -- Up-to-date: /home/nvidia/workspace/msgs/src/install/art_interface_msg/include/art_interface_msg/art_interface_msg/msg/detail/control_command__rosidl_typesupport_fastrtps_cpp.hpp
[0.841s] -- Up-to-date: /home/nvidia/workspace/msgs/src/install/art_interface_msg/include/art_interface_msg/art_interface_msg/msg/detail/art_status__rosidl_typesupport_fastrtps_cpp.hpp
[0.841s] -- Up-to-date: /home/nvidia/workspace/msgs/src/install/art_interface_msg/lib/libart_interface_msg__rosidl_typesupport_fastrtps_cpp.so
[0.841s] -- Up-to-date: /home/nvidia/workspace/msgs/src/install/art_interface_msg/include/art_interface_msg/art_interface_msg
[0.841s] -- Up-to-date: /home/nvidia/workspace/msgs/src/install/art_interface_msg/include/art_interface_msg/art_interface_msg/msg
[0.841s] -- Up-to-date: /home/nvidia/workspace/msgs/src/install/art_interface_msg/include/art_interface_msg/art_interface_msg/msg/detail
[0.841s] -- Up-to-date: /home/nvidia/workspace/msgs/src/install/art_interface_msg/include/art_interface_msg/art_interface_msg/msg/detail/art_life_signal__type_support.cpp
[0.841s] -- Up-to-date: /home/nvidia/workspace/msgs/src/install/art_interface_msg/include/art_interface_msg/art_interface_msg/msg/detail/control_command__rosidl_typesupport_introspection_cpp.hpp
[0.841s] -- Up-to-date: /home/nvidia/workspace/msgs/src/install/art_interface_msg/include/art_interface_msg/art_interface_msg/msg/detail/art_status__rosidl_typesupport_introspection_cpp.hpp
[0.842s] -- Up-to-date: /home/nvidia/workspace/msgs/src/install/art_interface_msg/include/art_interface_msg/art_interface_msg/msg/detail/art_status__type_support.cpp
[0.842s] -- Up-to-date: /home/nvidia/workspace/msgs/src/install/art_interface_msg/include/art_interface_msg/art_interface_msg/msg/detail/art_life_signal__rosidl_typesupport_introspection_cpp.hpp
[0.842s] -- Up-to-date: /home/nvidia/workspace/msgs/src/install/art_interface_msg/include/art_interface_msg/art_interface_msg/msg/detail/control_command__type_support.cpp
[0.842s] -- Up-to-date: /home/nvidia/workspace/msgs/src/install/art_interface_msg/lib/libart_interface_msg__rosidl_typesupport_introspection_cpp.so
[0.842s] -- Up-to-date: /home/nvidia/workspace/msgs/src/install/art_interface_msg/lib/libart_interface_msg__rosidl_typesupport_cpp.so
[0.842s] -- Up-to-date: /home/nvidia/workspace/msgs/src/install/art_interface_msg/share/art_interface_msg/environment/pythonpath.sh
[0.842s] -- Up-to-date: /home/nvidia/workspace/msgs/src/install/art_interface_msg/share/art_interface_msg/environment/pythonpath.dsv
[0.842s] -- Up-to-date: /home/nvidia/workspace/msgs/src/install/art_interface_msg/lib/python3.9/site-packages/art_interface_msg-0.0.0-py3.9.egg-info
[0.842s] -- Installing: /home/nvidia/workspace/msgs/src/install/art_interface_msg/lib/python3.9/site-packages/art_interface_msg-0.0.0-py3.9.egg-info/dependency_links.txt
[0.843s] -- Installing: /home/nvidia/workspace/msgs/src/install/art_interface_msg/lib/python3.9/site-packages/art_interface_msg-0.0.0-py3.9.egg-info/top_level.txt
[0.843s] -- Installing: /home/nvidia/workspace/msgs/src/install/art_interface_msg/lib/python3.9/site-packages/art_interface_msg-0.0.0-py3.9.egg-info/PKG-INFO
[0.843s] -- Installing: /home/nvidia/workspace/msgs/src/install/art_interface_msg/lib/python3.9/site-packages/art_interface_msg-0.0.0-py3.9.egg-info/SOURCES.txt
[0.843s] -- Up-to-date: /home/nvidia/workspace/msgs/src/install/art_interface_msg/lib/python3.9/site-packages/art_interface_msg
[0.844s] -- Up-to-date: /home/nvidia/workspace/msgs/src/install/art_interface_msg/lib/python3.9/site-packages/art_interface_msg/__init__.py
[0.844s] -- Up-to-date: /home/nvidia/workspace/msgs/src/install/art_interface_msg/lib/python3.9/site-packages/art_interface_msg/art_interface_msg_s__rosidl_typesupport_introspection_c.cpython-38-aarch64-linux-gnu.so
[0.844s] -- Up-to-date: /home/nvidia/workspace/msgs/src/install/art_interface_msg/lib/python3.9/site-packages/art_interface_msg/libart_interface_msg__rosidl_generator_py.so
[0.844s] -- Up-to-date: /home/nvidia/workspace/msgs/src/install/art_interface_msg/lib/python3.9/site-packages/art_interface_msg/art_interface_msg_s__rosidl_typesupport_c.cpython-38-aarch64-linux-gnu.so
[0.844s] -- Up-to-date: /home/nvidia/workspace/msgs/src/install/art_interface_msg/lib/python3.9/site-packages/art_interface_msg/art_interface_msg_s__rosidl_typesupport_fastrtps_c.cpython-38-aarch64-linux-gnu.so
[0.844s] -- Up-to-date: /home/nvidia/workspace/msgs/src/install/art_interface_msg/lib/python3.9/site-packages/art_interface_msg/_art_interface_msg_s.ep.rosidl_typesupport_c.c
[0.844s] -- Up-to-date: /home/nvidia/workspace/msgs/src/install/art_interface_msg/lib/python3.9/site-packages/art_interface_msg/msg
[0.845s] -- Up-to-date: /home/nvidia/workspace/msgs/src/install/art_interface_msg/lib/python3.9/site-packages/art_interface_msg/msg/__init__.py
[0.845s] -- Up-to-date: /home/nvidia/workspace/msgs/src/install/art_interface_msg/lib/python3.9/site-packages/art_interface_msg/msg/_art_status.py
[0.845s] -- Up-to-date: /home/nvidia/workspace/msgs/src/install/art_interface_msg/lib/python3.9/site-packages/art_interface_msg/msg/_art_status_s.c
[0.845s] -- Up-to-date: /home/nvidia/workspace/msgs/src/install/art_interface_msg/lib/python3.9/site-packages/art_interface_msg/msg/_control_command_s.c
[0.845s] -- Up-to-date: /home/nvidia/workspace/msgs/src/install/art_interface_msg/lib/python3.9/site-packages/art_interface_msg/msg/_art_life_signal_s.c
[0.845s] -- Up-to-date: /home/nvidia/workspace/msgs/src/install/art_interface_msg/lib/python3.9/site-packages/art_interface_msg/msg/_control_command.py
[0.845s] -- Up-to-date: /home/nvidia/workspace/msgs/src/install/art_interface_msg/lib/python3.9/site-packages/art_interface_msg/msg/_art_life_signal.py
[0.845s] -- Up-to-date: /home/nvidia/workspace/msgs/src/install/art_interface_msg/lib/python3.9/site-packages/art_interface_msg/_art_interface_msg_s.ep.rosidl_typesupport_fastrtps_c.c
[0.845s] -- Up-to-date: /home/nvidia/workspace/msgs/src/install/art_interface_msg/lib/python3.9/site-packages/art_interface_msg/_art_interface_msg_s.ep.rosidl_typesupport_introspection_c.c
[0.909s] Listing '/home/nvidia/workspace/msgs/src/install/art_interface_msg/lib/python3.9/site-packages/art_interface_msg'...
[0.909s] Listing '/home/nvidia/workspace/msgs/src/install/art_interface_msg/lib/python3.9/site-packages/art_interface_msg/msg'...
[0.921s] -- Up-to-date: /home/nvidia/workspace/msgs/src/install/art_interface_msg/lib/python3.9/site-packages/art_interface_msg/art_interface_msg_s__rosidl_typesupport_fastrtps_c.cpython-38-aarch64-linux-gnu.so
[0.922s] -- Up-to-date: /home/nvidia/workspace/msgs/src/install/art_interface_msg/lib/python3.9/site-packages/art_interface_msg/art_interface_msg_s__rosidl_typesupport_introspection_c.cpython-38-aarch64-linux-gnu.so
[0.923s] -- Up-to-date: /home/nvidia/workspace/msgs/src/install/art_interface_msg/lib/python3.9/site-packages/art_interface_msg/art_interface_msg_s__rosidl_typesupport_c.cpython-38-aarch64-linux-gnu.so
[0.924s] -- Up-to-date: /home/nvidia/workspace/msgs/src/install/art_interface_msg/lib/libart_interface_msg__rosidl_generator_py.so
[0.925s] -- Up-to-date: /home/nvidia/workspace/msgs/src/install/art_interface_msg/share/art_interface_msg/msg/ControlCommand.idl
[0.925s] -- Up-to-date: /home/nvidia/workspace/msgs/src/install/art_interface_msg/share/art_interface_msg/msg/ArtStatus.idl
[0.925s] -- Up-to-date: /home/nvidia/workspace/msgs/src/install/art_interface_msg/share/art_interface_msg/msg/ArtLifeSignal.idl
[0.925s] -- Up-to-date: /home/nvidia/workspace/msgs/src/install/art_interface_msg/share/art_interface_msg/msg/ControlCommand.msg
[0.926s] -- Up-to-date: /home/nvidia/workspace/msgs/src/install/art_interface_msg/share/art_interface_msg/msg/ArtStatus.msg
[0.926s] -- Up-to-date: /home/nvidia/workspace/msgs/src/install/art_interface_msg/share/art_interface_msg/msg/ArtLifeSignal.msg
[0.926s] -- Up-to-date: /home/nvidia/workspace/msgs/src/install/art_interface_msg/share/ament_index/resource_index/package_run_dependencies/art_interface_msg
[0.926s] -- Up-to-date: /home/nvidia/workspace/msgs/src/install/art_interface_msg/share/ament_index/resource_index/parent_prefix_path/art_interface_msg
[0.927s] -- Up-to-date: /home/nvidia/workspace/msgs/src/install/art_interface_msg/share/art_interface_msg/environment/ament_prefix_path.sh
[0.927s] -- Up-to-date: /home/nvidia/workspace/msgs/src/install/art_interface_msg/share/art_interface_msg/environment/ament_prefix_path.dsv
[0.927s] -- Up-to-date: /home/nvidia/workspace/msgs/src/install/art_interface_msg/share/art_interface_msg/environment/path.sh
[0.927s] -- Up-to-date: /home/nvidia/workspace/msgs/src/install/art_interface_msg/share/art_interface_msg/environment/path.dsv
[0.928s] -- Up-to-date: /home/nvidia/workspace/msgs/src/install/art_interface_msg/share/art_interface_msg/local_setup.bash
[0.928s] -- Up-to-date: /home/nvidia/workspace/msgs/src/install/art_interface_msg/share/art_interface_msg/local_setup.sh
[0.928s] -- Up-to-date: /home/nvidia/workspace/msgs/src/install/art_interface_msg/share/art_interface_msg/local_setup.zsh
[0.928s] -- Up-to-date: /home/nvidia/workspace/msgs/src/install/art_interface_msg/share/art_interface_msg/local_setup.dsv
[0.928s] -- Installing: /home/nvidia/workspace/msgs/src/install/art_interface_msg/share/art_interface_msg/package.dsv
[0.928s] -- Up-to-date: /home/nvidia/workspace/msgs/src/install/art_interface_msg/share/ament_index/resource_index/packages/art_interface_msg
[0.931s] -- Up-to-date: /home/nvidia/workspace/msgs/src/install/art_interface_msg/share/art_interface_msg/cmake/export_art_interface_msg__rosidl_generator_cExport.cmake
[0.931s] -- Up-to-date: /home/nvidia/workspace/msgs/src/install/art_interface_msg/share/art_interface_msg/cmake/export_art_interface_msg__rosidl_generator_cExport-release.cmake
[0.932s] -- Up-to-date: /home/nvidia/workspace/msgs/src/install/art_interface_msg/share/art_interface_msg/cmake/export_art_interface_msg__rosidl_typesupport_fastrtps_cExport.cmake
[0.932s] -- Up-to-date: /home/nvidia/workspace/msgs/src/install/art_interface_msg/share/art_interface_msg/cmake/export_art_interface_msg__rosidl_typesupport_fastrtps_cExport-release.cmake
[0.933s] -- Up-to-date: /home/nvidia/workspace/msgs/src/install/art_interface_msg/share/art_interface_msg/cmake/art_interface_msg__rosidl_typesupport_introspection_cExport.cmake
[0.933s] -- Up-to-date: /home/nvidia/workspace/msgs/src/install/art_interface_msg/share/art_interface_msg/cmake/art_interface_msg__rosidl_typesupport_introspection_cExport-release.cmake
[0.933s] -- Up-to-date: /home/nvidia/workspace/msgs/src/install/art_interface_msg/share/art_interface_msg/cmake/art_interface_msg__rosidl_typesupport_cExport.cmake
[0.934s] -- Up-to-date: /home/nvidia/workspace/msgs/src/install/art_interface_msg/share/art_interface_msg/cmake/art_interface_msg__rosidl_typesupport_cExport-release.cmake
[0.934s] -- Up-to-date: /home/nvidia/workspace/msgs/src/install/art_interface_msg/share/art_interface_msg/cmake/export_art_interface_msg__rosidl_generator_cppExport.cmake
[0.935s] -- Up-to-date: /home/nvidia/workspace/msgs/src/install/art_interface_msg/share/art_interface_msg/cmake/export_art_interface_msg__rosidl_typesupport_fastrtps_cppExport.cmake
[0.936s] -- Up-to-date: /home/nvidia/workspace/msgs/src/install/art_interface_msg/share/art_interface_msg/cmake/export_art_interface_msg__rosidl_typesupport_fastrtps_cppExport-release.cmake
[0.936s] -- Up-to-date: /home/nvidia/workspace/msgs/src/install/art_interface_msg/share/art_interface_msg/cmake/art_interface_msg__rosidl_typesupport_introspection_cppExport.cmake
[0.937s] -- Up-to-date: /home/nvidia/workspace/msgs/src/install/art_interface_msg/share/art_interface_msg/cmake/art_interface_msg__rosidl_typesupport_introspection_cppExport-release.cmake
[0.938s] -- Up-to-date: /home/nvidia/workspace/msgs/src/install/art_interface_msg/share/art_interface_msg/cmake/art_interface_msg__rosidl_typesupport_cppExport.cmake
[0.938s] -- Up-to-date: /home/nvidia/workspace/msgs/src/install/art_interface_msg/share/art_interface_msg/cmake/art_interface_msg__rosidl_typesupport_cppExport-release.cmake
[0.939s] -- Up-to-date: /home/nvidia/workspace/msgs/src/install/art_interface_msg/share/art_interface_msg/cmake/export_art_interface_msg__rosidl_generator_pyExport.cmake
[0.939s] -- Up-to-date: /home/nvidia/workspace/msgs/src/install/art_interface_msg/share/art_interface_msg/cmake/export_art_interface_msg__rosidl_generator_pyExport-release.cmake
[0.939s] -- Up-to-date: /home/nvidia/workspace/msgs/src/install/art_interface_msg/share/art_interface_msg/cmake/rosidl_cmake-extras.cmake
[0.939s] -- Up-to-date: /home/nvidia/workspace/msgs/src/install/art_interface_msg/share/art_interface_msg/cmake/ament_cmake_export_include_directories-extras.cmake
[0.940s] -- Up-to-date: /home/nvidia/workspace/msgs/src/install/art_interface_msg/share/art_interface_msg/cmake/ament_cmake_export_libraries-extras.cmake
[0.940s] -- Up-to-date: /home/nvidia/workspace/msgs/src/install/art_interface_msg/share/art_interface_msg/cmake/ament_cmake_export_targets-extras.cmake
[0.940s] -- Up-to-date: /home/nvidia/workspace/msgs/src/install/art_interface_msg/share/art_interface_msg/cmake/rosidl_cmake_export_typesupport_targets-extras.cmake
[0.940s] -- Up-to-date: /home/nvidia/workspace/msgs/src/install/art_interface_msg/share/art_interface_msg/cmake/ament_cmake_export_dependencies-extras.cmake
[0.940s] -- Up-to-date: /home/nvidia/workspace/msgs/src/install/art_interface_msg/share/art_interface_msg/cmake/rosidl_cmake_export_typesupport_libraries-extras.cmake
[0.940s] -- Up-to-date: /home/nvidia/workspace/msgs/src/install/art_interface_msg/share/art_interface_msg/cmake/art_interface_msgConfig.cmake
[0.940s] -- Up-to-date: /home/nvidia/workspace/msgs/src/install/art_interface_msg/share/art_interface_msg/cmake/art_interface_msgConfig-version.cmake
[0.941s] -- Up-to-date: /home/nvidia/workspace/msgs/src/install/art_interface_msg/share/art_interface_msg/package.xml
[0.944s] Invoked command in '/home/nvidia/workspace/msgs/src/build/art_interface_msg' returned '0': CMAKE_PREFIX_PATH=/opt/ros/humble /usr/local/bin/cmake --install /home/nvidia/workspace/msgs/src/build/art_interface_msg
