[0.312s] DEBUG:colcon:Command line arguments: ['/usr/bin/colcon', 'build', '--cmake-args', '-DCMAKE_BUILD_TYPE=Release', '-DBUILD_TESTING=off', '--continue-on-error', '--packages-select', 'art_interface_msg']
[0.312s] DEBUG:colcon:Parsed command line arguments: Namespace(allow_overriding=[], ament_cmake_args=None, base_paths=['.'], build_base='build', catkin_cmake_args=None, catkin_skip_building_tests=False, cmake_args=['-DCMAKE_BUILD_TYPE=Release', '-DBUILD_TESTING=off'], cmake_clean_cache=False, cmake_clean_first=False, cmake_force_configure=False, cmake_target=None, cmake_target_skip_unavailable=False, continue_on_error=True, event_handlers=None, executor='parallel', ignore_user_meta=False, install_base='install', log_base=None, log_level=None, main=<bound method BuildVerb.main of <colcon_core.verb.build.BuildVerb object at 0xffffa57cfeb0>>, merge_install=False, metas=['./colcon.meta'], packages_above=None, packages_above_and_dependencies=None, packages_above_depth=None, packages_end=None, packages_ignore=None, packages_ignore_regex=None, packages_select=['art_interface_msg'], packages_select_build_failed=False, packages_select_by_dep=None, packages_select_regex=None, packages_select_test_failures=False, packages_skip=None, packages_skip_build_finished=False, packages_skip_by_dep=None, packages_skip_regex=None, packages_skip_test_passed=False, packages_skip_up_to=None, packages_start=None, packages_up_to=None, packages_up_to_regex=None, parallel_workers=12, paths=None, symlink_install=False, test_result_base=None, verb_extension=<colcon_core.verb.build.BuildVerb object at 0xffffa57cfeb0>, verb_name='build', verb_parser=<colcon_defaults.argument_parser.defaults.DefaultArgumentsDecorator object at 0xffffa57280d0>)
[0.571s] Level 1:colcon.colcon_core.package_discovery:discover_packages(colcon_meta) check parameters
[0.572s] Level 1:colcon.colcon_core.package_discovery:discover_packages(recursive) check parameters
[0.572s] Level 1:colcon.colcon_core.package_discovery:discover_packages(ignore) check parameters
[0.572s] Level 1:colcon.colcon_core.package_discovery:discover_packages(path) check parameters
[0.572s] Level 1:colcon.colcon_core.package_discovery:discover_packages(colcon_meta) discover
[0.572s] Level 1:colcon.colcon_core.package_discovery:discover_packages(recursive) discover
[0.572s] INFO:colcon.colcon_core.package_discovery:Crawling recursively for packages in '/home/nvidia/workspace/msgs/src'
[0.572s] Level 1:colcon.colcon_core.package_identification:_identify(.) by extensions ['ignore', 'ignore_ament_install']
[0.573s] Level 1:colcon.colcon_core.package_identification:_identify(.) by extension 'ignore'
[0.573s] Level 1:colcon.colcon_core.package_identification:_identify(.) by extension 'ignore_ament_install'
[0.573s] Level 1:colcon.colcon_core.package_identification:_identify(.) by extensions ['colcon_pkg']
[0.573s] Level 1:colcon.colcon_core.package_identification:_identify(.) by extension 'colcon_pkg'
[0.574s] Level 1:colcon.colcon_core.package_identification:_identify(.) by extensions ['colcon_meta']
[0.574s] Level 1:colcon.colcon_core.package_identification:_identify(.) by extension 'colcon_meta'
[0.574s] Level 1:colcon.colcon_core.package_identification:_identify(.) by extensions ['ros']
[0.574s] Level 1:colcon.colcon_core.package_identification:_identify(.) by extension 'ros'
[0.589s] Level 1:colcon.colcon_core.package_identification:_identify(.) by extensions ['cmake', 'python']
[0.589s] Level 1:colcon.colcon_core.package_identification:_identify(.) by extension 'cmake'
[0.589s] Level 1:colcon.colcon_core.package_identification:_identify(.) by extension 'python'
[0.590s] Level 1:colcon.colcon_core.package_identification:_identify(.) by extensions ['python_setup_py']
[0.590s] Level 1:colcon.colcon_core.package_identification:_identify(.) by extension 'python_setup_py'
[0.590s] Level 1:colcon.colcon_core.package_identification:_identify(art_emergency_msgs) by extensions ['ignore', 'ignore_ament_install']
[0.590s] Level 1:colcon.colcon_core.package_identification:_identify(art_emergency_msgs) by extension 'ignore'
[0.590s] Level 1:colcon.colcon_core.package_identification:_identify(art_emergency_msgs) by extension 'ignore_ament_install'
[0.590s] Level 1:colcon.colcon_core.package_identification:_identify(art_emergency_msgs) by extensions ['colcon_pkg']
[0.590s] Level 1:colcon.colcon_core.package_identification:_identify(art_emergency_msgs) by extension 'colcon_pkg'
[0.590s] Level 1:colcon.colcon_core.package_identification:_identify(art_emergency_msgs) by extensions ['colcon_meta']
[0.590s] Level 1:colcon.colcon_core.package_identification:_identify(art_emergency_msgs) by extension 'colcon_meta'
[0.590s] Level 1:colcon.colcon_core.package_identification:_identify(art_emergency_msgs) by extensions ['ros']
[0.590s] Level 1:colcon.colcon_core.package_identification:_identify(art_emergency_msgs) by extension 'ros'
[0.602s] DEBUG:colcon.colcon_core.package_identification:Package 'art_emergency_msgs' with type 'ros.ament_cmake' and name 'art_emergency_msgs'
[0.602s] Level 1:colcon.colcon_core.package_identification:_identify(art_interface_msg) by extensions ['ignore', 'ignore_ament_install']
[0.602s] Level 1:colcon.colcon_core.package_identification:_identify(art_interface_msg) by extension 'ignore'
[0.603s] Level 1:colcon.colcon_core.package_identification:_identify(art_interface_msg) by extension 'ignore_ament_install'
[0.603s] Level 1:colcon.colcon_core.package_identification:_identify(art_interface_msg) by extensions ['colcon_pkg']
[0.603s] Level 1:colcon.colcon_core.package_identification:_identify(art_interface_msg) by extension 'colcon_pkg'
[0.603s] Level 1:colcon.colcon_core.package_identification:_identify(art_interface_msg) by extensions ['colcon_meta']
[0.603s] Level 1:colcon.colcon_core.package_identification:_identify(art_interface_msg) by extension 'colcon_meta'
[0.603s] Level 1:colcon.colcon_core.package_identification:_identify(art_interface_msg) by extensions ['ros']
[0.603s] Level 1:colcon.colcon_core.package_identification:_identify(art_interface_msg) by extension 'ros'
[0.604s] DEBUG:colcon.colcon_core.package_identification:Package 'art_interface_msg' with type 'ros.ament_cmake' and name 'art_interface_msg'
[0.604s] Level 1:colcon.colcon_core.package_identification:_identify(crrcpilot_adapi_v1_msgs) by extensions ['ignore', 'ignore_ament_install']
[0.604s] Level 1:colcon.colcon_core.package_identification:_identify(crrcpilot_adapi_v1_msgs) by extension 'ignore'
[0.604s] Level 1:colcon.colcon_core.package_identification:_identify(crrcpilot_adapi_v1_msgs) by extension 'ignore_ament_install'
[0.605s] Level 1:colcon.colcon_core.package_identification:_identify(crrcpilot_adapi_v1_msgs) by extensions ['colcon_pkg']
[0.605s] Level 1:colcon.colcon_core.package_identification:_identify(crrcpilot_adapi_v1_msgs) by extension 'colcon_pkg'
[0.605s] Level 1:colcon.colcon_core.package_identification:_identify(crrcpilot_adapi_v1_msgs) by extensions ['colcon_meta']
[0.605s] Level 1:colcon.colcon_core.package_identification:_identify(crrcpilot_adapi_v1_msgs) by extension 'colcon_meta'
[0.605s] Level 1:colcon.colcon_core.package_identification:_identify(crrcpilot_adapi_v1_msgs) by extensions ['ros']
[0.605s] Level 1:colcon.colcon_core.package_identification:_identify(crrcpilot_adapi_v1_msgs) by extension 'ros'
[0.606s] DEBUG:colcon.colcon_core.package_identification:Package 'crrcpilot_adapi_v1_msgs' with type 'ros.ament_cmake' and name 'crrcpilot_adapi_v1_msgs'
[0.607s] Level 1:colcon.colcon_core.package_identification:_identify(crrcpilot_adapi_version_msgs) by extensions ['ignore', 'ignore_ament_install']
[0.607s] Level 1:colcon.colcon_core.package_identification:_identify(crrcpilot_adapi_version_msgs) by extension 'ignore'
[0.607s] Level 1:colcon.colcon_core.package_identification:_identify(crrcpilot_adapi_version_msgs) by extension 'ignore_ament_install'
[0.607s] Level 1:colcon.colcon_core.package_identification:_identify(crrcpilot_adapi_version_msgs) by extensions ['colcon_pkg']
[0.607s] Level 1:colcon.colcon_core.package_identification:_identify(crrcpilot_adapi_version_msgs) by extension 'colcon_pkg'
[0.607s] Level 1:colcon.colcon_core.package_identification:_identify(crrcpilot_adapi_version_msgs) by extensions ['colcon_meta']
[0.607s] Level 1:colcon.colcon_core.package_identification:_identify(crrcpilot_adapi_version_msgs) by extension 'colcon_meta'
[0.607s] Level 1:colcon.colcon_core.package_identification:_identify(crrcpilot_adapi_version_msgs) by extensions ['ros']
[0.607s] Level 1:colcon.colcon_core.package_identification:_identify(crrcpilot_adapi_version_msgs) by extension 'ros'
[0.608s] DEBUG:colcon.colcon_core.package_identification:Package 'crrcpilot_adapi_version_msgs' with type 'ros.ament_cmake' and name 'crrcpilot_adapi_version_msgs'
[0.608s] Level 1:colcon.colcon_core.package_identification:_identify(crrcpilot_auto_geometry_msgs) by extensions ['ignore', 'ignore_ament_install']
[0.609s] Level 1:colcon.colcon_core.package_identification:_identify(crrcpilot_auto_geometry_msgs) by extension 'ignore'
[0.609s] Level 1:colcon.colcon_core.package_identification:_identify(crrcpilot_auto_geometry_msgs) by extension 'ignore_ament_install'
[0.609s] Level 1:colcon.colcon_core.package_identification:_identify(crrcpilot_auto_geometry_msgs) by extensions ['colcon_pkg']
[0.609s] Level 1:colcon.colcon_core.package_identification:_identify(crrcpilot_auto_geometry_msgs) by extension 'colcon_pkg'
[0.609s] Level 1:colcon.colcon_core.package_identification:_identify(crrcpilot_auto_geometry_msgs) by extensions ['colcon_meta']
[0.609s] Level 1:colcon.colcon_core.package_identification:_identify(crrcpilot_auto_geometry_msgs) by extension 'colcon_meta'
[0.609s] Level 1:colcon.colcon_core.package_identification:_identify(crrcpilot_auto_geometry_msgs) by extensions ['ros']
[0.609s] Level 1:colcon.colcon_core.package_identification:_identify(crrcpilot_auto_geometry_msgs) by extension 'ros'
[0.610s] DEBUG:colcon.colcon_core.package_identification:Package 'crrcpilot_auto_geometry_msgs' with type 'ros.ament_cmake' and name 'crrcpilot_auto_geometry_msgs'
[0.610s] Level 1:colcon.colcon_core.package_identification:_identify(crrcpilot_common_msgs) by extensions ['ignore', 'ignore_ament_install']
[0.611s] Level 1:colcon.colcon_core.package_identification:_identify(crrcpilot_common_msgs) by extension 'ignore'
[0.611s] Level 1:colcon.colcon_core.package_identification:_identify(crrcpilot_common_msgs) by extension 'ignore_ament_install'
[0.611s] Level 1:colcon.colcon_core.package_identification:_identify(crrcpilot_common_msgs) by extensions ['colcon_pkg']
[0.611s] Level 1:colcon.colcon_core.package_identification:_identify(crrcpilot_common_msgs) by extension 'colcon_pkg'
[0.611s] Level 1:colcon.colcon_core.package_identification:_identify(crrcpilot_common_msgs) by extensions ['colcon_meta']
[0.611s] Level 1:colcon.colcon_core.package_identification:_identify(crrcpilot_common_msgs) by extension 'colcon_meta'
[0.611s] Level 1:colcon.colcon_core.package_identification:_identify(crrcpilot_common_msgs) by extensions ['ros']
[0.611s] Level 1:colcon.colcon_core.package_identification:_identify(crrcpilot_common_msgs) by extension 'ros'
[0.612s] DEBUG:colcon.colcon_core.package_identification:Package 'crrcpilot_common_msgs' with type 'ros.ament_cmake' and name 'crrcpilot_common_msgs'
[0.612s] Level 1:colcon.colcon_core.package_identification:_identify(crrcpilot_control_msgs) by extensions ['ignore', 'ignore_ament_install']
[0.612s] Level 1:colcon.colcon_core.package_identification:_identify(crrcpilot_control_msgs) by extension 'ignore'
[0.612s] Level 1:colcon.colcon_core.package_identification:_identify(crrcpilot_control_msgs) by extension 'ignore_ament_install'
[0.612s] Level 1:colcon.colcon_core.package_identification:_identify(crrcpilot_control_msgs) by extensions ['colcon_pkg']
[0.613s] Level 1:colcon.colcon_core.package_identification:_identify(crrcpilot_control_msgs) by extension 'colcon_pkg'
[0.613s] Level 1:colcon.colcon_core.package_identification:_identify(crrcpilot_control_msgs) by extensions ['colcon_meta']
[0.613s] Level 1:colcon.colcon_core.package_identification:_identify(crrcpilot_control_msgs) by extension 'colcon_meta'
[0.613s] Level 1:colcon.colcon_core.package_identification:_identify(crrcpilot_control_msgs) by extensions ['ros']
[0.613s] Level 1:colcon.colcon_core.package_identification:_identify(crrcpilot_control_msgs) by extension 'ros'
[0.614s] DEBUG:colcon.colcon_core.package_identification:Package 'crrcpilot_control_msgs' with type 'ros.ament_cmake' and name 'crrcpilot_control_msgs'
[0.614s] Level 1:colcon.colcon_core.package_identification:_identify(crrcpilot_internal_msgs) by extensions ['ignore', 'ignore_ament_install']
[0.614s] Level 1:colcon.colcon_core.package_identification:_identify(crrcpilot_internal_msgs) by extension 'ignore'
[0.614s] Level 1:colcon.colcon_core.package_identification:_identify(crrcpilot_internal_msgs) by extension 'ignore_ament_install'
[0.615s] Level 1:colcon.colcon_core.package_identification:_identify(crrcpilot_internal_msgs) by extensions ['colcon_pkg']
[0.615s] Level 1:colcon.colcon_core.package_identification:_identify(crrcpilot_internal_msgs) by extension 'colcon_pkg'
[0.615s] Level 1:colcon.colcon_core.package_identification:_identify(crrcpilot_internal_msgs) by extensions ['colcon_meta']
[0.615s] Level 1:colcon.colcon_core.package_identification:_identify(crrcpilot_internal_msgs) by extension 'colcon_meta'
[0.615s] Level 1:colcon.colcon_core.package_identification:_identify(crrcpilot_internal_msgs) by extensions ['ros']
[0.615s] Level 1:colcon.colcon_core.package_identification:_identify(crrcpilot_internal_msgs) by extension 'ros'
[0.616s] DEBUG:colcon.colcon_core.package_identification:Package 'crrcpilot_internal_msgs' with type 'ros.ament_cmake' and name 'crrcpilot_internal_msgs'
[0.616s] Level 1:colcon.colcon_core.package_identification:_identify(crrcpilot_map_msgs) by extensions ['ignore', 'ignore_ament_install']
[0.616s] Level 1:colcon.colcon_core.package_identification:_identify(crrcpilot_map_msgs) by extension 'ignore'
[0.616s] Level 1:colcon.colcon_core.package_identification:_identify(crrcpilot_map_msgs) by extension 'ignore_ament_install'
[0.617s] Level 1:colcon.colcon_core.package_identification:_identify(crrcpilot_map_msgs) by extensions ['colcon_pkg']
[0.617s] Level 1:colcon.colcon_core.package_identification:_identify(crrcpilot_map_msgs) by extension 'colcon_pkg'
[0.617s] Level 1:colcon.colcon_core.package_identification:_identify(crrcpilot_map_msgs) by extensions ['colcon_meta']
[0.617s] Level 1:colcon.colcon_core.package_identification:_identify(crrcpilot_map_msgs) by extension 'colcon_meta'
[0.617s] Level 1:colcon.colcon_core.package_identification:_identify(crrcpilot_map_msgs) by extensions ['ros']
[0.617s] Level 1:colcon.colcon_core.package_identification:_identify(crrcpilot_map_msgs) by extension 'ros'
[0.618s] DEBUG:colcon.colcon_core.package_identification:Package 'crrcpilot_map_msgs' with type 'ros.ament_cmake' and name 'crrcpilot_map_msgs'
[0.618s] Level 1:colcon.colcon_core.package_identification:_identify(crrcpilot_perception_msgs) by extensions ['ignore', 'ignore_ament_install']
[0.618s] Level 1:colcon.colcon_core.package_identification:_identify(crrcpilot_perception_msgs) by extension 'ignore'
[0.619s] Level 1:colcon.colcon_core.package_identification:_identify(crrcpilot_perception_msgs) by extension 'ignore_ament_install'
[0.619s] Level 1:colcon.colcon_core.package_identification:_identify(crrcpilot_perception_msgs) by extensions ['colcon_pkg']
[0.619s] Level 1:colcon.colcon_core.package_identification:_identify(crrcpilot_perception_msgs) by extension 'colcon_pkg'
[0.619s] Level 1:colcon.colcon_core.package_identification:_identify(crrcpilot_perception_msgs) by extensions ['colcon_meta']
[0.619s] Level 1:colcon.colcon_core.package_identification:_identify(crrcpilot_perception_msgs) by extension 'colcon_meta'
[0.619s] Level 1:colcon.colcon_core.package_identification:_identify(crrcpilot_perception_msgs) by extensions ['ros']
[0.619s] Level 1:colcon.colcon_core.package_identification:_identify(crrcpilot_perception_msgs) by extension 'ros'
[0.620s] DEBUG:colcon.colcon_core.package_identification:Package 'crrcpilot_perception_msgs' with type 'ros.ament_cmake' and name 'crrcpilot_perception_msgs'
[0.620s] Level 1:colcon.colcon_core.package_identification:_identify(crrcpilot_planning_msgs) by extensions ['ignore', 'ignore_ament_install']
[0.621s] Level 1:colcon.colcon_core.package_identification:_identify(crrcpilot_planning_msgs) by extension 'ignore'
[0.621s] Level 1:colcon.colcon_core.package_identification:_identify(crrcpilot_planning_msgs) by extension 'ignore_ament_install'
[0.621s] Level 1:colcon.colcon_core.package_identification:_identify(crrcpilot_planning_msgs) by extensions ['colcon_pkg']
[0.621s] Level 1:colcon.colcon_core.package_identification:_identify(crrcpilot_planning_msgs) by extension 'colcon_pkg'
[0.621s] Level 1:colcon.colcon_core.package_identification:_identify(crrcpilot_planning_msgs) by extensions ['colcon_meta']
[0.621s] Level 1:colcon.colcon_core.package_identification:_identify(crrcpilot_planning_msgs) by extension 'colcon_meta'
[0.621s] Level 1:colcon.colcon_core.package_identification:_identify(crrcpilot_planning_msgs) by extensions ['ros']
[0.621s] Level 1:colcon.colcon_core.package_identification:_identify(crrcpilot_planning_msgs) by extension 'ros'
[0.622s] DEBUG:colcon.colcon_core.package_identification:Package 'crrcpilot_planning_msgs' with type 'ros.ament_cmake' and name 'crrcpilot_planning_msgs'
[0.623s] Level 1:colcon.colcon_core.package_identification:_identify(crrcpilot_sensing_msgs) by extensions ['ignore', 'ignore_ament_install']
[0.623s] Level 1:colcon.colcon_core.package_identification:_identify(crrcpilot_sensing_msgs) by extension 'ignore'
[0.623s] Level 1:colcon.colcon_core.package_identification:_identify(crrcpilot_sensing_msgs) by extension 'ignore_ament_install'
[0.623s] Level 1:colcon.colcon_core.package_identification:_identify(crrcpilot_sensing_msgs) by extensions ['colcon_pkg']
[0.623s] Level 1:colcon.colcon_core.package_identification:_identify(crrcpilot_sensing_msgs) by extension 'colcon_pkg'
[0.623s] Level 1:colcon.colcon_core.package_identification:_identify(crrcpilot_sensing_msgs) by extensions ['colcon_meta']
[0.623s] Level 1:colcon.colcon_core.package_identification:_identify(crrcpilot_sensing_msgs) by extension 'colcon_meta'
[0.623s] Level 1:colcon.colcon_core.package_identification:_identify(crrcpilot_sensing_msgs) by extensions ['ros']
[0.623s] Level 1:colcon.colcon_core.package_identification:_identify(crrcpilot_sensing_msgs) by extension 'ros'
[0.625s] DEBUG:colcon.colcon_core.package_identification:Package 'crrcpilot_sensing_msgs' with type 'ros.ament_cmake' and name 'crrcpilot_sensing_msgs'
[0.625s] Level 1:colcon.colcon_core.package_identification:_identify(crrcpilot_system_msgs) by extensions ['ignore', 'ignore_ament_install']
[0.625s] Level 1:colcon.colcon_core.package_identification:_identify(crrcpilot_system_msgs) by extension 'ignore'
[0.625s] Level 1:colcon.colcon_core.package_identification:_identify(crrcpilot_system_msgs) by extension 'ignore_ament_install'
[0.625s] Level 1:colcon.colcon_core.package_identification:_identify(crrcpilot_system_msgs) by extensions ['colcon_pkg']
[0.625s] Level 1:colcon.colcon_core.package_identification:_identify(crrcpilot_system_msgs) by extension 'colcon_pkg'
[0.625s] Level 1:colcon.colcon_core.package_identification:_identify(crrcpilot_system_msgs) by extensions ['colcon_meta']
[0.625s] Level 1:colcon.colcon_core.package_identification:_identify(crrcpilot_system_msgs) by extension 'colcon_meta'
[0.625s] Level 1:colcon.colcon_core.package_identification:_identify(crrcpilot_system_msgs) by extensions ['ros']
[0.625s] Level 1:colcon.colcon_core.package_identification:_identify(crrcpilot_system_msgs) by extension 'ros'
[0.627s] DEBUG:colcon.colcon_core.package_identification:Package 'crrcpilot_system_msgs' with type 'ros.ament_cmake' and name 'crrcpilot_system_msgs'
[0.627s] Level 1:colcon.colcon_core.package_identification:_identify(crrcpilot_vehicle_msgs) by extensions ['ignore', 'ignore_ament_install']
[0.627s] Level 1:colcon.colcon_core.package_identification:_identify(crrcpilot_vehicle_msgs) by extension 'ignore'
[0.627s] Level 1:colcon.colcon_core.package_identification:_identify(crrcpilot_vehicle_msgs) by extension 'ignore_ament_install'
[0.627s] Level 1:colcon.colcon_core.package_identification:_identify(crrcpilot_vehicle_msgs) by extensions ['colcon_pkg']
[0.627s] Level 1:colcon.colcon_core.package_identification:_identify(crrcpilot_vehicle_msgs) by extension 'colcon_pkg'
[0.627s] Level 1:colcon.colcon_core.package_identification:_identify(crrcpilot_vehicle_msgs) by extensions ['colcon_meta']
[0.628s] Level 1:colcon.colcon_core.package_identification:_identify(crrcpilot_vehicle_msgs) by extension 'colcon_meta'
[0.628s] Level 1:colcon.colcon_core.package_identification:_identify(crrcpilot_vehicle_msgs) by extensions ['ros']
[0.628s] Level 1:colcon.colcon_core.package_identification:_identify(crrcpilot_vehicle_msgs) by extension 'ros'
[0.629s] DEBUG:colcon.colcon_core.package_identification:Package 'crrcpilot_vehicle_msgs' with type 'ros.ament_cmake' and name 'crrcpilot_vehicle_msgs'
[0.629s] Level 1:colcon.colcon_core.package_identification:_identify(build) by extensions ['ignore', 'ignore_ament_install']
[0.629s] Level 1:colcon.colcon_core.package_identification:_identify(build) by extension 'ignore'
[0.629s] Level 1:colcon.colcon_core.package_identification:_identify(build) ignored
[0.629s] Level 1:colcon.colcon_core.package_identification:_identify(departure_check_msgs) by extensions ['ignore', 'ignore_ament_install']
[0.630s] Level 1:colcon.colcon_core.package_identification:_identify(departure_check_msgs) by extension 'ignore'
[0.630s] Level 1:colcon.colcon_core.package_identification:_identify(departure_check_msgs) by extension 'ignore_ament_install'
[0.630s] Level 1:colcon.colcon_core.package_identification:_identify(departure_check_msgs) by extensions ['colcon_pkg']
[0.630s] Level 1:colcon.colcon_core.package_identification:_identify(departure_check_msgs) by extension 'colcon_pkg'
[0.630s] Level 1:colcon.colcon_core.package_identification:_identify(departure_check_msgs) by extensions ['colcon_meta']
[0.630s] Level 1:colcon.colcon_core.package_identification:_identify(departure_check_msgs) by extension 'colcon_meta'
[0.630s] Level 1:colcon.colcon_core.package_identification:_identify(departure_check_msgs) by extensions ['ros']
[0.630s] Level 1:colcon.colcon_core.package_identification:_identify(departure_check_msgs) by extension 'ros'
[0.631s] DEBUG:colcon.colcon_core.package_identification:Package 'departure_check_msgs' with type 'ros.ament_cmake' and name 'departure_check_msgs'
[0.631s] Level 1:colcon.colcon_core.package_identification:_identify(install) by extensions ['ignore', 'ignore_ament_install']
[0.631s] Level 1:colcon.colcon_core.package_identification:_identify(install) by extension 'ignore'
[0.632s] Level 1:colcon.colcon_core.package_identification:_identify(install) ignored
[0.632s] Level 1:colcon.colcon_core.package_identification:_identify(lidar_monitor_msg) by extensions ['ignore', 'ignore_ament_install']
[0.632s] Level 1:colcon.colcon_core.package_identification:_identify(lidar_monitor_msg) by extension 'ignore'
[0.632s] Level 1:colcon.colcon_core.package_identification:_identify(lidar_monitor_msg) by extension 'ignore_ament_install'
[0.632s] Level 1:colcon.colcon_core.package_identification:_identify(lidar_monitor_msg) by extensions ['colcon_pkg']
[0.632s] Level 1:colcon.colcon_core.package_identification:_identify(lidar_monitor_msg) by extension 'colcon_pkg'
[0.632s] Level 1:colcon.colcon_core.package_identification:_identify(lidar_monitor_msg) by extensions ['colcon_meta']
[0.632s] Level 1:colcon.colcon_core.package_identification:_identify(lidar_monitor_msg) by extension 'colcon_meta'
[0.632s] Level 1:colcon.colcon_core.package_identification:_identify(lidar_monitor_msg) by extensions ['ros']
[0.632s] Level 1:colcon.colcon_core.package_identification:_identify(lidar_monitor_msg) by extension 'ros'
[0.633s] DEBUG:colcon.colcon_core.package_identification:Package 'lidar_monitor_msg' with type 'ros.ament_cmake' and name 'lidar_monitor_msg'
[0.634s] Level 1:colcon.colcon_core.package_identification:_identify(log) by extensions ['ignore', 'ignore_ament_install']
[0.634s] Level 1:colcon.colcon_core.package_identification:_identify(log) by extension 'ignore'
[0.634s] Level 1:colcon.colcon_core.package_identification:_identify(log) ignored
[0.634s] Level 1:colcon.colcon_core.package_identification:_identify(msg_aeb) by extensions ['ignore', 'ignore_ament_install']
[0.634s] Level 1:colcon.colcon_core.package_identification:_identify(msg_aeb) by extension 'ignore'
[0.634s] Level 1:colcon.colcon_core.package_identification:_identify(msg_aeb) by extension 'ignore_ament_install'
[0.634s] Level 1:colcon.colcon_core.package_identification:_identify(msg_aeb) by extensions ['colcon_pkg']
[0.634s] Level 1:colcon.colcon_core.package_identification:_identify(msg_aeb) by extension 'colcon_pkg'
[0.634s] Level 1:colcon.colcon_core.package_identification:_identify(msg_aeb) by extensions ['colcon_meta']
[0.634s] Level 1:colcon.colcon_core.package_identification:_identify(msg_aeb) by extension 'colcon_meta'
[0.634s] Level 1:colcon.colcon_core.package_identification:_identify(msg_aeb) by extensions ['ros']
[0.635s] Level 1:colcon.colcon_core.package_identification:_identify(msg_aeb) by extension 'ros'
[0.636s] DEBUG:colcon.colcon_core.package_identification:Package 'msg_aeb' with type 'ros.ament_cmake' and name 'msg_aeb'
[0.636s] Level 1:colcon.colcon_core.package_identification:_identify(msg_common) by extensions ['ignore', 'ignore_ament_install']
[0.636s] Level 1:colcon.colcon_core.package_identification:_identify(msg_common) by extension 'ignore'
[0.636s] Level 1:colcon.colcon_core.package_identification:_identify(msg_common) by extension 'ignore_ament_install'
[0.636s] Level 1:colcon.colcon_core.package_identification:_identify(msg_common) by extensions ['colcon_pkg']
[0.636s] Level 1:colcon.colcon_core.package_identification:_identify(msg_common) by extension 'colcon_pkg'
[0.636s] Level 1:colcon.colcon_core.package_identification:_identify(msg_common) by extensions ['colcon_meta']
[0.636s] Level 1:colcon.colcon_core.package_identification:_identify(msg_common) by extension 'colcon_meta'
[0.637s] Level 1:colcon.colcon_core.package_identification:_identify(msg_common) by extensions ['ros']
[0.637s] Level 1:colcon.colcon_core.package_identification:_identify(msg_common) by extension 'ros'
[0.638s] DEBUG:colcon.colcon_core.package_identification:Package 'msg_common' with type 'ros.catkin' and name 'msg_common'
[0.638s] Level 1:colcon.colcon_core.package_identification:_identify(msg_info_router) by extensions ['ignore', 'ignore_ament_install']
[0.638s] Level 1:colcon.colcon_core.package_identification:_identify(msg_info_router) by extension 'ignore'
[0.638s] Level 1:colcon.colcon_core.package_identification:_identify(msg_info_router) by extension 'ignore_ament_install'
[0.638s] Level 1:colcon.colcon_core.package_identification:_identify(msg_info_router) by extensions ['colcon_pkg']
[0.638s] Level 1:colcon.colcon_core.package_identification:_identify(msg_info_router) by extension 'colcon_pkg'
[0.638s] Level 1:colcon.colcon_core.package_identification:_identify(msg_info_router) by extensions ['colcon_meta']
[0.638s] Level 1:colcon.colcon_core.package_identification:_identify(msg_info_router) by extension 'colcon_meta'
[0.638s] Level 1:colcon.colcon_core.package_identification:_identify(msg_info_router) by extensions ['ros']
[0.638s] Level 1:colcon.colcon_core.package_identification:_identify(msg_info_router) by extension 'ros'
[0.639s] DEBUG:colcon.colcon_core.package_identification:Package 'msg_info_router' with type 'ros.catkin' and name 'msg_info_router'
[0.640s] Level 1:colcon.colcon_core.package_identification:_identify(msg_lidar_shape) by extensions ['ignore', 'ignore_ament_install']
[0.640s] Level 1:colcon.colcon_core.package_identification:_identify(msg_lidar_shape) by extension 'ignore'
[0.640s] Level 1:colcon.colcon_core.package_identification:_identify(msg_lidar_shape) by extension 'ignore_ament_install'
[0.640s] Level 1:colcon.colcon_core.package_identification:_identify(msg_lidar_shape) by extensions ['colcon_pkg']
[0.640s] Level 1:colcon.colcon_core.package_identification:_identify(msg_lidar_shape) by extension 'colcon_pkg'
[0.640s] Level 1:colcon.colcon_core.package_identification:_identify(msg_lidar_shape) by extensions ['colcon_meta']
[0.640s] Level 1:colcon.colcon_core.package_identification:_identify(msg_lidar_shape) by extension 'colcon_meta'
[0.640s] Level 1:colcon.colcon_core.package_identification:_identify(msg_lidar_shape) by extensions ['ros']
[0.640s] Level 1:colcon.colcon_core.package_identification:_identify(msg_lidar_shape) by extension 'ros'
[0.642s] DEBUG:colcon.colcon_core.package_identification:Package 'msg_lidar_shape' with type 'ros.catkin' and name 'msg_lidar_shape'
[0.642s] Level 1:colcon.colcon_core.package_identification:_identify(msg_mulit_net) by extensions ['ignore', 'ignore_ament_install']
[0.642s] Level 1:colcon.colcon_core.package_identification:_identify(msg_mulit_net) by extension 'ignore'
[0.642s] Level 1:colcon.colcon_core.package_identification:_identify(msg_mulit_net) by extension 'ignore_ament_install'
[0.642s] Level 1:colcon.colcon_core.package_identification:_identify(msg_mulit_net) by extensions ['colcon_pkg']
[0.642s] Level 1:colcon.colcon_core.package_identification:_identify(msg_mulit_net) by extension 'colcon_pkg'
[0.642s] Level 1:colcon.colcon_core.package_identification:_identify(msg_mulit_net) by extensions ['colcon_meta']
[0.642s] Level 1:colcon.colcon_core.package_identification:_identify(msg_mulit_net) by extension 'colcon_meta'
[0.642s] Level 1:colcon.colcon_core.package_identification:_identify(msg_mulit_net) by extensions ['ros']
[0.642s] Level 1:colcon.colcon_core.package_identification:_identify(msg_mulit_net) by extension 'ros'
[0.644s] DEBUG:colcon.colcon_core.package_identification:Package 'msg_mulit_net' with type 'ros.ament_cmake' and name 'msg_mulit_net'
[0.644s] Level 1:colcon.colcon_core.package_identification:_identify(msg_obj) by extensions ['ignore', 'ignore_ament_install']
[0.644s] Level 1:colcon.colcon_core.package_identification:_identify(msg_obj) by extension 'ignore'
[0.644s] Level 1:colcon.colcon_core.package_identification:_identify(msg_obj) by extension 'ignore_ament_install'
[0.644s] Level 1:colcon.colcon_core.package_identification:_identify(msg_obj) by extensions ['colcon_pkg']
[0.644s] Level 1:colcon.colcon_core.package_identification:_identify(msg_obj) by extension 'colcon_pkg'
[0.644s] Level 1:colcon.colcon_core.package_identification:_identify(msg_obj) by extensions ['colcon_meta']
[0.644s] Level 1:colcon.colcon_core.package_identification:_identify(msg_obj) by extension 'colcon_meta'
[0.644s] Level 1:colcon.colcon_core.package_identification:_identify(msg_obj) by extensions ['ros']
[0.644s] Level 1:colcon.colcon_core.package_identification:_identify(msg_obj) by extension 'ros'
[0.645s] DEBUG:colcon.colcon_core.package_identification:Package 'msg_obj' with type 'ros.catkin' and name 'msg_obj'
[0.646s] Level 1:colcon.colcon_core.package_identification:_identify(msg_v_state) by extensions ['ignore', 'ignore_ament_install']
[0.646s] Level 1:colcon.colcon_core.package_identification:_identify(msg_v_state) by extension 'ignore'
[0.646s] Level 1:colcon.colcon_core.package_identification:_identify(msg_v_state) by extension 'ignore_ament_install'
[0.646s] Level 1:colcon.colcon_core.package_identification:_identify(msg_v_state) by extensions ['colcon_pkg']
[0.646s] Level 1:colcon.colcon_core.package_identification:_identify(msg_v_state) by extension 'colcon_pkg'
[0.646s] Level 1:colcon.colcon_core.package_identification:_identify(msg_v_state) by extensions ['colcon_meta']
[0.646s] Level 1:colcon.colcon_core.package_identification:_identify(msg_v_state) by extension 'colcon_meta'
[0.646s] Level 1:colcon.colcon_core.package_identification:_identify(msg_v_state) by extensions ['ros']
[0.646s] Level 1:colcon.colcon_core.package_identification:_identify(msg_v_state) by extension 'ros'
[0.649s] DEBUG:colcon.colcon_core.package_identification:Package 'msg_v_state' with type 'ros.catkin' and name 'msg_v_state'
[0.649s] Level 1:colcon.colcon_core.package_identification:_identify(radar_msgs) by extensions ['ignore', 'ignore_ament_install']
[0.649s] Level 1:colcon.colcon_core.package_identification:_identify(radar_msgs) by extension 'ignore'
[0.649s] Level 1:colcon.colcon_core.package_identification:_identify(radar_msgs) by extension 'ignore_ament_install'
[0.649s] Level 1:colcon.colcon_core.package_identification:_identify(radar_msgs) by extensions ['colcon_pkg']
[0.649s] Level 1:colcon.colcon_core.package_identification:_identify(radar_msgs) by extension 'colcon_pkg'
[0.649s] Level 1:colcon.colcon_core.package_identification:_identify(radar_msgs) by extensions ['colcon_meta']
[0.650s] Level 1:colcon.colcon_core.package_identification:_identify(radar_msgs) by extension 'colcon_meta'
[0.650s] Level 1:colcon.colcon_core.package_identification:_identify(radar_msgs) by extensions ['ros']
[0.650s] Level 1:colcon.colcon_core.package_identification:_identify(radar_msgs) by extension 'ros'
[0.651s] DEBUG:colcon.colcon_core.package_identification:Package 'radar_msgs' with type 'ros.ament_cmake' and name 'radar_msgs'
[0.651s] Level 1:colcon.colcon_core.package_identification:_identify(shm_msgs) by extensions ['ignore', 'ignore_ament_install']
[0.651s] Level 1:colcon.colcon_core.package_identification:_identify(shm_msgs) by extension 'ignore'
[0.651s] Level 1:colcon.colcon_core.package_identification:_identify(shm_msgs) by extension 'ignore_ament_install'
[0.652s] Level 1:colcon.colcon_core.package_identification:_identify(shm_msgs) by extensions ['colcon_pkg']
[0.652s] Level 1:colcon.colcon_core.package_identification:_identify(shm_msgs) by extension 'colcon_pkg'
[0.652s] Level 1:colcon.colcon_core.package_identification:_identify(shm_msgs) by extensions ['colcon_meta']
[0.652s] Level 1:colcon.colcon_core.package_identification:_identify(shm_msgs) by extension 'colcon_meta'
[0.652s] Level 1:colcon.colcon_core.package_identification:_identify(shm_msgs) by extensions ['ros']
[0.652s] Level 1:colcon.colcon_core.package_identification:_identify(shm_msgs) by extension 'ros'
[0.653s] DEBUG:colcon.colcon_core.package_identification:Package 'shm_msgs' with type 'ros.ament_cmake' and name 'shm_msgs'
[0.653s] Level 1:colcon.colcon_core.package_identification:_identify(crrc_api_msgs) by extensions ['ignore', 'ignore_ament_install']
[0.653s] Level 1:colcon.colcon_core.package_identification:_identify(crrc_api_msgs) by extension 'ignore'
[0.653s] Level 1:colcon.colcon_core.package_identification:_identify(crrc_api_msgs) by extension 'ignore_ament_install'
[0.653s] Level 1:colcon.colcon_core.package_identification:_identify(crrc_api_msgs) by extensions ['colcon_pkg']
[0.653s] Level 1:colcon.colcon_core.package_identification:_identify(crrc_api_msgs) by extension 'colcon_pkg'
[0.654s] Level 1:colcon.colcon_core.package_identification:_identify(crrc_api_msgs) by extensions ['colcon_meta']
[0.654s] Level 1:colcon.colcon_core.package_identification:_identify(crrc_api_msgs) by extension 'colcon_meta'
[0.654s] Level 1:colcon.colcon_core.package_identification:_identify(crrc_api_msgs) by extensions ['ros']
[0.654s] Level 1:colcon.colcon_core.package_identification:_identify(crrc_api_msgs) by extension 'ros'
[0.655s] DEBUG:colcon.colcon_core.package_identification:Package 'crrc_api_msgs' with type 'ros.ament_cmake' and name 'crrc_api_msgs'
[0.655s] Level 1:colcon.colcon_core.package_identification:_identify(crrc_auto_msgs_converter) by extensions ['ignore', 'ignore_ament_install']
[0.655s] Level 1:colcon.colcon_core.package_identification:_identify(crrc_auto_msgs_converter) by extension 'ignore'
[0.656s] Level 1:colcon.colcon_core.package_identification:_identify(crrc_auto_msgs_converter) by extension 'ignore_ament_install'
[0.656s] Level 1:colcon.colcon_core.package_identification:_identify(crrc_auto_msgs_converter) by extensions ['colcon_pkg']
[0.656s] Level 1:colcon.colcon_core.package_identification:_identify(crrc_auto_msgs_converter) by extension 'colcon_pkg'
[0.656s] Level 1:colcon.colcon_core.package_identification:_identify(crrc_auto_msgs_converter) by extensions ['colcon_meta']
[0.656s] Level 1:colcon.colcon_core.package_identification:_identify(crrc_auto_msgs_converter) by extension 'colcon_meta'
[0.656s] Level 1:colcon.colcon_core.package_identification:_identify(crrc_auto_msgs_converter) by extensions ['ros']
[0.656s] Level 1:colcon.colcon_core.package_identification:_identify(crrc_auto_msgs_converter) by extension 'ros'
[0.658s] DEBUG:colcon.colcon_core.package_identification:Package 'crrc_auto_msgs_converter' with type 'ros.ament_cmake' and name 'crrc_auto_msgs_converter'
[0.658s] Level 1:colcon.colcon_core.package_identification:_identify(crrc_control_msgs) by extensions ['ignore', 'ignore_ament_install']
[0.658s] Level 1:colcon.colcon_core.package_identification:_identify(crrc_control_msgs) by extension 'ignore'
[0.658s] Level 1:colcon.colcon_core.package_identification:_identify(crrc_control_msgs) by extension 'ignore_ament_install'
[0.658s] Level 1:colcon.colcon_core.package_identification:_identify(crrc_control_msgs) by extensions ['colcon_pkg']
[0.658s] Level 1:colcon.colcon_core.package_identification:_identify(crrc_control_msgs) by extension 'colcon_pkg'
[0.658s] Level 1:colcon.colcon_core.package_identification:_identify(crrc_control_msgs) by extensions ['colcon_meta']
[0.658s] Level 1:colcon.colcon_core.package_identification:_identify(crrc_control_msgs) by extension 'colcon_meta'
[0.658s] Level 1:colcon.colcon_core.package_identification:_identify(crrc_control_msgs) by extensions ['ros']
[0.658s] Level 1:colcon.colcon_core.package_identification:_identify(crrc_control_msgs) by extension 'ros'
[0.683s] DEBUG:colcon.colcon_core.package_identification:Package 'crrc_control_msgs' with type 'ros.ament_cmake' and name 'crrc_control_msgs'
[0.683s] Level 1:colcon.colcon_core.package_identification:_identify(crrc_debug_msgs) by extensions ['ignore', 'ignore_ament_install']
[0.684s] Level 1:colcon.colcon_core.package_identification:_identify(crrc_debug_msgs) by extension 'ignore'
[0.684s] Level 1:colcon.colcon_core.package_identification:_identify(crrc_debug_msgs) by extension 'ignore_ament_install'
[0.684s] Level 1:colcon.colcon_core.package_identification:_identify(crrc_debug_msgs) by extensions ['colcon_pkg']
[0.684s] Level 1:colcon.colcon_core.package_identification:_identify(crrc_debug_msgs) by extension 'colcon_pkg'
[0.684s] Level 1:colcon.colcon_core.package_identification:_identify(crrc_debug_msgs) by extensions ['colcon_meta']
[0.684s] Level 1:colcon.colcon_core.package_identification:_identify(crrc_debug_msgs) by extension 'colcon_meta'
[0.684s] Level 1:colcon.colcon_core.package_identification:_identify(crrc_debug_msgs) by extensions ['ros']
[0.684s] Level 1:colcon.colcon_core.package_identification:_identify(crrc_debug_msgs) by extension 'ros'
[0.692s] DEBUG:colcon.colcon_core.package_identification:Package 'crrc_debug_msgs' with type 'ros.ament_cmake' and name 'crrc_debug_msgs'
[0.692s] Level 1:colcon.colcon_core.package_identification:_identify(crrc_external_api_msgs) by extensions ['ignore', 'ignore_ament_install']
[0.692s] Level 1:colcon.colcon_core.package_identification:_identify(crrc_external_api_msgs) by extension 'ignore'
[0.692s] Level 1:colcon.colcon_core.package_identification:_identify(crrc_external_api_msgs) by extension 'ignore_ament_install'
[0.692s] Level 1:colcon.colcon_core.package_identification:_identify(crrc_external_api_msgs) by extensions ['colcon_pkg']
[0.692s] Level 1:colcon.colcon_core.package_identification:_identify(crrc_external_api_msgs) by extension 'colcon_pkg'
[0.692s] Level 1:colcon.colcon_core.package_identification:_identify(crrc_external_api_msgs) by extensions ['colcon_meta']
[0.692s] Level 1:colcon.colcon_core.package_identification:_identify(crrc_external_api_msgs) by extension 'colcon_meta'
[0.692s] Level 1:colcon.colcon_core.package_identification:_identify(crrc_external_api_msgs) by extensions ['ros']
[0.692s] Level 1:colcon.colcon_core.package_identification:_identify(crrc_external_api_msgs) by extension 'ros'
[0.694s] DEBUG:colcon.colcon_core.package_identification:Package 'crrc_external_api_msgs' with type 'ros.ament_cmake' and name 'crrc_external_api_msgs'
[0.694s] Level 1:colcon.colcon_core.package_identification:_identify(crrc_hmi_msgs) by extensions ['ignore', 'ignore_ament_install']
[0.694s] Level 1:colcon.colcon_core.package_identification:_identify(crrc_hmi_msgs) by extension 'ignore'
[0.694s] Level 1:colcon.colcon_core.package_identification:_identify(crrc_hmi_msgs) by extension 'ignore_ament_install'
[0.694s] Level 1:colcon.colcon_core.package_identification:_identify(crrc_hmi_msgs) by extensions ['colcon_pkg']
[0.694s] Level 1:colcon.colcon_core.package_identification:_identify(crrc_hmi_msgs) by extension 'colcon_pkg'
[0.694s] Level 1:colcon.colcon_core.package_identification:_identify(crrc_hmi_msgs) by extensions ['colcon_meta']
[0.694s] Level 1:colcon.colcon_core.package_identification:_identify(crrc_hmi_msgs) by extension 'colcon_meta'
[0.694s] Level 1:colcon.colcon_core.package_identification:_identify(crrc_hmi_msgs) by extensions ['ros']
[0.695s] Level 1:colcon.colcon_core.package_identification:_identify(crrc_hmi_msgs) by extension 'ros'
[0.696s] DEBUG:colcon.colcon_core.package_identification:Package 'crrc_hmi_msgs' with type 'ros.ament_cmake' and name 'crrc_hmi_msgs'
[0.696s] Level 1:colcon.colcon_core.package_identification:_identify(crrc_localization_msgs) by extensions ['ignore', 'ignore_ament_install']
[0.696s] Level 1:colcon.colcon_core.package_identification:_identify(crrc_localization_msgs) by extension 'ignore'
[0.696s] Level 1:colcon.colcon_core.package_identification:_identify(crrc_localization_msgs) by extension 'ignore_ament_install'
[0.696s] Level 1:colcon.colcon_core.package_identification:_identify(crrc_localization_msgs) by extensions ['colcon_pkg']
[0.696s] Level 1:colcon.colcon_core.package_identification:_identify(crrc_localization_msgs) by extension 'colcon_pkg'
[0.696s] Level 1:colcon.colcon_core.package_identification:_identify(crrc_localization_msgs) by extensions ['colcon_meta']
[0.696s] Level 1:colcon.colcon_core.package_identification:_identify(crrc_localization_msgs) by extension 'colcon_meta'
[0.696s] Level 1:colcon.colcon_core.package_identification:_identify(crrc_localization_msgs) by extensions ['ros']
[0.696s] Level 1:colcon.colcon_core.package_identification:_identify(crrc_localization_msgs) by extension 'ros'
[0.698s] DEBUG:colcon.colcon_core.package_identification:Package 'crrc_localization_msgs' with type 'ros.ament_cmake' and name 'crrc_localization_msgs'
[0.698s] Level 1:colcon.colcon_core.package_identification:_identify(crrc_map_msgs) by extensions ['ignore', 'ignore_ament_install']
[0.698s] Level 1:colcon.colcon_core.package_identification:_identify(crrc_map_msgs) by extension 'ignore'
[0.698s] Level 1:colcon.colcon_core.package_identification:_identify(crrc_map_msgs) by extension 'ignore_ament_install'
[0.698s] Level 1:colcon.colcon_core.package_identification:_identify(crrc_map_msgs) by extensions ['colcon_pkg']
[0.698s] Level 1:colcon.colcon_core.package_identification:_identify(crrc_map_msgs) by extension 'colcon_pkg'
[0.698s] Level 1:colcon.colcon_core.package_identification:_identify(crrc_map_msgs) by extensions ['colcon_meta']
[0.698s] Level 1:colcon.colcon_core.package_identification:_identify(crrc_map_msgs) by extension 'colcon_meta'
[0.698s] Level 1:colcon.colcon_core.package_identification:_identify(crrc_map_msgs) by extensions ['ros']
[0.698s] Level 1:colcon.colcon_core.package_identification:_identify(crrc_map_msgs) by extension 'ros'
[0.700s] DEBUG:colcon.colcon_core.package_identification:Package 'crrc_map_msgs' with type 'ros.ament_cmake' and name 'crrc_map_msgs'
[0.700s] Level 1:colcon.colcon_core.package_identification:_identify(crrc_perception_msgs) by extensions ['ignore', 'ignore_ament_install']
[0.700s] Level 1:colcon.colcon_core.package_identification:_identify(crrc_perception_msgs) by extension 'ignore'
[0.700s] Level 1:colcon.colcon_core.package_identification:_identify(crrc_perception_msgs) by extension 'ignore_ament_install'
[0.700s] Level 1:colcon.colcon_core.package_identification:_identify(crrc_perception_msgs) by extensions ['colcon_pkg']
[0.700s] Level 1:colcon.colcon_core.package_identification:_identify(crrc_perception_msgs) by extension 'colcon_pkg'
[0.700s] Level 1:colcon.colcon_core.package_identification:_identify(crrc_perception_msgs) by extensions ['colcon_meta']
[0.700s] Level 1:colcon.colcon_core.package_identification:_identify(crrc_perception_msgs) by extension 'colcon_meta'
[0.700s] Level 1:colcon.colcon_core.package_identification:_identify(crrc_perception_msgs) by extensions ['ros']
[0.700s] Level 1:colcon.colcon_core.package_identification:_identify(crrc_perception_msgs) by extension 'ros'
[0.702s] DEBUG:colcon.colcon_core.package_identification:Package 'crrc_perception_msgs' with type 'ros.ament_cmake' and name 'crrc_perception_msgs'
[0.702s] Level 1:colcon.colcon_core.package_identification:_identify(crrc_planning_msgs) by extensions ['ignore', 'ignore_ament_install']
[0.702s] Level 1:colcon.colcon_core.package_identification:_identify(crrc_planning_msgs) by extension 'ignore'
[0.702s] Level 1:colcon.colcon_core.package_identification:_identify(crrc_planning_msgs) by extension 'ignore_ament_install'
[0.702s] Level 1:colcon.colcon_core.package_identification:_identify(crrc_planning_msgs) by extensions ['colcon_pkg']
[0.703s] Level 1:colcon.colcon_core.package_identification:_identify(crrc_planning_msgs) by extension 'colcon_pkg'
[0.703s] Level 1:colcon.colcon_core.package_identification:_identify(crrc_planning_msgs) by extensions ['colcon_meta']
[0.703s] Level 1:colcon.colcon_core.package_identification:_identify(crrc_planning_msgs) by extension 'colcon_meta'
[0.703s] Level 1:colcon.colcon_core.package_identification:_identify(crrc_planning_msgs) by extensions ['ros']
[0.703s] Level 1:colcon.colcon_core.package_identification:_identify(crrc_planning_msgs) by extension 'ros'
[0.704s] DEBUG:colcon.colcon_core.package_identification:Package 'crrc_planning_msgs' with type 'ros.ament_cmake' and name 'crrc_planning_msgs'
[0.704s] Level 1:colcon.colcon_core.package_identification:_identify(crrc_rtc_msgs) by extensions ['ignore', 'ignore_ament_install']
[0.705s] Level 1:colcon.colcon_core.package_identification:_identify(crrc_rtc_msgs) by extension 'ignore'
[0.705s] Level 1:colcon.colcon_core.package_identification:_identify(crrc_rtc_msgs) by extension 'ignore_ament_install'
[0.705s] Level 1:colcon.colcon_core.package_identification:_identify(crrc_rtc_msgs) by extensions ['colcon_pkg']
[0.705s] Level 1:colcon.colcon_core.package_identification:_identify(crrc_rtc_msgs) by extension 'colcon_pkg'
[0.705s] Level 1:colcon.colcon_core.package_identification:_identify(crrc_rtc_msgs) by extensions ['colcon_meta']
[0.705s] Level 1:colcon.colcon_core.package_identification:_identify(crrc_rtc_msgs) by extension 'colcon_meta'
[0.705s] Level 1:colcon.colcon_core.package_identification:_identify(crrc_rtc_msgs) by extensions ['ros']
[0.705s] Level 1:colcon.colcon_core.package_identification:_identify(crrc_rtc_msgs) by extension 'ros'
[0.706s] DEBUG:colcon.colcon_core.package_identification:Package 'crrc_rtc_msgs' with type 'ros.ament_cmake' and name 'crrc_rtc_msgs'
[0.706s] Level 1:colcon.colcon_core.package_identification:_identify(crrc_simulation_msgs) by extensions ['ignore', 'ignore_ament_install']
[0.707s] Level 1:colcon.colcon_core.package_identification:_identify(crrc_simulation_msgs) by extension 'ignore'
[0.707s] Level 1:colcon.colcon_core.package_identification:_identify(crrc_simulation_msgs) by extension 'ignore_ament_install'
[0.707s] Level 1:colcon.colcon_core.package_identification:_identify(crrc_simulation_msgs) by extensions ['colcon_pkg']
[0.707s] Level 1:colcon.colcon_core.package_identification:_identify(crrc_simulation_msgs) by extension 'colcon_pkg'
[0.707s] Level 1:colcon.colcon_core.package_identification:_identify(crrc_simulation_msgs) by extensions ['colcon_meta']
[0.707s] Level 1:colcon.colcon_core.package_identification:_identify(crrc_simulation_msgs) by extension 'colcon_meta'
[0.707s] Level 1:colcon.colcon_core.package_identification:_identify(crrc_simulation_msgs) by extensions ['ros']
[0.707s] Level 1:colcon.colcon_core.package_identification:_identify(crrc_simulation_msgs) by extension 'ros'
[0.708s] DEBUG:colcon.colcon_core.package_identification:Package 'crrc_simulation_msgs' with type 'ros.ament_cmake' and name 'crrc_simulation_msgs'
[0.708s] Level 1:colcon.colcon_core.package_identification:_identify(crrc_system_msgs) by extensions ['ignore', 'ignore_ament_install']
[0.708s] Level 1:colcon.colcon_core.package_identification:_identify(crrc_system_msgs) by extension 'ignore'
[0.709s] Level 1:colcon.colcon_core.package_identification:_identify(crrc_system_msgs) by extension 'ignore_ament_install'
[0.709s] Level 1:colcon.colcon_core.package_identification:_identify(crrc_system_msgs) by extensions ['colcon_pkg']
[0.709s] Level 1:colcon.colcon_core.package_identification:_identify(crrc_system_msgs) by extension 'colcon_pkg'
[0.709s] Level 1:colcon.colcon_core.package_identification:_identify(crrc_system_msgs) by extensions ['colcon_meta']
[0.709s] Level 1:colcon.colcon_core.package_identification:_identify(crrc_system_msgs) by extension 'colcon_meta'
[0.709s] Level 1:colcon.colcon_core.package_identification:_identify(crrc_system_msgs) by extensions ['ros']
[0.709s] Level 1:colcon.colcon_core.package_identification:_identify(crrc_system_msgs) by extension 'ros'
[0.711s] DEBUG:colcon.colcon_core.package_identification:Package 'crrc_system_msgs' with type 'ros.ament_cmake' and name 'crrc_system_msgs'
[0.711s] Level 1:colcon.colcon_core.package_identification:_identify(crrc_v2x_msgs) by extensions ['ignore', 'ignore_ament_install']
[0.711s] Level 1:colcon.colcon_core.package_identification:_identify(crrc_v2x_msgs) by extension 'ignore'
[0.711s] Level 1:colcon.colcon_core.package_identification:_identify(crrc_v2x_msgs) by extension 'ignore_ament_install'
[0.711s] Level 1:colcon.colcon_core.package_identification:_identify(crrc_v2x_msgs) by extensions ['colcon_pkg']
[0.711s] Level 1:colcon.colcon_core.package_identification:_identify(crrc_v2x_msgs) by extension 'colcon_pkg'
[0.711s] Level 1:colcon.colcon_core.package_identification:_identify(crrc_v2x_msgs) by extensions ['colcon_meta']
[0.711s] Level 1:colcon.colcon_core.package_identification:_identify(crrc_v2x_msgs) by extension 'colcon_meta'
[0.711s] Level 1:colcon.colcon_core.package_identification:_identify(crrc_v2x_msgs) by extensions ['ros']
[0.711s] Level 1:colcon.colcon_core.package_identification:_identify(crrc_v2x_msgs) by extension 'ros'
[0.713s] DEBUG:colcon.colcon_core.package_identification:Package 'crrc_v2x_msgs' with type 'ros.ament_cmake' and name 'crrc_v2x_msgs'
[0.713s] Level 1:colcon.colcon_core.package_identification:_identify(crrc_vehicle_msgs) by extensions ['ignore', 'ignore_ament_install']
[0.713s] Level 1:colcon.colcon_core.package_identification:_identify(crrc_vehicle_msgs) by extension 'ignore'
[0.713s] Level 1:colcon.colcon_core.package_identification:_identify(crrc_vehicle_msgs) by extension 'ignore_ament_install'
[0.713s] Level 1:colcon.colcon_core.package_identification:_identify(crrc_vehicle_msgs) by extensions ['colcon_pkg']
[0.713s] Level 1:colcon.colcon_core.package_identification:_identify(crrc_vehicle_msgs) by extension 'colcon_pkg'
[0.713s] Level 1:colcon.colcon_core.package_identification:_identify(crrc_vehicle_msgs) by extensions ['colcon_meta']
[0.713s] Level 1:colcon.colcon_core.package_identification:_identify(crrc_vehicle_msgs) by extension 'colcon_meta'
[0.713s] Level 1:colcon.colcon_core.package_identification:_identify(crrc_vehicle_msgs) by extensions ['ros']
[0.713s] Level 1:colcon.colcon_core.package_identification:_identify(crrc_vehicle_msgs) by extension 'ros'
[0.715s] DEBUG:colcon.colcon_core.package_identification:Package 'crrc_vehicle_msgs' with type 'ros.ament_cmake' and name 'crrc_vehicle_msgs'
[0.715s] Level 1:colcon.colcon_core.package_discovery:discover_packages(recursive) using defaults
[0.715s] Level 1:colcon.colcon_core.package_discovery:discover_packages(ignore) discover
[0.715s] Level 1:colcon.colcon_core.package_discovery:discover_packages(ignore) using defaults
[0.715s] Level 1:colcon.colcon_core.package_discovery:discover_packages(path) discover
[0.715s] Level 1:colcon.colcon_core.package_discovery:discover_packages(path) using defaults
[0.747s] INFO:colcon.colcon_core.package_selection:Skipping not selected package 'art_emergency_msgs' in 'art_emergency_msgs'
[0.747s] INFO:colcon.colcon_core.package_selection:Skipping not selected package 'crrcpilot_adapi_v1_msgs' in 'crrcpilot_adapi_v1_msgs'
[0.747s] INFO:colcon.colcon_core.package_selection:Skipping not selected package 'crrcpilot_adapi_version_msgs' in 'crrcpilot_adapi_version_msgs'
[0.747s] INFO:colcon.colcon_core.package_selection:Skipping not selected package 'crrcpilot_auto_geometry_msgs' in 'crrcpilot_auto_geometry_msgs'
[0.747s] INFO:colcon.colcon_core.package_selection:Skipping not selected package 'crrcpilot_common_msgs' in 'crrcpilot_common_msgs'
[0.747s] INFO:colcon.colcon_core.package_selection:Skipping not selected package 'crrcpilot_control_msgs' in 'crrcpilot_control_msgs'
[0.747s] INFO:colcon.colcon_core.package_selection:Skipping not selected package 'crrcpilot_internal_msgs' in 'crrcpilot_internal_msgs'
[0.747s] INFO:colcon.colcon_core.package_selection:Skipping not selected package 'crrcpilot_map_msgs' in 'crrcpilot_map_msgs'
[0.747s] INFO:colcon.colcon_core.package_selection:Skipping not selected package 'crrcpilot_perception_msgs' in 'crrcpilot_perception_msgs'
[0.747s] INFO:colcon.colcon_core.package_selection:Skipping not selected package 'crrcpilot_planning_msgs' in 'crrcpilot_planning_msgs'
[0.747s] INFO:colcon.colcon_core.package_selection:Skipping not selected package 'crrcpilot_sensing_msgs' in 'crrcpilot_sensing_msgs'
[0.747s] INFO:colcon.colcon_core.package_selection:Skipping not selected package 'crrcpilot_system_msgs' in 'crrcpilot_system_msgs'
[0.747s] INFO:colcon.colcon_core.package_selection:Skipping not selected package 'departure_check_msgs' in 'departure_check_msgs'
[0.747s] INFO:colcon.colcon_core.package_selection:Skipping not selected package 'lidar_monitor_msg' in 'lidar_monitor_msg'
[0.747s] INFO:colcon.colcon_core.package_selection:Skipping not selected package 'msg_aeb' in 'msg_aeb'
[0.747s] INFO:colcon.colcon_core.package_selection:Skipping not selected package 'msg_common' in 'msg_common'
[0.747s] INFO:colcon.colcon_core.package_selection:Skipping not selected package 'msg_info_router' in 'msg_info_router'
[0.747s] INFO:colcon.colcon_core.package_selection:Skipping not selected package 'msg_lidar_shape' in 'msg_lidar_shape'
[0.747s] INFO:colcon.colcon_core.package_selection:Skipping not selected package 'msg_mulit_net' in 'msg_mulit_net'
[0.747s] INFO:colcon.colcon_core.package_selection:Skipping not selected package 'msg_v_state' in 'msg_v_state'
[0.747s] INFO:colcon.colcon_core.package_selection:Skipping not selected package 'radar_msgs' in 'radar_msgs'
[0.747s] INFO:colcon.colcon_core.package_selection:Skipping not selected package 'shm_msgs' in 'shm_msgs'
[0.747s] INFO:colcon.colcon_core.package_selection:Skipping not selected package 'crrc_debug_msgs' in 'crrc_debug_msgs'
[0.747s] INFO:colcon.colcon_core.package_selection:Skipping not selected package 'crrc_external_api_msgs' in 'crrc_external_api_msgs'
[0.747s] INFO:colcon.colcon_core.package_selection:Skipping not selected package 'crrc_map_msgs' in 'crrc_map_msgs'
[0.748s] INFO:colcon.colcon_core.package_selection:Skipping not selected package 'crrc_rtc_msgs' in 'crrc_rtc_msgs'
[0.748s] INFO:colcon.colcon_core.package_selection:Skipping not selected package 'crrc_simulation_msgs' in 'crrc_simulation_msgs'
[0.748s] INFO:colcon.colcon_core.package_selection:Skipping not selected package 'crrc_v2x_msgs' in 'crrc_v2x_msgs'
[0.748s] INFO:colcon.colcon_core.package_selection:Skipping not selected package 'crrcpilot_vehicle_msgs' in 'crrcpilot_vehicle_msgs'
[0.748s] INFO:colcon.colcon_core.package_selection:Skipping not selected package 'msg_obj' in 'msg_obj'
[0.748s] INFO:colcon.colcon_core.package_selection:Skipping not selected package 'crrc_control_msgs' in 'crrc_control_msgs'
[0.748s] INFO:colcon.colcon_core.package_selection:Skipping not selected package 'crrc_hmi_msgs' in 'crrc_hmi_msgs'
[0.748s] INFO:colcon.colcon_core.package_selection:Skipping not selected package 'crrc_localization_msgs' in 'crrc_localization_msgs'
[0.748s] INFO:colcon.colcon_core.package_selection:Skipping not selected package 'crrc_perception_msgs' in 'crrc_perception_msgs'
[0.748s] INFO:colcon.colcon_core.package_selection:Skipping not selected package 'crrc_planning_msgs' in 'crrc_planning_msgs'
[0.748s] INFO:colcon.colcon_core.package_selection:Skipping not selected package 'crrc_system_msgs' in 'crrc_system_msgs'
[0.748s] INFO:colcon.colcon_core.package_selection:Skipping not selected package 'crrc_api_msgs' in 'crrc_api_msgs'
[0.748s] INFO:colcon.colcon_core.package_selection:Skipping not selected package 'crrc_vehicle_msgs' in 'crrc_vehicle_msgs'
[0.748s] INFO:colcon.colcon_core.package_selection:Skipping not selected package 'crrc_auto_msgs_converter' in 'crrc_auto_msgs_converter'
[0.749s] Level 1:colcon.colcon_core.package_discovery:discover_packages(prefix_path) check parameters
[0.749s] Level 1:colcon.colcon_core.package_discovery:discover_packages(prefix_path) discover
[0.752s] DEBUG:colcon.colcon_installed_package_information.package_discovery:Found 326 installed packages in /opt/ros/humble
[0.755s] Level 1:colcon.colcon_core.package_discovery:discover_packages(prefix_path) using defaults
[0.857s] Level 5:colcon.colcon_core.verb:set package 'art_interface_msg' build argument 'cmake_args' from command line to '['-DCMAKE_BUILD_TYPE=Release', '-DBUILD_TESTING=off']'
[0.857s] Level 5:colcon.colcon_core.verb:set package 'art_interface_msg' build argument 'cmake_target' from command line to 'None'
[0.857s] Level 5:colcon.colcon_core.verb:set package 'art_interface_msg' build argument 'cmake_target_skip_unavailable' from command line to 'False'
[0.857s] Level 5:colcon.colcon_core.verb:set package 'art_interface_msg' build argument 'cmake_clean_cache' from command line to 'False'
[0.857s] Level 5:colcon.colcon_core.verb:set package 'art_interface_msg' build argument 'cmake_clean_first' from command line to 'False'
[0.857s] Level 5:colcon.colcon_core.verb:set package 'art_interface_msg' build argument 'cmake_force_configure' from command line to 'False'
[0.857s] Level 5:colcon.colcon_core.verb:set package 'art_interface_msg' build argument 'ament_cmake_args' from command line to 'None'
[0.857s] Level 5:colcon.colcon_core.verb:set package 'art_interface_msg' build argument 'catkin_cmake_args' from command line to 'None'
[0.857s] Level 5:colcon.colcon_core.verb:set package 'art_interface_msg' build argument 'catkin_skip_building_tests' from command line to 'False'
[0.857s] DEBUG:colcon.colcon_core.verb:Building package 'art_interface_msg' with the following arguments: {'ament_cmake_args': None, 'build_base': '/home/nvidia/workspace/msgs/src/build/art_interface_msg', 'catkin_cmake_args': None, 'catkin_skip_building_tests': False, 'cmake_args': ['-DCMAKE_BUILD_TYPE=Release', '-DBUILD_TESTING=off'], 'cmake_clean_cache': False, 'cmake_clean_first': False, 'cmake_force_configure': False, 'cmake_target': None, 'cmake_target_skip_unavailable': False, 'install_base': '/home/nvidia/workspace/msgs/src/install/art_interface_msg', 'merge_install': False, 'path': '/home/nvidia/workspace/msgs/src/art_interface_msg', 'symlink_install': False, 'test_result_base': None}
[0.857s] INFO:colcon.colcon_core.executor:Executing jobs using 'parallel' executor
[0.860s] DEBUG:colcon.colcon_parallel_executor.executor.parallel:run_until_complete
[0.860s] INFO:colcon.colcon_ros.task.ament_cmake.build:Building ROS package in '/home/nvidia/workspace/msgs/src/art_interface_msg' with build type 'ament_cmake'
[0.860s] INFO:colcon.colcon_cmake.task.cmake.build:Building CMake package in '/home/nvidia/workspace/msgs/src/art_interface_msg'
[0.864s] INFO:colcon.colcon_core.plugin_system:Skipping extension 'colcon_core.shell.bat': Not used on non-Windows systems
[0.865s] INFO:colcon.colcon_core.shell:Skip shell extension 'powershell' for command environment: Not usable outside of PowerShell
[0.865s] DEBUG:colcon.colcon_core.shell:Skip shell extension 'dsv' for command environment
[0.880s] DEBUG:colcon.colcon_core.event_handler.log_command:Invoking command in '/home/nvidia/workspace/msgs/src/build/art_interface_msg': CMAKE_PREFIX_PATH=/opt/ros/humble /usr/local/bin/cmake /home/nvidia/workspace/msgs/src/art_interface_msg -DCMAKE_BUILD_TYPE=Release -DBUILD_TESTING=off -DCMAKE_INSTALL_PREFIX=/home/nvidia/workspace/msgs/src/install/art_interface_msg
[2.858s] DEBUG:colcon.colcon_core.event_handler.log_command:Invoked command in '/home/nvidia/workspace/msgs/src/build/art_interface_msg' returned '0': CMAKE_PREFIX_PATH=/opt/ros/humble /usr/local/bin/cmake /home/nvidia/workspace/msgs/src/art_interface_msg -DCMAKE_BUILD_TYPE=Release -DBUILD_TESTING=off -DCMAKE_INSTALL_PREFIX=/home/nvidia/workspace/msgs/src/install/art_interface_msg
[2.865s] DEBUG:colcon.colcon_core.event_handler.log_command:Invoking command in '/home/nvidia/workspace/msgs/src/build/art_interface_msg': CMAKE_PREFIX_PATH=/opt/ros/humble /usr/local/bin/cmake --build /home/nvidia/workspace/msgs/src/build/art_interface_msg -- -j12 -l12
[7.344s] DEBUG:colcon.colcon_core.event_handler.log_command:Invoked command in '/home/nvidia/workspace/msgs/src/build/art_interface_msg' returned '0': CMAKE_PREFIX_PATH=/opt/ros/humble /usr/local/bin/cmake --build /home/nvidia/workspace/msgs/src/build/art_interface_msg -- -j12 -l12
[7.359s] DEBUG:colcon.colcon_core.event_handler.log_command:Invoking command in '/home/nvidia/workspace/msgs/src/build/art_interface_msg': CMAKE_PREFIX_PATH=/opt/ros/humble /usr/local/bin/cmake --install /home/nvidia/workspace/msgs/src/build/art_interface_msg
[7.466s] Level 1:colcon.colcon_core.environment:create_environment_scripts_only(art_interface_msg)
[7.472s] DEBUG:colcon.colcon_core.event_handler.log_command:Invoked command in '/home/nvidia/workspace/msgs/src/build/art_interface_msg' returned '0': CMAKE_PREFIX_PATH=/opt/ros/humble /usr/local/bin/cmake --install /home/nvidia/workspace/msgs/src/build/art_interface_msg
[7.478s] Level 1:colcon.colcon_core.environment:checking '/home/nvidia/workspace/msgs/src/install/art_interface_msg' for CMake module files
[7.481s] Level 1:colcon.colcon_core.environment:checking '/home/nvidia/workspace/msgs/src/install/art_interface_msg' for CMake config files
[7.482s] Level 1:colcon.colcon_core.shell:create_environment_hook('art_interface_msg', 'cmake_prefix_path')
[7.483s] INFO:colcon.colcon_core.shell:Creating environment hook '/home/nvidia/workspace/msgs/src/install/art_interface_msg/share/art_interface_msg/hook/cmake_prefix_path.ps1'
[7.486s] INFO:colcon.colcon_core.shell:Creating environment descriptor '/home/nvidia/workspace/msgs/src/install/art_interface_msg/share/art_interface_msg/hook/cmake_prefix_path.dsv'
[7.487s] INFO:colcon.colcon_core.shell:Creating environment hook '/home/nvidia/workspace/msgs/src/install/art_interface_msg/share/art_interface_msg/hook/cmake_prefix_path.sh'
[7.490s] Level 1:colcon.colcon_core.environment:checking '/home/nvidia/workspace/msgs/src/install/art_interface_msg/lib'
[7.491s] Level 1:colcon.colcon_core.shell:create_environment_hook('art_interface_msg', 'ld_library_path_lib')
[7.492s] INFO:colcon.colcon_core.shell:Creating environment hook '/home/nvidia/workspace/msgs/src/install/art_interface_msg/share/art_interface_msg/hook/ld_library_path_lib.ps1'
[7.493s] INFO:colcon.colcon_core.shell:Creating environment descriptor '/home/nvidia/workspace/msgs/src/install/art_interface_msg/share/art_interface_msg/hook/ld_library_path_lib.dsv'
[7.494s] INFO:colcon.colcon_core.shell:Creating environment hook '/home/nvidia/workspace/msgs/src/install/art_interface_msg/share/art_interface_msg/hook/ld_library_path_lib.sh'
[7.495s] Level 1:colcon.colcon_core.environment:checking '/home/nvidia/workspace/msgs/src/install/art_interface_msg/bin'
[7.496s] Level 1:colcon.colcon_core.environment:checking '/home/nvidia/workspace/msgs/src/install/art_interface_msg/lib/pkgconfig/art_interface_msg.pc'
[7.497s] Level 1:colcon.colcon_core.environment:checking '/home/nvidia/workspace/msgs/src/install/art_interface_msg/lib/python3.8/site-packages'
[7.497s] Level 1:colcon.colcon_core.environment:checking '/home/nvidia/workspace/msgs/src/install/art_interface_msg/bin'
[7.498s] INFO:colcon.colcon_core.shell:Creating package script '/home/nvidia/workspace/msgs/src/install/art_interface_msg/share/art_interface_msg/package.ps1'
[7.501s] INFO:colcon.colcon_core.shell:Creating package descriptor '/home/nvidia/workspace/msgs/src/install/art_interface_msg/share/art_interface_msg/package.dsv'
[7.502s] INFO:colcon.colcon_core.shell:Creating package script '/home/nvidia/workspace/msgs/src/install/art_interface_msg/share/art_interface_msg/package.sh'
[7.505s] INFO:colcon.colcon_core.shell:Creating package script '/home/nvidia/workspace/msgs/src/install/art_interface_msg/share/art_interface_msg/package.bash'
[7.506s] INFO:colcon.colcon_core.shell:Creating package script '/home/nvidia/workspace/msgs/src/install/art_interface_msg/share/art_interface_msg/package.zsh'
[7.507s] Level 1:colcon.colcon_core.environment:create_file_with_runtime_dependencies(/home/nvidia/workspace/msgs/src/install/art_interface_msg/share/colcon-core/packages/art_interface_msg)
[7.508s] Level 1:colcon.colcon_core.environment:create_environment_scripts_only(art_interface_msg)
[7.509s] Level 1:colcon.colcon_core.environment:checking '/home/nvidia/workspace/msgs/src/install/art_interface_msg' for CMake module files
[7.510s] Level 1:colcon.colcon_core.environment:checking '/home/nvidia/workspace/msgs/src/install/art_interface_msg' for CMake config files
[7.510s] Level 1:colcon.colcon_core.shell:create_environment_hook('art_interface_msg', 'cmake_prefix_path')
[7.510s] INFO:colcon.colcon_core.shell:Creating environment hook '/home/nvidia/workspace/msgs/src/install/art_interface_msg/share/art_interface_msg/hook/cmake_prefix_path.ps1'
[7.511s] INFO:colcon.colcon_core.shell:Creating environment descriptor '/home/nvidia/workspace/msgs/src/install/art_interface_msg/share/art_interface_msg/hook/cmake_prefix_path.dsv'
[7.511s] INFO:colcon.colcon_core.shell:Creating environment hook '/home/nvidia/workspace/msgs/src/install/art_interface_msg/share/art_interface_msg/hook/cmake_prefix_path.sh'
[7.512s] Level 1:colcon.colcon_core.environment:checking '/home/nvidia/workspace/msgs/src/install/art_interface_msg/lib'
[7.512s] Level 1:colcon.colcon_core.shell:create_environment_hook('art_interface_msg', 'ld_library_path_lib')
[7.513s] INFO:colcon.colcon_core.shell:Creating environment hook '/home/nvidia/workspace/msgs/src/install/art_interface_msg/share/art_interface_msg/hook/ld_library_path_lib.ps1'
[7.513s] INFO:colcon.colcon_core.shell:Creating environment descriptor '/home/nvidia/workspace/msgs/src/install/art_interface_msg/share/art_interface_msg/hook/ld_library_path_lib.dsv'
[7.514s] INFO:colcon.colcon_core.shell:Creating environment hook '/home/nvidia/workspace/msgs/src/install/art_interface_msg/share/art_interface_msg/hook/ld_library_path_lib.sh'
[7.514s] Level 1:colcon.colcon_core.environment:checking '/home/nvidia/workspace/msgs/src/install/art_interface_msg/bin'
[7.514s] Level 1:colcon.colcon_core.environment:checking '/home/nvidia/workspace/msgs/src/install/art_interface_msg/lib/pkgconfig/art_interface_msg.pc'
[7.515s] Level 1:colcon.colcon_core.environment:checking '/home/nvidia/workspace/msgs/src/install/art_interface_msg/lib/python3.8/site-packages'
[7.515s] Level 1:colcon.colcon_core.environment:checking '/home/nvidia/workspace/msgs/src/install/art_interface_msg/bin'
[7.515s] INFO:colcon.colcon_core.shell:Creating package script '/home/nvidia/workspace/msgs/src/install/art_interface_msg/share/art_interface_msg/package.ps1'
[7.516s] INFO:colcon.colcon_core.shell:Creating package descriptor '/home/nvidia/workspace/msgs/src/install/art_interface_msg/share/art_interface_msg/package.dsv'
[7.517s] INFO:colcon.colcon_core.shell:Creating package script '/home/nvidia/workspace/msgs/src/install/art_interface_msg/share/art_interface_msg/package.sh'
[7.518s] INFO:colcon.colcon_core.shell:Creating package script '/home/nvidia/workspace/msgs/src/install/art_interface_msg/share/art_interface_msg/package.bash'
[7.518s] INFO:colcon.colcon_core.shell:Creating package script '/home/nvidia/workspace/msgs/src/install/art_interface_msg/share/art_interface_msg/package.zsh'
[7.519s] Level 1:colcon.colcon_core.environment:create_file_with_runtime_dependencies(/home/nvidia/workspace/msgs/src/install/art_interface_msg/share/colcon-core/packages/art_interface_msg)
[7.520s] DEBUG:colcon.colcon_parallel_executor.executor.parallel:closing loop
[7.520s] DEBUG:colcon.colcon_parallel_executor.executor.parallel:loop closed
[7.521s] DEBUG:colcon.colcon_parallel_executor.executor.parallel:run_until_complete finished with '0'
[7.521s] DEBUG:colcon.colcon_core.event_reactor:joining thread
[7.531s] INFO:colcon.colcon_core.plugin_system:Skipping extension 'colcon_notification.desktop_notification.terminal_notifier': Not used on non-Darwin systems
[7.531s] INFO:colcon.colcon_core.plugin_system:Skipping extension 'colcon_notification.desktop_notification.win32': Not used on non-Windows systems
[7.531s] INFO:colcon.colcon_notification.desktop_notification:Sending desktop notification using 'notify2'
[7.558s] DEBUG:colcon.colcon_core.event_reactor:joined thread
[7.559s] INFO:colcon.colcon_core.shell:Creating prefix script '/home/nvidia/workspace/msgs/src/install/local_setup.ps1'
[7.560s] INFO:colcon.colcon_core.shell:Creating prefix util module '/home/nvidia/workspace/msgs/src/install/_local_setup_util_ps1.py'
[7.562s] INFO:colcon.colcon_core.shell:Creating prefix chain script '/home/nvidia/workspace/msgs/src/install/setup.ps1'
[7.564s] INFO:colcon.colcon_core.shell:Creating prefix script '/home/nvidia/workspace/msgs/src/install/local_setup.sh'
[7.565s] INFO:colcon.colcon_core.shell:Creating prefix util module '/home/nvidia/workspace/msgs/src/install/_local_setup_util_sh.py'
[7.566s] INFO:colcon.colcon_core.shell:Creating prefix chain script '/home/nvidia/workspace/msgs/src/install/setup.sh'
[7.567s] INFO:colcon.colcon_core.shell:Creating prefix script '/home/nvidia/workspace/msgs/src/install/local_setup.bash'
[7.568s] INFO:colcon.colcon_core.shell:Creating prefix chain script '/home/nvidia/workspace/msgs/src/install/setup.bash'
[7.569s] INFO:colcon.colcon_core.shell:Creating prefix script '/home/nvidia/workspace/msgs/src/install/local_setup.zsh'
[7.570s] INFO:colcon.colcon_core.shell:Creating prefix chain script '/home/nvidia/workspace/msgs/src/install/setup.zsh'
