The system is: Windows - 10.0.19045 - AMD64
Compiling the C compiler identification source file "CMakeCCompilerId.c" succeeded.
Compiler: D:/visual stuidio IDE/VC/Tools/MSVC/14.29.30133/bin/Hostx64/x64/cl.exe 
Build flags: 
Id flags:  

The output was:
0
用于 x64 的 Microsoft (R) C/C++ 优化编译器 19.29.30133 版
版权所有(C) Microsoft Corporation。保留所有权利。

CMakeCCompilerId.c
Microsoft (R) Incremental Linker Version 14.29.30133.0
Copyright (C) Microsoft Corporation.  All rights reserved.

/out:CMakeCCompilerId.exe 
CMakeCCompilerId.obj 


Compilation of the C compiler identification source "CMakeCCompilerId.c" produced "CMakeCCompilerId.exe"

Compilation of the C compiler identification source "CMakeCCompilerId.c" produced "CMakeCCompilerId.obj"

The C compiler identification is MSVC, found in "G:/代码备份/20250220crrc_interface_2.0 afterdr330最新/crrc_interface_2.0/src/art_interface_msg/out/build/x64-Debug/CMakeFiles/3.20.21032501-MSVC_2/CompilerIdC/CMakeCCompilerId.exe"

Compiling the CXX compiler identification source file "CMakeCXXCompilerId.cpp" succeeded.
Compiler: D:/visual stuidio IDE/VC/Tools/MSVC/14.29.30133/bin/Hostx64/x64/cl.exe 
Build flags: 
Id flags:  

The output was:
0
用于 x64 的 Microsoft (R) C/C++ 优化编译器 19.29.30133 版
版权所有(C) Microsoft Corporation。保留所有权利。

CMakeCXXCompilerId.cpp
Microsoft (R) Incremental Linker Version 14.29.30133.0
Copyright (C) Microsoft Corporation.  All rights reserved.

/out:CMakeCXXCompilerId.exe 
CMakeCXXCompilerId.obj 


Compilation of the CXX compiler identification source "CMakeCXXCompilerId.cpp" produced "CMakeCXXCompilerId.exe"

Compilation of the CXX compiler identification source "CMakeCXXCompilerId.cpp" produced "CMakeCXXCompilerId.obj"

The CXX compiler identification is MSVC, found in "G:/代码备份/20250220crrc_interface_2.0 afterdr330最新/crrc_interface_2.0/src/art_interface_msg/out/build/x64-Debug/CMakeFiles/3.20.21032501-MSVC_2/CompilerIdCXX/CMakeCXXCompilerId.exe"

Detecting C compiler ABI info compiled with the following output:
Change Dir: G:/代码备份/20250220crrc_interface_2.0 afterdr330最新/crrc_interface_2.0/src/art_interface_msg/out/build/x64-Debug/CMakeFiles/CMakeTmp

Run Build Command(s):D:/visual stuidio IDE/Common7/IDE/CommonExtensions/Microsoft/CMake/Ninja/ninja.exe cmTC_ab8f5 && [1/2] Building C object CMakeFiles\cmTC_ab8f5.dir\CMakeCCompilerABI.c.obj
[2/2] Linking C executable cmTC_ab8f5.exe



Detecting CXX compiler ABI info compiled with the following output:
Change Dir: G:/代码备份/20250220crrc_interface_2.0 afterdr330最新/crrc_interface_2.0/src/art_interface_msg/out/build/x64-Debug/CMakeFiles/CMakeTmp

Run Build Command(s):D:/visual stuidio IDE/Common7/IDE/CommonExtensions/Microsoft/CMake/Ninja/ninja.exe cmTC_42343 && [1/2] Building CXX object CMakeFiles\cmTC_42343.dir\CMakeCXXCompilerABI.cpp.obj
[2/2] Linking CXX executable cmTC_42343.exe



