[0.349s] DEBUG:colcon:Command line arguments: ['/usr/bin/colcon', 'build', '--cmake-args', '-DCMAKE_BUILD_TYPE=Release', '-DBUILD_TESTING=off', '--continue-on-error', '--packages-select', 'art_interface_msg']
[0.349s] DEBUG:colcon:Parsed command line arguments: Namespace(allow_overriding=[], ament_cmake_args=None, base_paths=['.'], build_base='build', catkin_cmake_args=None, catkin_skip_building_tests=False, cmake_args=['-DCMAKE_BUILD_TYPE=Release', '-DBUILD_TESTING=off'], cmake_clean_cache=False, cmake_clean_first=False, cmake_force_configure=False, cmake_target=None, cmake_target_skip_unavailable=False, continue_on_error=True, event_handlers=None, executor='parallel', ignore_user_meta=False, install_base='install', log_base=None, log_level=None, main=<bound method BuildVerb.main of <colcon_core.verb.build.BuildVerb object at 0xffff9daf4970>>, merge_install=False, metas=['./colcon.meta'], packages_above=None, packages_above_and_dependencies=None, packages_above_depth=None, packages_end=None, packages_ignore=None, packages_ignore_regex=None, packages_select=['art_interface_msg'], packages_select_build_failed=False, packages_select_by_dep=None, packages_select_regex=None, packages_select_test_failures=False, packages_skip=None, packages_skip_build_finished=False, packages_skip_by_dep=None, packages_skip_regex=None, packages_skip_test_passed=False, packages_skip_up_to=None, packages_start=None, packages_up_to=None, packages_up_to_regex=None, parallel_workers=12, paths=None, symlink_install=False, test_result_base=None, verb_extension=<colcon_core.verb.build.BuildVerb object at 0xffff9daf4970>, verb_name='build', verb_parser=<colcon_defaults.argument_parser.defaults.DefaultArgumentsDecorator object at 0xffff9da25b50>)
[0.636s] Level 1:colcon.colcon_core.package_discovery:discover_packages(colcon_meta) check parameters
[0.637s] Level 1:colcon.colcon_core.package_discovery:discover_packages(recursive) check parameters
[0.637s] Level 1:colcon.colcon_core.package_discovery:discover_packages(ignore) check parameters
[0.637s] Level 1:colcon.colcon_core.package_discovery:discover_packages(path) check parameters
[0.637s] Level 1:colcon.colcon_core.package_discovery:discover_packages(colcon_meta) discover
[0.637s] Level 1:colcon.colcon_core.package_discovery:discover_packages(recursive) discover
[0.637s] INFO:colcon.colcon_core.package_discovery:Crawling recursively for packages in '/home/nvidia/workspace/msgs/src'
[0.637s] Level 1:colcon.colcon_core.package_identification:_identify(.) by extensions ['ignore', 'ignore_ament_install']
[0.639s] Level 1:colcon.colcon_core.package_identification:_identify(.) by extension 'ignore'
[0.639s] Level 1:colcon.colcon_core.package_identification:_identify(.) by extension 'ignore_ament_install'
[0.639s] Level 1:colcon.colcon_core.package_identification:_identify(.) by extensions ['colcon_pkg']
[0.639s] Level 1:colcon.colcon_core.package_identification:_identify(.) by extension 'colcon_pkg'
[0.639s] Level 1:colcon.colcon_core.package_identification:_identify(.) by extensions ['colcon_meta']
[0.639s] Level 1:colcon.colcon_core.package_identification:_identify(.) by extension 'colcon_meta'
[0.639s] Level 1:colcon.colcon_core.package_identification:_identify(.) by extensions ['ros']
[0.639s] Level 1:colcon.colcon_core.package_identification:_identify(.) by extension 'ros'
[0.657s] Level 1:colcon.colcon_core.package_identification:_identify(.) by extensions ['cmake', 'python']
[0.657s] Level 1:colcon.colcon_core.package_identification:_identify(.) by extension 'cmake'
[0.657s] Level 1:colcon.colcon_core.package_identification:_identify(.) by extension 'python'
[0.657s] Level 1:colcon.colcon_core.package_identification:_identify(.) by extensions ['python_setup_py']
[0.657s] Level 1:colcon.colcon_core.package_identification:_identify(.) by extension 'python_setup_py'
[0.658s] Level 1:colcon.colcon_core.package_identification:_identify(art_emergency_msgs) by extensions ['ignore', 'ignore_ament_install']
[0.658s] Level 1:colcon.colcon_core.package_identification:_identify(art_emergency_msgs) by extension 'ignore'
[0.658s] Level 1:colcon.colcon_core.package_identification:_identify(art_emergency_msgs) by extension 'ignore_ament_install'
[0.658s] Level 1:colcon.colcon_core.package_identification:_identify(art_emergency_msgs) by extensions ['colcon_pkg']
[0.658s] Level 1:colcon.colcon_core.package_identification:_identify(art_emergency_msgs) by extension 'colcon_pkg'
[0.658s] Level 1:colcon.colcon_core.package_identification:_identify(art_emergency_msgs) by extensions ['colcon_meta']
[0.658s] Level 1:colcon.colcon_core.package_identification:_identify(art_emergency_msgs) by extension 'colcon_meta'
[0.658s] Level 1:colcon.colcon_core.package_identification:_identify(art_emergency_msgs) by extensions ['ros']
[0.658s] Level 1:colcon.colcon_core.package_identification:_identify(art_emergency_msgs) by extension 'ros'
[0.671s] DEBUG:colcon.colcon_core.package_identification:Package 'art_emergency_msgs' with type 'ros.ament_cmake' and name 'art_emergency_msgs'
[0.672s] Level 1:colcon.colcon_core.package_identification:_identify(art_interface_msg) by extensions ['ignore', 'ignore_ament_install']
[0.672s] Level 1:colcon.colcon_core.package_identification:_identify(art_interface_msg) by extension 'ignore'
[0.672s] Level 1:colcon.colcon_core.package_identification:_identify(art_interface_msg) by extension 'ignore_ament_install'
[0.672s] Level 1:colcon.colcon_core.package_identification:_identify(art_interface_msg) by extensions ['colcon_pkg']
[0.672s] Level 1:colcon.colcon_core.package_identification:_identify(art_interface_msg) by extension 'colcon_pkg'
[0.672s] Level 1:colcon.colcon_core.package_identification:_identify(art_interface_msg) by extensions ['colcon_meta']
[0.672s] Level 1:colcon.colcon_core.package_identification:_identify(art_interface_msg) by extension 'colcon_meta'
[0.672s] Level 1:colcon.colcon_core.package_identification:_identify(art_interface_msg) by extensions ['ros']
[0.672s] Level 1:colcon.colcon_core.package_identification:_identify(art_interface_msg) by extension 'ros'
[0.674s] DEBUG:colcon.colcon_core.package_identification:Package 'art_interface_msg' with type 'ros.ament_cmake' and name 'art_interface_msg'
[0.675s] Level 1:colcon.colcon_core.package_identification:_identify(crrcpilot_adapi_v1_msgs) by extensions ['ignore', 'ignore_ament_install']
[0.675s] Level 1:colcon.colcon_core.package_identification:_identify(crrcpilot_adapi_v1_msgs) by extension 'ignore'
[0.675s] Level 1:colcon.colcon_core.package_identification:_identify(crrcpilot_adapi_v1_msgs) by extension 'ignore_ament_install'
[0.675s] Level 1:colcon.colcon_core.package_identification:_identify(crrcpilot_adapi_v1_msgs) by extensions ['colcon_pkg']
[0.675s] Level 1:colcon.colcon_core.package_identification:_identify(crrcpilot_adapi_v1_msgs) by extension 'colcon_pkg'
[0.675s] Level 1:colcon.colcon_core.package_identification:_identify(crrcpilot_adapi_v1_msgs) by extensions ['colcon_meta']
[0.675s] Level 1:colcon.colcon_core.package_identification:_identify(crrcpilot_adapi_v1_msgs) by extension 'colcon_meta'
[0.675s] Level 1:colcon.colcon_core.package_identification:_identify(crrcpilot_adapi_v1_msgs) by extensions ['ros']
[0.675s] Level 1:colcon.colcon_core.package_identification:_identify(crrcpilot_adapi_v1_msgs) by extension 'ros'
[0.677s] DEBUG:colcon.colcon_core.package_identification:Package 'crrcpilot_adapi_v1_msgs' with type 'ros.ament_cmake' and name 'crrcpilot_adapi_v1_msgs'
[0.677s] Level 1:colcon.colcon_core.package_identification:_identify(crrcpilot_adapi_version_msgs) by extensions ['ignore', 'ignore_ament_install']
[0.677s] Level 1:colcon.colcon_core.package_identification:_identify(crrcpilot_adapi_version_msgs) by extension 'ignore'
[0.677s] Level 1:colcon.colcon_core.package_identification:_identify(crrcpilot_adapi_version_msgs) by extension 'ignore_ament_install'
[0.677s] Level 1:colcon.colcon_core.package_identification:_identify(crrcpilot_adapi_version_msgs) by extensions ['colcon_pkg']
[0.677s] Level 1:colcon.colcon_core.package_identification:_identify(crrcpilot_adapi_version_msgs) by extension 'colcon_pkg'
[0.677s] Level 1:colcon.colcon_core.package_identification:_identify(crrcpilot_adapi_version_msgs) by extensions ['colcon_meta']
[0.678s] Level 1:colcon.colcon_core.package_identification:_identify(crrcpilot_adapi_version_msgs) by extension 'colcon_meta'
[0.678s] Level 1:colcon.colcon_core.package_identification:_identify(crrcpilot_adapi_version_msgs) by extensions ['ros']
[0.678s] Level 1:colcon.colcon_core.package_identification:_identify(crrcpilot_adapi_version_msgs) by extension 'ros'
[0.679s] DEBUG:colcon.colcon_core.package_identification:Package 'crrcpilot_adapi_version_msgs' with type 'ros.ament_cmake' and name 'crrcpilot_adapi_version_msgs'
[0.679s] Level 1:colcon.colcon_core.package_identification:_identify(crrcpilot_auto_geometry_msgs) by extensions ['ignore', 'ignore_ament_install']
[0.679s] Level 1:colcon.colcon_core.package_identification:_identify(crrcpilot_auto_geometry_msgs) by extension 'ignore'
[0.679s] Level 1:colcon.colcon_core.package_identification:_identify(crrcpilot_auto_geometry_msgs) by extension 'ignore_ament_install'
[0.679s] Level 1:colcon.colcon_core.package_identification:_identify(crrcpilot_auto_geometry_msgs) by extensions ['colcon_pkg']
[0.679s] Level 1:colcon.colcon_core.package_identification:_identify(crrcpilot_auto_geometry_msgs) by extension 'colcon_pkg'
[0.679s] Level 1:colcon.colcon_core.package_identification:_identify(crrcpilot_auto_geometry_msgs) by extensions ['colcon_meta']
[0.679s] Level 1:colcon.colcon_core.package_identification:_identify(crrcpilot_auto_geometry_msgs) by extension 'colcon_meta'
[0.679s] Level 1:colcon.colcon_core.package_identification:_identify(crrcpilot_auto_geometry_msgs) by extensions ['ros']
[0.680s] Level 1:colcon.colcon_core.package_identification:_identify(crrcpilot_auto_geometry_msgs) by extension 'ros'
[0.681s] DEBUG:colcon.colcon_core.package_identification:Package 'crrcpilot_auto_geometry_msgs' with type 'ros.ament_cmake' and name 'crrcpilot_auto_geometry_msgs'
[0.681s] Level 1:colcon.colcon_core.package_identification:_identify(crrcpilot_common_msgs) by extensions ['ignore', 'ignore_ament_install']
[0.681s] Level 1:colcon.colcon_core.package_identification:_identify(crrcpilot_common_msgs) by extension 'ignore'
[0.681s] Level 1:colcon.colcon_core.package_identification:_identify(crrcpilot_common_msgs) by extension 'ignore_ament_install'
[0.681s] Level 1:colcon.colcon_core.package_identification:_identify(crrcpilot_common_msgs) by extensions ['colcon_pkg']
[0.681s] Level 1:colcon.colcon_core.package_identification:_identify(crrcpilot_common_msgs) by extension 'colcon_pkg'
[0.681s] Level 1:colcon.colcon_core.package_identification:_identify(crrcpilot_common_msgs) by extensions ['colcon_meta']
[0.681s] Level 1:colcon.colcon_core.package_identification:_identify(crrcpilot_common_msgs) by extension 'colcon_meta'
[0.682s] Level 1:colcon.colcon_core.package_identification:_identify(crrcpilot_common_msgs) by extensions ['ros']
[0.682s] Level 1:colcon.colcon_core.package_identification:_identify(crrcpilot_common_msgs) by extension 'ros'
[0.683s] DEBUG:colcon.colcon_core.package_identification:Package 'crrcpilot_common_msgs' with type 'ros.ament_cmake' and name 'crrcpilot_common_msgs'
[0.683s] Level 1:colcon.colcon_core.package_identification:_identify(crrcpilot_control_msgs) by extensions ['ignore', 'ignore_ament_install']
[0.683s] Level 1:colcon.colcon_core.package_identification:_identify(crrcpilot_control_msgs) by extension 'ignore'
[0.684s] Level 1:colcon.colcon_core.package_identification:_identify(crrcpilot_control_msgs) by extension 'ignore_ament_install'
[0.684s] Level 1:colcon.colcon_core.package_identification:_identify(crrcpilot_control_msgs) by extensions ['colcon_pkg']
[0.684s] Level 1:colcon.colcon_core.package_identification:_identify(crrcpilot_control_msgs) by extension 'colcon_pkg'
[0.684s] Level 1:colcon.colcon_core.package_identification:_identify(crrcpilot_control_msgs) by extensions ['colcon_meta']
[0.684s] Level 1:colcon.colcon_core.package_identification:_identify(crrcpilot_control_msgs) by extension 'colcon_meta'
[0.684s] Level 1:colcon.colcon_core.package_identification:_identify(crrcpilot_control_msgs) by extensions ['ros']
[0.684s] Level 1:colcon.colcon_core.package_identification:_identify(crrcpilot_control_msgs) by extension 'ros'
[0.686s] DEBUG:colcon.colcon_core.package_identification:Package 'crrcpilot_control_msgs' with type 'ros.ament_cmake' and name 'crrcpilot_control_msgs'
[0.686s] Level 1:colcon.colcon_core.package_identification:_identify(crrcpilot_internal_msgs) by extensions ['ignore', 'ignore_ament_install']
[0.686s] Level 1:colcon.colcon_core.package_identification:_identify(crrcpilot_internal_msgs) by extension 'ignore'
[0.686s] Level 1:colcon.colcon_core.package_identification:_identify(crrcpilot_internal_msgs) by extension 'ignore_ament_install'
[0.686s] Level 1:colcon.colcon_core.package_identification:_identify(crrcpilot_internal_msgs) by extensions ['colcon_pkg']
[0.686s] Level 1:colcon.colcon_core.package_identification:_identify(crrcpilot_internal_msgs) by extension 'colcon_pkg'
[0.686s] Level 1:colcon.colcon_core.package_identification:_identify(crrcpilot_internal_msgs) by extensions ['colcon_meta']
[0.686s] Level 1:colcon.colcon_core.package_identification:_identify(crrcpilot_internal_msgs) by extension 'colcon_meta'
[0.686s] Level 1:colcon.colcon_core.package_identification:_identify(crrcpilot_internal_msgs) by extensions ['ros']
[0.687s] Level 1:colcon.colcon_core.package_identification:_identify(crrcpilot_internal_msgs) by extension 'ros'
[0.688s] DEBUG:colcon.colcon_core.package_identification:Package 'crrcpilot_internal_msgs' with type 'ros.ament_cmake' and name 'crrcpilot_internal_msgs'
[0.688s] Level 1:colcon.colcon_core.package_identification:_identify(crrcpilot_map_msgs) by extensions ['ignore', 'ignore_ament_install']
[0.688s] Level 1:colcon.colcon_core.package_identification:_identify(crrcpilot_map_msgs) by extension 'ignore'
[0.688s] Level 1:colcon.colcon_core.package_identification:_identify(crrcpilot_map_msgs) by extension 'ignore_ament_install'
[0.688s] Level 1:colcon.colcon_core.package_identification:_identify(crrcpilot_map_msgs) by extensions ['colcon_pkg']
[0.688s] Level 1:colcon.colcon_core.package_identification:_identify(crrcpilot_map_msgs) by extension 'colcon_pkg'
[0.689s] Level 1:colcon.colcon_core.package_identification:_identify(crrcpilot_map_msgs) by extensions ['colcon_meta']
[0.689s] Level 1:colcon.colcon_core.package_identification:_identify(crrcpilot_map_msgs) by extension 'colcon_meta'
[0.689s] Level 1:colcon.colcon_core.package_identification:_identify(crrcpilot_map_msgs) by extensions ['ros']
[0.689s] Level 1:colcon.colcon_core.package_identification:_identify(crrcpilot_map_msgs) by extension 'ros'
[0.690s] DEBUG:colcon.colcon_core.package_identification:Package 'crrcpilot_map_msgs' with type 'ros.ament_cmake' and name 'crrcpilot_map_msgs'
[0.690s] Level 1:colcon.colcon_core.package_identification:_identify(crrcpilot_perception_msgs) by extensions ['ignore', 'ignore_ament_install']
[0.690s] Level 1:colcon.colcon_core.package_identification:_identify(crrcpilot_perception_msgs) by extension 'ignore'
[0.690s] Level 1:colcon.colcon_core.package_identification:_identify(crrcpilot_perception_msgs) by extension 'ignore_ament_install'
[0.690s] Level 1:colcon.colcon_core.package_identification:_identify(crrcpilot_perception_msgs) by extensions ['colcon_pkg']
[0.691s] Level 1:colcon.colcon_core.package_identification:_identify(crrcpilot_perception_msgs) by extension 'colcon_pkg'
[0.691s] Level 1:colcon.colcon_core.package_identification:_identify(crrcpilot_perception_msgs) by extensions ['colcon_meta']
[0.691s] Level 1:colcon.colcon_core.package_identification:_identify(crrcpilot_perception_msgs) by extension 'colcon_meta'
[0.691s] Level 1:colcon.colcon_core.package_identification:_identify(crrcpilot_perception_msgs) by extensions ['ros']
[0.691s] Level 1:colcon.colcon_core.package_identification:_identify(crrcpilot_perception_msgs) by extension 'ros'
[0.692s] DEBUG:colcon.colcon_core.package_identification:Package 'crrcpilot_perception_msgs' with type 'ros.ament_cmake' and name 'crrcpilot_perception_msgs'
[0.692s] Level 1:colcon.colcon_core.package_identification:_identify(crrcpilot_planning_msgs) by extensions ['ignore', 'ignore_ament_install']
[0.692s] Level 1:colcon.colcon_core.package_identification:_identify(crrcpilot_planning_msgs) by extension 'ignore'
[0.693s] Level 1:colcon.colcon_core.package_identification:_identify(crrcpilot_planning_msgs) by extension 'ignore_ament_install'
[0.693s] Level 1:colcon.colcon_core.package_identification:_identify(crrcpilot_planning_msgs) by extensions ['colcon_pkg']
[0.693s] Level 1:colcon.colcon_core.package_identification:_identify(crrcpilot_planning_msgs) by extension 'colcon_pkg'
[0.693s] Level 1:colcon.colcon_core.package_identification:_identify(crrcpilot_planning_msgs) by extensions ['colcon_meta']
[0.693s] Level 1:colcon.colcon_core.package_identification:_identify(crrcpilot_planning_msgs) by extension 'colcon_meta'
[0.693s] Level 1:colcon.colcon_core.package_identification:_identify(crrcpilot_planning_msgs) by extensions ['ros']
[0.693s] Level 1:colcon.colcon_core.package_identification:_identify(crrcpilot_planning_msgs) by extension 'ros'
[0.694s] DEBUG:colcon.colcon_core.package_identification:Package 'crrcpilot_planning_msgs' with type 'ros.ament_cmake' and name 'crrcpilot_planning_msgs'
[0.695s] Level 1:colcon.colcon_core.package_identification:_identify(crrcpilot_sensing_msgs) by extensions ['ignore', 'ignore_ament_install']
[0.695s] Level 1:colcon.colcon_core.package_identification:_identify(crrcpilot_sensing_msgs) by extension 'ignore'
[0.695s] Level 1:colcon.colcon_core.package_identification:_identify(crrcpilot_sensing_msgs) by extension 'ignore_ament_install'
[0.695s] Level 1:colcon.colcon_core.package_identification:_identify(crrcpilot_sensing_msgs) by extensions ['colcon_pkg']
[0.695s] Level 1:colcon.colcon_core.package_identification:_identify(crrcpilot_sensing_msgs) by extension 'colcon_pkg'
[0.695s] Level 1:colcon.colcon_core.package_identification:_identify(crrcpilot_sensing_msgs) by extensions ['colcon_meta']
[0.695s] Level 1:colcon.colcon_core.package_identification:_identify(crrcpilot_sensing_msgs) by extension 'colcon_meta'
[0.695s] Level 1:colcon.colcon_core.package_identification:_identify(crrcpilot_sensing_msgs) by extensions ['ros']
[0.695s] Level 1:colcon.colcon_core.package_identification:_identify(crrcpilot_sensing_msgs) by extension 'ros'
[0.703s] DEBUG:colcon.colcon_core.package_identification:Package 'crrcpilot_sensing_msgs' with type 'ros.ament_cmake' and name 'crrcpilot_sensing_msgs'
[0.703s] Level 1:colcon.colcon_core.package_identification:_identify(crrcpilot_system_msgs) by extensions ['ignore', 'ignore_ament_install']
[0.703s] Level 1:colcon.colcon_core.package_identification:_identify(crrcpilot_system_msgs) by extension 'ignore'
[0.703s] Level 1:colcon.colcon_core.package_identification:_identify(crrcpilot_system_msgs) by extension 'ignore_ament_install'
[0.703s] Level 1:colcon.colcon_core.package_identification:_identify(crrcpilot_system_msgs) by extensions ['colcon_pkg']
[0.703s] Level 1:colcon.colcon_core.package_identification:_identify(crrcpilot_system_msgs) by extension 'colcon_pkg'
[0.703s] Level 1:colcon.colcon_core.package_identification:_identify(crrcpilot_system_msgs) by extensions ['colcon_meta']
[0.703s] Level 1:colcon.colcon_core.package_identification:_identify(crrcpilot_system_msgs) by extension 'colcon_meta'
[0.703s] Level 1:colcon.colcon_core.package_identification:_identify(crrcpilot_system_msgs) by extensions ['ros']
[0.704s] Level 1:colcon.colcon_core.package_identification:_identify(crrcpilot_system_msgs) by extension 'ros'
[0.706s] DEBUG:colcon.colcon_core.package_identification:Package 'crrcpilot_system_msgs' with type 'ros.ament_cmake' and name 'crrcpilot_system_msgs'
[0.706s] Level 1:colcon.colcon_core.package_identification:_identify(crrcpilot_vehicle_msgs) by extensions ['ignore', 'ignore_ament_install']
[0.706s] Level 1:colcon.colcon_core.package_identification:_identify(crrcpilot_vehicle_msgs) by extension 'ignore'
[0.707s] Level 1:colcon.colcon_core.package_identification:_identify(crrcpilot_vehicle_msgs) by extension 'ignore_ament_install'
[0.707s] Level 1:colcon.colcon_core.package_identification:_identify(crrcpilot_vehicle_msgs) by extensions ['colcon_pkg']
[0.707s] Level 1:colcon.colcon_core.package_identification:_identify(crrcpilot_vehicle_msgs) by extension 'colcon_pkg'
[0.707s] Level 1:colcon.colcon_core.package_identification:_identify(crrcpilot_vehicle_msgs) by extensions ['colcon_meta']
[0.707s] Level 1:colcon.colcon_core.package_identification:_identify(crrcpilot_vehicle_msgs) by extension 'colcon_meta'
[0.707s] Level 1:colcon.colcon_core.package_identification:_identify(crrcpilot_vehicle_msgs) by extensions ['ros']
[0.707s] Level 1:colcon.colcon_core.package_identification:_identify(crrcpilot_vehicle_msgs) by extension 'ros'
[0.708s] DEBUG:colcon.colcon_core.package_identification:Package 'crrcpilot_vehicle_msgs' with type 'ros.ament_cmake' and name 'crrcpilot_vehicle_msgs'
[0.709s] Level 1:colcon.colcon_core.package_identification:_identify(build) by extensions ['ignore', 'ignore_ament_install']
[0.709s] Level 1:colcon.colcon_core.package_identification:_identify(build) by extension 'ignore'
[0.709s] Level 1:colcon.colcon_core.package_identification:_identify(build) ignored
[0.709s] Level 1:colcon.colcon_core.package_identification:_identify(departure_check_msgs) by extensions ['ignore', 'ignore_ament_install']
[0.709s] Level 1:colcon.colcon_core.package_identification:_identify(departure_check_msgs) by extension 'ignore'
[0.709s] Level 1:colcon.colcon_core.package_identification:_identify(departure_check_msgs) by extension 'ignore_ament_install'
[0.710s] Level 1:colcon.colcon_core.package_identification:_identify(departure_check_msgs) by extensions ['colcon_pkg']
[0.710s] Level 1:colcon.colcon_core.package_identification:_identify(departure_check_msgs) by extension 'colcon_pkg'
[0.710s] Level 1:colcon.colcon_core.package_identification:_identify(departure_check_msgs) by extensions ['colcon_meta']
[0.710s] Level 1:colcon.colcon_core.package_identification:_identify(departure_check_msgs) by extension 'colcon_meta'
[0.710s] Level 1:colcon.colcon_core.package_identification:_identify(departure_check_msgs) by extensions ['ros']
[0.710s] Level 1:colcon.colcon_core.package_identification:_identify(departure_check_msgs) by extension 'ros'
[0.711s] DEBUG:colcon.colcon_core.package_identification:Package 'departure_check_msgs' with type 'ros.ament_cmake' and name 'departure_check_msgs'
[0.712s] Level 1:colcon.colcon_core.package_identification:_identify(install) by extensions ['ignore', 'ignore_ament_install']
[0.712s] Level 1:colcon.colcon_core.package_identification:_identify(install) by extension 'ignore'
[0.712s] Level 1:colcon.colcon_core.package_identification:_identify(install) ignored
[0.712s] Level 1:colcon.colcon_core.package_identification:_identify(lidar_monitor_msg) by extensions ['ignore', 'ignore_ament_install']
[0.712s] Level 1:colcon.colcon_core.package_identification:_identify(lidar_monitor_msg) by extension 'ignore'
[0.712s] Level 1:colcon.colcon_core.package_identification:_identify(lidar_monitor_msg) by extension 'ignore_ament_install'
[0.712s] Level 1:colcon.colcon_core.package_identification:_identify(lidar_monitor_msg) by extensions ['colcon_pkg']
[0.712s] Level 1:colcon.colcon_core.package_identification:_identify(lidar_monitor_msg) by extension 'colcon_pkg'
[0.712s] Level 1:colcon.colcon_core.package_identification:_identify(lidar_monitor_msg) by extensions ['colcon_meta']
[0.712s] Level 1:colcon.colcon_core.package_identification:_identify(lidar_monitor_msg) by extension 'colcon_meta'
[0.712s] Level 1:colcon.colcon_core.package_identification:_identify(lidar_monitor_msg) by extensions ['ros']
[0.713s] Level 1:colcon.colcon_core.package_identification:_identify(lidar_monitor_msg) by extension 'ros'
[0.714s] DEBUG:colcon.colcon_core.package_identification:Package 'lidar_monitor_msg' with type 'ros.ament_cmake' and name 'lidar_monitor_msg'
[0.714s] Level 1:colcon.colcon_core.package_identification:_identify(log) by extensions ['ignore', 'ignore_ament_install']
[0.714s] Level 1:colcon.colcon_core.package_identification:_identify(log) by extension 'ignore'
[0.714s] Level 1:colcon.colcon_core.package_identification:_identify(log) ignored
[0.714s] Level 1:colcon.colcon_core.package_identification:_identify(msg_aeb) by extensions ['ignore', 'ignore_ament_install']
[0.714s] Level 1:colcon.colcon_core.package_identification:_identify(msg_aeb) by extension 'ignore'
[0.715s] Level 1:colcon.colcon_core.package_identification:_identify(msg_aeb) by extension 'ignore_ament_install'
[0.715s] Level 1:colcon.colcon_core.package_identification:_identify(msg_aeb) by extensions ['colcon_pkg']
[0.715s] Level 1:colcon.colcon_core.package_identification:_identify(msg_aeb) by extension 'colcon_pkg'
[0.715s] Level 1:colcon.colcon_core.package_identification:_identify(msg_aeb) by extensions ['colcon_meta']
[0.715s] Level 1:colcon.colcon_core.package_identification:_identify(msg_aeb) by extension 'colcon_meta'
[0.715s] Level 1:colcon.colcon_core.package_identification:_identify(msg_aeb) by extensions ['ros']
[0.715s] Level 1:colcon.colcon_core.package_identification:_identify(msg_aeb) by extension 'ros'
[0.716s] DEBUG:colcon.colcon_core.package_identification:Package 'msg_aeb' with type 'ros.ament_cmake' and name 'msg_aeb'
[0.716s] Level 1:colcon.colcon_core.package_identification:_identify(msg_common) by extensions ['ignore', 'ignore_ament_install']
[0.717s] Level 1:colcon.colcon_core.package_identification:_identify(msg_common) by extension 'ignore'
[0.717s] Level 1:colcon.colcon_core.package_identification:_identify(msg_common) by extension 'ignore_ament_install'
[0.717s] Level 1:colcon.colcon_core.package_identification:_identify(msg_common) by extensions ['colcon_pkg']
[0.717s] Level 1:colcon.colcon_core.package_identification:_identify(msg_common) by extension 'colcon_pkg'
[0.717s] Level 1:colcon.colcon_core.package_identification:_identify(msg_common) by extensions ['colcon_meta']
[0.717s] Level 1:colcon.colcon_core.package_identification:_identify(msg_common) by extension 'colcon_meta'
[0.717s] Level 1:colcon.colcon_core.package_identification:_identify(msg_common) by extensions ['ros']
[0.717s] Level 1:colcon.colcon_core.package_identification:_identify(msg_common) by extension 'ros'
[0.718s] DEBUG:colcon.colcon_core.package_identification:Package 'msg_common' with type 'ros.catkin' and name 'msg_common'
[0.718s] Level 1:colcon.colcon_core.package_identification:_identify(msg_info_router) by extensions ['ignore', 'ignore_ament_install']
[0.718s] Level 1:colcon.colcon_core.package_identification:_identify(msg_info_router) by extension 'ignore'
[0.718s] Level 1:colcon.colcon_core.package_identification:_identify(msg_info_router) by extension 'ignore_ament_install'
[0.719s] Level 1:colcon.colcon_core.package_identification:_identify(msg_info_router) by extensions ['colcon_pkg']
[0.719s] Level 1:colcon.colcon_core.package_identification:_identify(msg_info_router) by extension 'colcon_pkg'
[0.719s] Level 1:colcon.colcon_core.package_identification:_identify(msg_info_router) by extensions ['colcon_meta']
[0.719s] Level 1:colcon.colcon_core.package_identification:_identify(msg_info_router) by extension 'colcon_meta'
[0.719s] Level 1:colcon.colcon_core.package_identification:_identify(msg_info_router) by extensions ['ros']
[0.719s] Level 1:colcon.colcon_core.package_identification:_identify(msg_info_router) by extension 'ros'
[0.720s] DEBUG:colcon.colcon_core.package_identification:Package 'msg_info_router' with type 'ros.catkin' and name 'msg_info_router'
[0.720s] Level 1:colcon.colcon_core.package_identification:_identify(msg_lidar_shape) by extensions ['ignore', 'ignore_ament_install']
[0.720s] Level 1:colcon.colcon_core.package_identification:_identify(msg_lidar_shape) by extension 'ignore'
[0.720s] Level 1:colcon.colcon_core.package_identification:_identify(msg_lidar_shape) by extension 'ignore_ament_install'
[0.720s] Level 1:colcon.colcon_core.package_identification:_identify(msg_lidar_shape) by extensions ['colcon_pkg']
[0.720s] Level 1:colcon.colcon_core.package_identification:_identify(msg_lidar_shape) by extension 'colcon_pkg'
[0.721s] Level 1:colcon.colcon_core.package_identification:_identify(msg_lidar_shape) by extensions ['colcon_meta']
[0.721s] Level 1:colcon.colcon_core.package_identification:_identify(msg_lidar_shape) by extension 'colcon_meta'
[0.721s] Level 1:colcon.colcon_core.package_identification:_identify(msg_lidar_shape) by extensions ['ros']
[0.721s] Level 1:colcon.colcon_core.package_identification:_identify(msg_lidar_shape) by extension 'ros'
[0.722s] DEBUG:colcon.colcon_core.package_identification:Package 'msg_lidar_shape' with type 'ros.catkin' and name 'msg_lidar_shape'
[0.722s] Level 1:colcon.colcon_core.package_identification:_identify(msg_mulit_net) by extensions ['ignore', 'ignore_ament_install']
[0.723s] Level 1:colcon.colcon_core.package_identification:_identify(msg_mulit_net) by extension 'ignore'
[0.723s] Level 1:colcon.colcon_core.package_identification:_identify(msg_mulit_net) by extension 'ignore_ament_install'
[0.723s] Level 1:colcon.colcon_core.package_identification:_identify(msg_mulit_net) by extensions ['colcon_pkg']
[0.723s] Level 1:colcon.colcon_core.package_identification:_identify(msg_mulit_net) by extension 'colcon_pkg'
[0.723s] Level 1:colcon.colcon_core.package_identification:_identify(msg_mulit_net) by extensions ['colcon_meta']
[0.723s] Level 1:colcon.colcon_core.package_identification:_identify(msg_mulit_net) by extension 'colcon_meta'
[0.723s] Level 1:colcon.colcon_core.package_identification:_identify(msg_mulit_net) by extensions ['ros']
[0.723s] Level 1:colcon.colcon_core.package_identification:_identify(msg_mulit_net) by extension 'ros'
[0.725s] DEBUG:colcon.colcon_core.package_identification:Package 'msg_mulit_net' with type 'ros.ament_cmake' and name 'msg_mulit_net'
[0.725s] Level 1:colcon.colcon_core.package_identification:_identify(msg_obj) by extensions ['ignore', 'ignore_ament_install']
[0.725s] Level 1:colcon.colcon_core.package_identification:_identify(msg_obj) by extension 'ignore'
[0.725s] Level 1:colcon.colcon_core.package_identification:_identify(msg_obj) by extension 'ignore_ament_install'
[0.725s] Level 1:colcon.colcon_core.package_identification:_identify(msg_obj) by extensions ['colcon_pkg']
[0.725s] Level 1:colcon.colcon_core.package_identification:_identify(msg_obj) by extension 'colcon_pkg'
[0.725s] Level 1:colcon.colcon_core.package_identification:_identify(msg_obj) by extensions ['colcon_meta']
[0.725s] Level 1:colcon.colcon_core.package_identification:_identify(msg_obj) by extension 'colcon_meta'
[0.725s] Level 1:colcon.colcon_core.package_identification:_identify(msg_obj) by extensions ['ros']
[0.726s] Level 1:colcon.colcon_core.package_identification:_identify(msg_obj) by extension 'ros'
[0.727s] DEBUG:colcon.colcon_core.package_identification:Package 'msg_obj' with type 'ros.catkin' and name 'msg_obj'
[0.727s] Level 1:colcon.colcon_core.package_identification:_identify(msg_v_state) by extensions ['ignore', 'ignore_ament_install']
[0.727s] Level 1:colcon.colcon_core.package_identification:_identify(msg_v_state) by extension 'ignore'
[0.727s] Level 1:colcon.colcon_core.package_identification:_identify(msg_v_state) by extension 'ignore_ament_install'
[0.727s] Level 1:colcon.colcon_core.package_identification:_identify(msg_v_state) by extensions ['colcon_pkg']
[0.727s] Level 1:colcon.colcon_core.package_identification:_identify(msg_v_state) by extension 'colcon_pkg'
[0.727s] Level 1:colcon.colcon_core.package_identification:_identify(msg_v_state) by extensions ['colcon_meta']
[0.728s] Level 1:colcon.colcon_core.package_identification:_identify(msg_v_state) by extension 'colcon_meta'
[0.728s] Level 1:colcon.colcon_core.package_identification:_identify(msg_v_state) by extensions ['ros']
[0.728s] Level 1:colcon.colcon_core.package_identification:_identify(msg_v_state) by extension 'ros'
[0.731s] DEBUG:colcon.colcon_core.package_identification:Package 'msg_v_state' with type 'ros.catkin' and name 'msg_v_state'
[0.731s] Level 1:colcon.colcon_core.package_identification:_identify(radar_msgs) by extensions ['ignore', 'ignore_ament_install']
[0.731s] Level 1:colcon.colcon_core.package_identification:_identify(radar_msgs) by extension 'ignore'
[0.731s] Level 1:colcon.colcon_core.package_identification:_identify(radar_msgs) by extension 'ignore_ament_install'
[0.732s] Level 1:colcon.colcon_core.package_identification:_identify(radar_msgs) by extensions ['colcon_pkg']
[0.732s] Level 1:colcon.colcon_core.package_identification:_identify(radar_msgs) by extension 'colcon_pkg'
[0.732s] Level 1:colcon.colcon_core.package_identification:_identify(radar_msgs) by extensions ['colcon_meta']
[0.732s] Level 1:colcon.colcon_core.package_identification:_identify(radar_msgs) by extension 'colcon_meta'
[0.732s] Level 1:colcon.colcon_core.package_identification:_identify(radar_msgs) by extensions ['ros']
[0.732s] Level 1:colcon.colcon_core.package_identification:_identify(radar_msgs) by extension 'ros'
[0.733s] DEBUG:colcon.colcon_core.package_identification:Package 'radar_msgs' with type 'ros.ament_cmake' and name 'radar_msgs'
[0.733s] Level 1:colcon.colcon_core.package_identification:_identify(shm_msgs) by extensions ['ignore', 'ignore_ament_install']
[0.734s] Level 1:colcon.colcon_core.package_identification:_identify(shm_msgs) by extension 'ignore'
[0.734s] Level 1:colcon.colcon_core.package_identification:_identify(shm_msgs) by extension 'ignore_ament_install'
[0.734s] Level 1:colcon.colcon_core.package_identification:_identify(shm_msgs) by extensions ['colcon_pkg']
[0.734s] Level 1:colcon.colcon_core.package_identification:_identify(shm_msgs) by extension 'colcon_pkg'
[0.734s] Level 1:colcon.colcon_core.package_identification:_identify(shm_msgs) by extensions ['colcon_meta']
[0.734s] Level 1:colcon.colcon_core.package_identification:_identify(shm_msgs) by extension 'colcon_meta'
[0.734s] Level 1:colcon.colcon_core.package_identification:_identify(shm_msgs) by extensions ['ros']
[0.734s] Level 1:colcon.colcon_core.package_identification:_identify(shm_msgs) by extension 'ros'
[0.736s] DEBUG:colcon.colcon_core.package_identification:Package 'shm_msgs' with type 'ros.ament_cmake' and name 'shm_msgs'
[0.736s] Level 1:colcon.colcon_core.package_identification:_identify(crrc_api_msgs) by extensions ['ignore', 'ignore_ament_install']
[0.736s] Level 1:colcon.colcon_core.package_identification:_identify(crrc_api_msgs) by extension 'ignore'
[0.736s] Level 1:colcon.colcon_core.package_identification:_identify(crrc_api_msgs) by extension 'ignore_ament_install'
[0.736s] Level 1:colcon.colcon_core.package_identification:_identify(crrc_api_msgs) by extensions ['colcon_pkg']
[0.736s] Level 1:colcon.colcon_core.package_identification:_identify(crrc_api_msgs) by extension 'colcon_pkg'
[0.736s] Level 1:colcon.colcon_core.package_identification:_identify(crrc_api_msgs) by extensions ['colcon_meta']
[0.736s] Level 1:colcon.colcon_core.package_identification:_identify(crrc_api_msgs) by extension 'colcon_meta'
[0.737s] Level 1:colcon.colcon_core.package_identification:_identify(crrc_api_msgs) by extensions ['ros']
[0.737s] Level 1:colcon.colcon_core.package_identification:_identify(crrc_api_msgs) by extension 'ros'
[0.738s] DEBUG:colcon.colcon_core.package_identification:Package 'crrc_api_msgs' with type 'ros.ament_cmake' and name 'crrc_api_msgs'
[0.739s] Level 1:colcon.colcon_core.package_identification:_identify(crrc_auto_msgs_converter) by extensions ['ignore', 'ignore_ament_install']
[0.739s] Level 1:colcon.colcon_core.package_identification:_identify(crrc_auto_msgs_converter) by extension 'ignore'
[0.739s] Level 1:colcon.colcon_core.package_identification:_identify(crrc_auto_msgs_converter) by extension 'ignore_ament_install'
[0.739s] Level 1:colcon.colcon_core.package_identification:_identify(crrc_auto_msgs_converter) by extensions ['colcon_pkg']
[0.739s] Level 1:colcon.colcon_core.package_identification:_identify(crrc_auto_msgs_converter) by extension 'colcon_pkg'
[0.739s] Level 1:colcon.colcon_core.package_identification:_identify(crrc_auto_msgs_converter) by extensions ['colcon_meta']
[0.739s] Level 1:colcon.colcon_core.package_identification:_identify(crrc_auto_msgs_converter) by extension 'colcon_meta'
[0.739s] Level 1:colcon.colcon_core.package_identification:_identify(crrc_auto_msgs_converter) by extensions ['ros']
[0.739s] Level 1:colcon.colcon_core.package_identification:_identify(crrc_auto_msgs_converter) by extension 'ros'
[0.741s] DEBUG:colcon.colcon_core.package_identification:Package 'crrc_auto_msgs_converter' with type 'ros.ament_cmake' and name 'crrc_auto_msgs_converter'
[0.741s] Level 1:colcon.colcon_core.package_identification:_identify(crrc_control_msgs) by extensions ['ignore', 'ignore_ament_install']
[0.741s] Level 1:colcon.colcon_core.package_identification:_identify(crrc_control_msgs) by extension 'ignore'
[0.741s] Level 1:colcon.colcon_core.package_identification:_identify(crrc_control_msgs) by extension 'ignore_ament_install'
[0.742s] Level 1:colcon.colcon_core.package_identification:_identify(crrc_control_msgs) by extensions ['colcon_pkg']
[0.742s] Level 1:colcon.colcon_core.package_identification:_identify(crrc_control_msgs) by extension 'colcon_pkg'
[0.742s] Level 1:colcon.colcon_core.package_identification:_identify(crrc_control_msgs) by extensions ['colcon_meta']
[0.742s] Level 1:colcon.colcon_core.package_identification:_identify(crrc_control_msgs) by extension 'colcon_meta'
[0.742s] Level 1:colcon.colcon_core.package_identification:_identify(crrc_control_msgs) by extensions ['ros']
[0.742s] Level 1:colcon.colcon_core.package_identification:_identify(crrc_control_msgs) by extension 'ros'
[0.772s] DEBUG:colcon.colcon_core.package_identification:Package 'crrc_control_msgs' with type 'ros.ament_cmake' and name 'crrc_control_msgs'
[0.773s] Level 1:colcon.colcon_core.package_identification:_identify(crrc_debug_msgs) by extensions ['ignore', 'ignore_ament_install']
[0.773s] Level 1:colcon.colcon_core.package_identification:_identify(crrc_debug_msgs) by extension 'ignore'
[0.773s] Level 1:colcon.colcon_core.package_identification:_identify(crrc_debug_msgs) by extension 'ignore_ament_install'
[0.773s] Level 1:colcon.colcon_core.package_identification:_identify(crrc_debug_msgs) by extensions ['colcon_pkg']
[0.773s] Level 1:colcon.colcon_core.package_identification:_identify(crrc_debug_msgs) by extension 'colcon_pkg'
[0.773s] Level 1:colcon.colcon_core.package_identification:_identify(crrc_debug_msgs) by extensions ['colcon_meta']
[0.773s] Level 1:colcon.colcon_core.package_identification:_identify(crrc_debug_msgs) by extension 'colcon_meta'
[0.773s] Level 1:colcon.colcon_core.package_identification:_identify(crrc_debug_msgs) by extensions ['ros']
[0.773s] Level 1:colcon.colcon_core.package_identification:_identify(crrc_debug_msgs) by extension 'ros'
[0.783s] DEBUG:colcon.colcon_core.package_identification:Package 'crrc_debug_msgs' with type 'ros.ament_cmake' and name 'crrc_debug_msgs'
[0.783s] Level 1:colcon.colcon_core.package_identification:_identify(crrc_external_api_msgs) by extensions ['ignore', 'ignore_ament_install']
[0.783s] Level 1:colcon.colcon_core.package_identification:_identify(crrc_external_api_msgs) by extension 'ignore'
[0.783s] Level 1:colcon.colcon_core.package_identification:_identify(crrc_external_api_msgs) by extension 'ignore_ament_install'
[0.783s] Level 1:colcon.colcon_core.package_identification:_identify(crrc_external_api_msgs) by extensions ['colcon_pkg']
[0.783s] Level 1:colcon.colcon_core.package_identification:_identify(crrc_external_api_msgs) by extension 'colcon_pkg'
[0.784s] Level 1:colcon.colcon_core.package_identification:_identify(crrc_external_api_msgs) by extensions ['colcon_meta']
[0.784s] Level 1:colcon.colcon_core.package_identification:_identify(crrc_external_api_msgs) by extension 'colcon_meta'
[0.784s] Level 1:colcon.colcon_core.package_identification:_identify(crrc_external_api_msgs) by extensions ['ros']
[0.784s] Level 1:colcon.colcon_core.package_identification:_identify(crrc_external_api_msgs) by extension 'ros'
[0.785s] DEBUG:colcon.colcon_core.package_identification:Package 'crrc_external_api_msgs' with type 'ros.ament_cmake' and name 'crrc_external_api_msgs'
[0.785s] Level 1:colcon.colcon_core.package_identification:_identify(crrc_hmi_msgs) by extensions ['ignore', 'ignore_ament_install']
[0.785s] Level 1:colcon.colcon_core.package_identification:_identify(crrc_hmi_msgs) by extension 'ignore'
[0.785s] Level 1:colcon.colcon_core.package_identification:_identify(crrc_hmi_msgs) by extension 'ignore_ament_install'
[0.786s] Level 1:colcon.colcon_core.package_identification:_identify(crrc_hmi_msgs) by extensions ['colcon_pkg']
[0.786s] Level 1:colcon.colcon_core.package_identification:_identify(crrc_hmi_msgs) by extension 'colcon_pkg'
[0.786s] Level 1:colcon.colcon_core.package_identification:_identify(crrc_hmi_msgs) by extensions ['colcon_meta']
[0.786s] Level 1:colcon.colcon_core.package_identification:_identify(crrc_hmi_msgs) by extension 'colcon_meta'
[0.786s] Level 1:colcon.colcon_core.package_identification:_identify(crrc_hmi_msgs) by extensions ['ros']
[0.786s] Level 1:colcon.colcon_core.package_identification:_identify(crrc_hmi_msgs) by extension 'ros'
[0.787s] DEBUG:colcon.colcon_core.package_identification:Package 'crrc_hmi_msgs' with type 'ros.ament_cmake' and name 'crrc_hmi_msgs'
[0.787s] Level 1:colcon.colcon_core.package_identification:_identify(crrc_localization_msgs) by extensions ['ignore', 'ignore_ament_install']
[0.787s] Level 1:colcon.colcon_core.package_identification:_identify(crrc_localization_msgs) by extension 'ignore'
[0.788s] Level 1:colcon.colcon_core.package_identification:_identify(crrc_localization_msgs) by extension 'ignore_ament_install'
[0.788s] Level 1:colcon.colcon_core.package_identification:_identify(crrc_localization_msgs) by extensions ['colcon_pkg']
[0.788s] Level 1:colcon.colcon_core.package_identification:_identify(crrc_localization_msgs) by extension 'colcon_pkg'
[0.788s] Level 1:colcon.colcon_core.package_identification:_identify(crrc_localization_msgs) by extensions ['colcon_meta']
[0.788s] Level 1:colcon.colcon_core.package_identification:_identify(crrc_localization_msgs) by extension 'colcon_meta'
[0.788s] Level 1:colcon.colcon_core.package_identification:_identify(crrc_localization_msgs) by extensions ['ros']
[0.788s] Level 1:colcon.colcon_core.package_identification:_identify(crrc_localization_msgs) by extension 'ros'
[0.790s] DEBUG:colcon.colcon_core.package_identification:Package 'crrc_localization_msgs' with type 'ros.ament_cmake' and name 'crrc_localization_msgs'
[0.790s] Level 1:colcon.colcon_core.package_identification:_identify(crrc_map_msgs) by extensions ['ignore', 'ignore_ament_install']
[0.790s] Level 1:colcon.colcon_core.package_identification:_identify(crrc_map_msgs) by extension 'ignore'
[0.790s] Level 1:colcon.colcon_core.package_identification:_identify(crrc_map_msgs) by extension 'ignore_ament_install'
[0.791s] Level 1:colcon.colcon_core.package_identification:_identify(crrc_map_msgs) by extensions ['colcon_pkg']
[0.791s] Level 1:colcon.colcon_core.package_identification:_identify(crrc_map_msgs) by extension 'colcon_pkg'
[0.791s] Level 1:colcon.colcon_core.package_identification:_identify(crrc_map_msgs) by extensions ['colcon_meta']
[0.791s] Level 1:colcon.colcon_core.package_identification:_identify(crrc_map_msgs) by extension 'colcon_meta'
[0.791s] Level 1:colcon.colcon_core.package_identification:_identify(crrc_map_msgs) by extensions ['ros']
[0.791s] Level 1:colcon.colcon_core.package_identification:_identify(crrc_map_msgs) by extension 'ros'
[0.792s] DEBUG:colcon.colcon_core.package_identification:Package 'crrc_map_msgs' with type 'ros.ament_cmake' and name 'crrc_map_msgs'
[0.793s] Level 1:colcon.colcon_core.package_identification:_identify(crrc_perception_msgs) by extensions ['ignore', 'ignore_ament_install']
[0.793s] Level 1:colcon.colcon_core.package_identification:_identify(crrc_perception_msgs) by extension 'ignore'
[0.793s] Level 1:colcon.colcon_core.package_identification:_identify(crrc_perception_msgs) by extension 'ignore_ament_install'
[0.793s] Level 1:colcon.colcon_core.package_identification:_identify(crrc_perception_msgs) by extensions ['colcon_pkg']
[0.793s] Level 1:colcon.colcon_core.package_identification:_identify(crrc_perception_msgs) by extension 'colcon_pkg'
[0.793s] Level 1:colcon.colcon_core.package_identification:_identify(crrc_perception_msgs) by extensions ['colcon_meta']
[0.793s] Level 1:colcon.colcon_core.package_identification:_identify(crrc_perception_msgs) by extension 'colcon_meta'
[0.793s] Level 1:colcon.colcon_core.package_identification:_identify(crrc_perception_msgs) by extensions ['ros']
[0.793s] Level 1:colcon.colcon_core.package_identification:_identify(crrc_perception_msgs) by extension 'ros'
[0.795s] DEBUG:colcon.colcon_core.package_identification:Package 'crrc_perception_msgs' with type 'ros.ament_cmake' and name 'crrc_perception_msgs'
[0.795s] Level 1:colcon.colcon_core.package_identification:_identify(crrc_planning_msgs) by extensions ['ignore', 'ignore_ament_install']
[0.795s] Level 1:colcon.colcon_core.package_identification:_identify(crrc_planning_msgs) by extension 'ignore'
[0.795s] Level 1:colcon.colcon_core.package_identification:_identify(crrc_planning_msgs) by extension 'ignore_ament_install'
[0.795s] Level 1:colcon.colcon_core.package_identification:_identify(crrc_planning_msgs) by extensions ['colcon_pkg']
[0.796s] Level 1:colcon.colcon_core.package_identification:_identify(crrc_planning_msgs) by extension 'colcon_pkg'
[0.796s] Level 1:colcon.colcon_core.package_identification:_identify(crrc_planning_msgs) by extensions ['colcon_meta']
[0.796s] Level 1:colcon.colcon_core.package_identification:_identify(crrc_planning_msgs) by extension 'colcon_meta'
[0.796s] Level 1:colcon.colcon_core.package_identification:_identify(crrc_planning_msgs) by extensions ['ros']
[0.796s] Level 1:colcon.colcon_core.package_identification:_identify(crrc_planning_msgs) by extension 'ros'
[0.797s] DEBUG:colcon.colcon_core.package_identification:Package 'crrc_planning_msgs' with type 'ros.ament_cmake' and name 'crrc_planning_msgs'
[0.797s] Level 1:colcon.colcon_core.package_identification:_identify(crrc_rtc_msgs) by extensions ['ignore', 'ignore_ament_install']
[0.798s] Level 1:colcon.colcon_core.package_identification:_identify(crrc_rtc_msgs) by extension 'ignore'
[0.798s] Level 1:colcon.colcon_core.package_identification:_identify(crrc_rtc_msgs) by extension 'ignore_ament_install'
[0.798s] Level 1:colcon.colcon_core.package_identification:_identify(crrc_rtc_msgs) by extensions ['colcon_pkg']
[0.798s] Level 1:colcon.colcon_core.package_identification:_identify(crrc_rtc_msgs) by extension 'colcon_pkg'
[0.798s] Level 1:colcon.colcon_core.package_identification:_identify(crrc_rtc_msgs) by extensions ['colcon_meta']
[0.798s] Level 1:colcon.colcon_core.package_identification:_identify(crrc_rtc_msgs) by extension 'colcon_meta'
[0.798s] Level 1:colcon.colcon_core.package_identification:_identify(crrc_rtc_msgs) by extensions ['ros']
[0.798s] Level 1:colcon.colcon_core.package_identification:_identify(crrc_rtc_msgs) by extension 'ros'
[0.799s] DEBUG:colcon.colcon_core.package_identification:Package 'crrc_rtc_msgs' with type 'ros.ament_cmake' and name 'crrc_rtc_msgs'
[0.799s] Level 1:colcon.colcon_core.package_identification:_identify(crrc_simulation_msgs) by extensions ['ignore', 'ignore_ament_install']
[0.800s] Level 1:colcon.colcon_core.package_identification:_identify(crrc_simulation_msgs) by extension 'ignore'
[0.800s] Level 1:colcon.colcon_core.package_identification:_identify(crrc_simulation_msgs) by extension 'ignore_ament_install'
[0.800s] Level 1:colcon.colcon_core.package_identification:_identify(crrc_simulation_msgs) by extensions ['colcon_pkg']
[0.800s] Level 1:colcon.colcon_core.package_identification:_identify(crrc_simulation_msgs) by extension 'colcon_pkg'
[0.800s] Level 1:colcon.colcon_core.package_identification:_identify(crrc_simulation_msgs) by extensions ['colcon_meta']
[0.800s] Level 1:colcon.colcon_core.package_identification:_identify(crrc_simulation_msgs) by extension 'colcon_meta'
[0.800s] Level 1:colcon.colcon_core.package_identification:_identify(crrc_simulation_msgs) by extensions ['ros']
[0.800s] Level 1:colcon.colcon_core.package_identification:_identify(crrc_simulation_msgs) by extension 'ros'
[0.801s] DEBUG:colcon.colcon_core.package_identification:Package 'crrc_simulation_msgs' with type 'ros.ament_cmake' and name 'crrc_simulation_msgs'
[0.801s] Level 1:colcon.colcon_core.package_identification:_identify(crrc_system_msgs) by extensions ['ignore', 'ignore_ament_install']
[0.802s] Level 1:colcon.colcon_core.package_identification:_identify(crrc_system_msgs) by extension 'ignore'
[0.802s] Level 1:colcon.colcon_core.package_identification:_identify(crrc_system_msgs) by extension 'ignore_ament_install'
[0.802s] Level 1:colcon.colcon_core.package_identification:_identify(crrc_system_msgs) by extensions ['colcon_pkg']
[0.802s] Level 1:colcon.colcon_core.package_identification:_identify(crrc_system_msgs) by extension 'colcon_pkg'
[0.802s] Level 1:colcon.colcon_core.package_identification:_identify(crrc_system_msgs) by extensions ['colcon_meta']
[0.802s] Level 1:colcon.colcon_core.package_identification:_identify(crrc_system_msgs) by extension 'colcon_meta'
[0.802s] Level 1:colcon.colcon_core.package_identification:_identify(crrc_system_msgs) by extensions ['ros']
[0.802s] Level 1:colcon.colcon_core.package_identification:_identify(crrc_system_msgs) by extension 'ros'
[0.804s] DEBUG:colcon.colcon_core.package_identification:Package 'crrc_system_msgs' with type 'ros.ament_cmake' and name 'crrc_system_msgs'
[0.804s] Level 1:colcon.colcon_core.package_identification:_identify(crrc_v2x_msgs) by extensions ['ignore', 'ignore_ament_install']
[0.805s] Level 1:colcon.colcon_core.package_identification:_identify(crrc_v2x_msgs) by extension 'ignore'
[0.805s] Level 1:colcon.colcon_core.package_identification:_identify(crrc_v2x_msgs) by extension 'ignore_ament_install'
[0.805s] Level 1:colcon.colcon_core.package_identification:_identify(crrc_v2x_msgs) by extensions ['colcon_pkg']
[0.805s] Level 1:colcon.colcon_core.package_identification:_identify(crrc_v2x_msgs) by extension 'colcon_pkg'
[0.805s] Level 1:colcon.colcon_core.package_identification:_identify(crrc_v2x_msgs) by extensions ['colcon_meta']
[0.805s] Level 1:colcon.colcon_core.package_identification:_identify(crrc_v2x_msgs) by extension 'colcon_meta'
[0.805s] Level 1:colcon.colcon_core.package_identification:_identify(crrc_v2x_msgs) by extensions ['ros']
[0.805s] Level 1:colcon.colcon_core.package_identification:_identify(crrc_v2x_msgs) by extension 'ros'
[0.806s] DEBUG:colcon.colcon_core.package_identification:Package 'crrc_v2x_msgs' with type 'ros.ament_cmake' and name 'crrc_v2x_msgs'
[0.807s] Level 1:colcon.colcon_core.package_identification:_identify(crrc_vehicle_msgs) by extensions ['ignore', 'ignore_ament_install']
[0.807s] Level 1:colcon.colcon_core.package_identification:_identify(crrc_vehicle_msgs) by extension 'ignore'
[0.807s] Level 1:colcon.colcon_core.package_identification:_identify(crrc_vehicle_msgs) by extension 'ignore_ament_install'
[0.807s] Level 1:colcon.colcon_core.package_identification:_identify(crrc_vehicle_msgs) by extensions ['colcon_pkg']
[0.807s] Level 1:colcon.colcon_core.package_identification:_identify(crrc_vehicle_msgs) by extension 'colcon_pkg'
[0.807s] Level 1:colcon.colcon_core.package_identification:_identify(crrc_vehicle_msgs) by extensions ['colcon_meta']
[0.807s] Level 1:colcon.colcon_core.package_identification:_identify(crrc_vehicle_msgs) by extension 'colcon_meta'
[0.807s] Level 1:colcon.colcon_core.package_identification:_identify(crrc_vehicle_msgs) by extensions ['ros']
[0.807s] Level 1:colcon.colcon_core.package_identification:_identify(crrc_vehicle_msgs) by extension 'ros'
[0.809s] DEBUG:colcon.colcon_core.package_identification:Package 'crrc_vehicle_msgs' with type 'ros.ament_cmake' and name 'crrc_vehicle_msgs'
[0.809s] Level 1:colcon.colcon_core.package_discovery:discover_packages(recursive) using defaults
[0.809s] Level 1:colcon.colcon_core.package_discovery:discover_packages(ignore) discover
[0.809s] Level 1:colcon.colcon_core.package_discovery:discover_packages(ignore) using defaults
[0.809s] Level 1:colcon.colcon_core.package_discovery:discover_packages(path) discover
[0.809s] Level 1:colcon.colcon_core.package_discovery:discover_packages(path) using defaults
[0.844s] INFO:colcon.colcon_core.package_selection:Skipping not selected package 'art_emergency_msgs' in 'art_emergency_msgs'
[0.844s] INFO:colcon.colcon_core.package_selection:Skipping not selected package 'crrcpilot_adapi_v1_msgs' in 'crrcpilot_adapi_v1_msgs'
[0.844s] INFO:colcon.colcon_core.package_selection:Skipping not selected package 'crrcpilot_adapi_version_msgs' in 'crrcpilot_adapi_version_msgs'
[0.844s] INFO:colcon.colcon_core.package_selection:Skipping not selected package 'crrcpilot_auto_geometry_msgs' in 'crrcpilot_auto_geometry_msgs'
[0.844s] INFO:colcon.colcon_core.package_selection:Skipping not selected package 'crrcpilot_common_msgs' in 'crrcpilot_common_msgs'
[0.844s] INFO:colcon.colcon_core.package_selection:Skipping not selected package 'crrcpilot_control_msgs' in 'crrcpilot_control_msgs'
[0.844s] INFO:colcon.colcon_core.package_selection:Skipping not selected package 'crrcpilot_internal_msgs' in 'crrcpilot_internal_msgs'
[0.844s] INFO:colcon.colcon_core.package_selection:Skipping not selected package 'crrcpilot_map_msgs' in 'crrcpilot_map_msgs'
[0.844s] INFO:colcon.colcon_core.package_selection:Skipping not selected package 'crrcpilot_perception_msgs' in 'crrcpilot_perception_msgs'
[0.844s] INFO:colcon.colcon_core.package_selection:Skipping not selected package 'crrcpilot_planning_msgs' in 'crrcpilot_planning_msgs'
[0.844s] INFO:colcon.colcon_core.package_selection:Skipping not selected package 'crrcpilot_sensing_msgs' in 'crrcpilot_sensing_msgs'
[0.844s] INFO:colcon.colcon_core.package_selection:Skipping not selected package 'crrcpilot_system_msgs' in 'crrcpilot_system_msgs'
[0.845s] INFO:colcon.colcon_core.package_selection:Skipping not selected package 'departure_check_msgs' in 'departure_check_msgs'
[0.845s] INFO:colcon.colcon_core.package_selection:Skipping not selected package 'lidar_monitor_msg' in 'lidar_monitor_msg'
[0.845s] INFO:colcon.colcon_core.package_selection:Skipping not selected package 'msg_aeb' in 'msg_aeb'
[0.845s] INFO:colcon.colcon_core.package_selection:Skipping not selected package 'msg_common' in 'msg_common'
[0.845s] INFO:colcon.colcon_core.package_selection:Skipping not selected package 'msg_info_router' in 'msg_info_router'
[0.845s] INFO:colcon.colcon_core.package_selection:Skipping not selected package 'msg_lidar_shape' in 'msg_lidar_shape'
[0.845s] INFO:colcon.colcon_core.package_selection:Skipping not selected package 'msg_mulit_net' in 'msg_mulit_net'
[0.845s] INFO:colcon.colcon_core.package_selection:Skipping not selected package 'msg_v_state' in 'msg_v_state'
[0.845s] INFO:colcon.colcon_core.package_selection:Skipping not selected package 'radar_msgs' in 'radar_msgs'
[0.845s] INFO:colcon.colcon_core.package_selection:Skipping not selected package 'shm_msgs' in 'shm_msgs'
[0.845s] INFO:colcon.colcon_core.package_selection:Skipping not selected package 'crrc_debug_msgs' in 'crrc_debug_msgs'
[0.845s] INFO:colcon.colcon_core.package_selection:Skipping not selected package 'crrc_external_api_msgs' in 'crrc_external_api_msgs'
[0.845s] INFO:colcon.colcon_core.package_selection:Skipping not selected package 'crrc_map_msgs' in 'crrc_map_msgs'
[0.845s] INFO:colcon.colcon_core.package_selection:Skipping not selected package 'crrc_rtc_msgs' in 'crrc_rtc_msgs'
[0.845s] INFO:colcon.colcon_core.package_selection:Skipping not selected package 'crrc_simulation_msgs' in 'crrc_simulation_msgs'
[0.845s] INFO:colcon.colcon_core.package_selection:Skipping not selected package 'crrc_v2x_msgs' in 'crrc_v2x_msgs'
[0.845s] INFO:colcon.colcon_core.package_selection:Skipping not selected package 'crrcpilot_vehicle_msgs' in 'crrcpilot_vehicle_msgs'
[0.845s] INFO:colcon.colcon_core.package_selection:Skipping not selected package 'msg_obj' in 'msg_obj'
[0.845s] INFO:colcon.colcon_core.package_selection:Skipping not selected package 'crrc_control_msgs' in 'crrc_control_msgs'
[0.845s] INFO:colcon.colcon_core.package_selection:Skipping not selected package 'crrc_hmi_msgs' in 'crrc_hmi_msgs'
[0.845s] INFO:colcon.colcon_core.package_selection:Skipping not selected package 'crrc_localization_msgs' in 'crrc_localization_msgs'
[0.845s] INFO:colcon.colcon_core.package_selection:Skipping not selected package 'crrc_perception_msgs' in 'crrc_perception_msgs'
[0.845s] INFO:colcon.colcon_core.package_selection:Skipping not selected package 'crrc_planning_msgs' in 'crrc_planning_msgs'
[0.845s] INFO:colcon.colcon_core.package_selection:Skipping not selected package 'crrc_system_msgs' in 'crrc_system_msgs'
[0.845s] INFO:colcon.colcon_core.package_selection:Skipping not selected package 'crrc_api_msgs' in 'crrc_api_msgs'
[0.845s] INFO:colcon.colcon_core.package_selection:Skipping not selected package 'crrc_vehicle_msgs' in 'crrc_vehicle_msgs'
[0.845s] INFO:colcon.colcon_core.package_selection:Skipping not selected package 'crrc_auto_msgs_converter' in 'crrc_auto_msgs_converter'
[0.846s] Level 1:colcon.colcon_core.package_discovery:discover_packages(prefix_path) check parameters
[0.846s] Level 1:colcon.colcon_core.package_discovery:discover_packages(prefix_path) discover
[0.850s] DEBUG:colcon.colcon_installed_package_information.package_discovery:Found 326 installed packages in /opt/ros/humble
[0.854s] Level 1:colcon.colcon_core.package_discovery:discover_packages(prefix_path) using defaults
[0.962s] Level 5:colcon.colcon_core.verb:set package 'art_interface_msg' build argument 'cmake_args' from command line to '['-DCMAKE_BUILD_TYPE=Release', '-DBUILD_TESTING=off']'
[0.962s] Level 5:colcon.colcon_core.verb:set package 'art_interface_msg' build argument 'cmake_target' from command line to 'None'
[0.962s] Level 5:colcon.colcon_core.verb:set package 'art_interface_msg' build argument 'cmake_target_skip_unavailable' from command line to 'False'
[0.962s] Level 5:colcon.colcon_core.verb:set package 'art_interface_msg' build argument 'cmake_clean_cache' from command line to 'False'
[0.962s] Level 5:colcon.colcon_core.verb:set package 'art_interface_msg' build argument 'cmake_clean_first' from command line to 'False'
[0.962s] Level 5:colcon.colcon_core.verb:set package 'art_interface_msg' build argument 'cmake_force_configure' from command line to 'False'
[0.962s] Level 5:colcon.colcon_core.verb:set package 'art_interface_msg' build argument 'ament_cmake_args' from command line to 'None'
[0.962s] Level 5:colcon.colcon_core.verb:set package 'art_interface_msg' build argument 'catkin_cmake_args' from command line to 'None'
[0.963s] Level 5:colcon.colcon_core.verb:set package 'art_interface_msg' build argument 'catkin_skip_building_tests' from command line to 'False'
[0.963s] DEBUG:colcon.colcon_core.verb:Building package 'art_interface_msg' with the following arguments: {'ament_cmake_args': None, 'build_base': '/home/nvidia/workspace/msgs/src/build/art_interface_msg', 'catkin_cmake_args': None, 'catkin_skip_building_tests': False, 'cmake_args': ['-DCMAKE_BUILD_TYPE=Release', '-DBUILD_TESTING=off'], 'cmake_clean_cache': False, 'cmake_clean_first': False, 'cmake_force_configure': False, 'cmake_target': None, 'cmake_target_skip_unavailable': False, 'install_base': '/home/nvidia/workspace/msgs/src/install/art_interface_msg', 'merge_install': False, 'path': '/home/nvidia/workspace/msgs/src/art_interface_msg', 'symlink_install': False, 'test_result_base': None}
[0.963s] INFO:colcon.colcon_core.executor:Executing jobs using 'parallel' executor
[0.966s] DEBUG:colcon.colcon_parallel_executor.executor.parallel:run_until_complete
[0.966s] INFO:colcon.colcon_ros.task.ament_cmake.build:Building ROS package in '/home/nvidia/workspace/msgs/src/art_interface_msg' with build type 'ament_cmake'
[0.966s] INFO:colcon.colcon_cmake.task.cmake.build:Building CMake package in '/home/nvidia/workspace/msgs/src/art_interface_msg'
[0.971s] INFO:colcon.colcon_core.plugin_system:Skipping extension 'colcon_core.shell.bat': Not used on non-Windows systems
[0.971s] INFO:colcon.colcon_core.shell:Skip shell extension 'powershell' for command environment: Not usable outside of PowerShell
[0.971s] DEBUG:colcon.colcon_core.shell:Skip shell extension 'dsv' for command environment
[1.005s] DEBUG:colcon.colcon_core.event_handler.log_command:Invoking command in '/home/nvidia/workspace/msgs/src/build/art_interface_msg': CMAKE_PREFIX_PATH=/opt/ros/humble /usr/local/bin/cmake --build /home/nvidia/workspace/msgs/src/build/art_interface_msg -- -j12 -l12
[1.755s] DEBUG:colcon.colcon_core.event_handler.log_command:Invoked command in '/home/nvidia/workspace/msgs/src/build/art_interface_msg' returned '0': CMAKE_PREFIX_PATH=/opt/ros/humble /usr/local/bin/cmake --build /home/nvidia/workspace/msgs/src/build/art_interface_msg -- -j12 -l12
[1.784s] DEBUG:colcon.colcon_core.event_handler.log_command:Invoking command in '/home/nvidia/workspace/msgs/src/build/art_interface_msg': CMAKE_PREFIX_PATH=/opt/ros/humble /usr/local/bin/cmake --install /home/nvidia/workspace/msgs/src/build/art_interface_msg
[1.911s] Level 1:colcon.colcon_core.environment:create_environment_scripts_only(art_interface_msg)
[1.913s] DEBUG:colcon.colcon_core.event_handler.log_command:Invoked command in '/home/nvidia/workspace/msgs/src/build/art_interface_msg' returned '0': CMAKE_PREFIX_PATH=/opt/ros/humble /usr/local/bin/cmake --install /home/nvidia/workspace/msgs/src/build/art_interface_msg
[1.917s] Level 1:colcon.colcon_core.environment:checking '/home/nvidia/workspace/msgs/src/install/art_interface_msg' for CMake module files
[1.918s] Level 1:colcon.colcon_core.environment:checking '/home/nvidia/workspace/msgs/src/install/art_interface_msg' for CMake config files
[1.919s] Level 1:colcon.colcon_core.shell:create_environment_hook('art_interface_msg', 'cmake_prefix_path')
[1.919s] INFO:colcon.colcon_core.shell:Creating environment hook '/home/nvidia/workspace/msgs/src/install/art_interface_msg/share/art_interface_msg/hook/cmake_prefix_path.ps1'
[1.929s] INFO:colcon.colcon_core.shell:Creating environment descriptor '/home/nvidia/workspace/msgs/src/install/art_interface_msg/share/art_interface_msg/hook/cmake_prefix_path.dsv'
[1.930s] INFO:colcon.colcon_core.shell:Creating environment hook '/home/nvidia/workspace/msgs/src/install/art_interface_msg/share/art_interface_msg/hook/cmake_prefix_path.sh'
[1.931s] Level 1:colcon.colcon_core.environment:checking '/home/nvidia/workspace/msgs/src/install/art_interface_msg/lib'
[1.932s] Level 1:colcon.colcon_core.shell:create_environment_hook('art_interface_msg', 'ld_library_path_lib')
[1.932s] INFO:colcon.colcon_core.shell:Creating environment hook '/home/nvidia/workspace/msgs/src/install/art_interface_msg/share/art_interface_msg/hook/ld_library_path_lib.ps1'
[1.933s] INFO:colcon.colcon_core.shell:Creating environment descriptor '/home/nvidia/workspace/msgs/src/install/art_interface_msg/share/art_interface_msg/hook/ld_library_path_lib.dsv'
[1.933s] INFO:colcon.colcon_core.shell:Creating environment hook '/home/nvidia/workspace/msgs/src/install/art_interface_msg/share/art_interface_msg/hook/ld_library_path_lib.sh'
[1.934s] Level 1:colcon.colcon_core.environment:checking '/home/nvidia/workspace/msgs/src/install/art_interface_msg/bin'
[1.934s] Level 1:colcon.colcon_core.environment:checking '/home/nvidia/workspace/msgs/src/install/art_interface_msg/lib/pkgconfig/art_interface_msg.pc'
[1.935s] Level 1:colcon.colcon_core.environment:checking '/home/nvidia/workspace/msgs/src/install/art_interface_msg/lib/python3.8/site-packages'
[1.935s] Level 1:colcon.colcon_core.environment:checking '/home/nvidia/workspace/msgs/src/install/art_interface_msg/bin'
[1.936s] INFO:colcon.colcon_core.shell:Creating package script '/home/nvidia/workspace/msgs/src/install/art_interface_msg/share/art_interface_msg/package.ps1'
[1.938s] INFO:colcon.colcon_core.shell:Creating package descriptor '/home/nvidia/workspace/msgs/src/install/art_interface_msg/share/art_interface_msg/package.dsv'
[1.939s] INFO:colcon.colcon_core.shell:Creating package script '/home/nvidia/workspace/msgs/src/install/art_interface_msg/share/art_interface_msg/package.sh'
[1.940s] INFO:colcon.colcon_core.shell:Creating package script '/home/nvidia/workspace/msgs/src/install/art_interface_msg/share/art_interface_msg/package.bash'
[1.941s] INFO:colcon.colcon_core.shell:Creating package script '/home/nvidia/workspace/msgs/src/install/art_interface_msg/share/art_interface_msg/package.zsh'
[1.942s] Level 1:colcon.colcon_core.environment:create_file_with_runtime_dependencies(/home/nvidia/workspace/msgs/src/install/art_interface_msg/share/colcon-core/packages/art_interface_msg)
[1.944s] Level 1:colcon.colcon_core.environment:create_environment_scripts_only(art_interface_msg)
[1.944s] Level 1:colcon.colcon_core.environment:checking '/home/nvidia/workspace/msgs/src/install/art_interface_msg' for CMake module files
[1.945s] Level 1:colcon.colcon_core.environment:checking '/home/nvidia/workspace/msgs/src/install/art_interface_msg' for CMake config files
[1.945s] Level 1:colcon.colcon_core.shell:create_environment_hook('art_interface_msg', 'cmake_prefix_path')
[1.946s] INFO:colcon.colcon_core.shell:Creating environment hook '/home/nvidia/workspace/msgs/src/install/art_interface_msg/share/art_interface_msg/hook/cmake_prefix_path.ps1'
[1.946s] INFO:colcon.colcon_core.shell:Creating environment descriptor '/home/nvidia/workspace/msgs/src/install/art_interface_msg/share/art_interface_msg/hook/cmake_prefix_path.dsv'
[1.947s] INFO:colcon.colcon_core.shell:Creating environment hook '/home/nvidia/workspace/msgs/src/install/art_interface_msg/share/art_interface_msg/hook/cmake_prefix_path.sh'
[1.948s] Level 1:colcon.colcon_core.environment:checking '/home/nvidia/workspace/msgs/src/install/art_interface_msg/lib'
[1.948s] Level 1:colcon.colcon_core.shell:create_environment_hook('art_interface_msg', 'ld_library_path_lib')
[1.948s] INFO:colcon.colcon_core.shell:Creating environment hook '/home/nvidia/workspace/msgs/src/install/art_interface_msg/share/art_interface_msg/hook/ld_library_path_lib.ps1'
[1.949s] INFO:colcon.colcon_core.shell:Creating environment descriptor '/home/nvidia/workspace/msgs/src/install/art_interface_msg/share/art_interface_msg/hook/ld_library_path_lib.dsv'
[1.950s] INFO:colcon.colcon_core.shell:Creating environment hook '/home/nvidia/workspace/msgs/src/install/art_interface_msg/share/art_interface_msg/hook/ld_library_path_lib.sh'
[1.951s] Level 1:colcon.colcon_core.environment:checking '/home/nvidia/workspace/msgs/src/install/art_interface_msg/bin'
[1.951s] Level 1:colcon.colcon_core.environment:checking '/home/nvidia/workspace/msgs/src/install/art_interface_msg/lib/pkgconfig/art_interface_msg.pc'
[1.951s] Level 1:colcon.colcon_core.environment:checking '/home/nvidia/workspace/msgs/src/install/art_interface_msg/lib/python3.8/site-packages'
[1.951s] Level 1:colcon.colcon_core.environment:checking '/home/nvidia/workspace/msgs/src/install/art_interface_msg/bin'
[1.952s] INFO:colcon.colcon_core.shell:Creating package script '/home/nvidia/workspace/msgs/src/install/art_interface_msg/share/art_interface_msg/package.ps1'
[1.953s] INFO:colcon.colcon_core.shell:Creating package descriptor '/home/nvidia/workspace/msgs/src/install/art_interface_msg/share/art_interface_msg/package.dsv'
[1.954s] INFO:colcon.colcon_core.shell:Creating package script '/home/nvidia/workspace/msgs/src/install/art_interface_msg/share/art_interface_msg/package.sh'
[1.955s] INFO:colcon.colcon_core.shell:Creating package script '/home/nvidia/workspace/msgs/src/install/art_interface_msg/share/art_interface_msg/package.bash'
[1.955s] INFO:colcon.colcon_core.shell:Creating package script '/home/nvidia/workspace/msgs/src/install/art_interface_msg/share/art_interface_msg/package.zsh'
[1.956s] Level 1:colcon.colcon_core.environment:create_file_with_runtime_dependencies(/home/nvidia/workspace/msgs/src/install/art_interface_msg/share/colcon-core/packages/art_interface_msg)
[1.957s] DEBUG:colcon.colcon_parallel_executor.executor.parallel:closing loop
[1.958s] DEBUG:colcon.colcon_parallel_executor.executor.parallel:loop closed
[1.958s] DEBUG:colcon.colcon_parallel_executor.executor.parallel:run_until_complete finished with '0'
[1.958s] DEBUG:colcon.colcon_core.event_reactor:joining thread
[1.976s] INFO:colcon.colcon_core.plugin_system:Skipping extension 'colcon_notification.desktop_notification.terminal_notifier': Not used on non-Darwin systems
[1.976s] INFO:colcon.colcon_core.plugin_system:Skipping extension 'colcon_notification.desktop_notification.win32': Not used on non-Windows systems
[1.976s] INFO:colcon.colcon_notification.desktop_notification:Sending desktop notification using 'notify2'
[2.024s] DEBUG:colcon.colcon_core.event_reactor:joined thread
[2.025s] INFO:colcon.colcon_core.shell:Creating prefix script '/home/nvidia/workspace/msgs/src/install/local_setup.ps1'
[2.026s] INFO:colcon.colcon_core.shell:Creating prefix util module '/home/nvidia/workspace/msgs/src/install/_local_setup_util_ps1.py'
[2.030s] INFO:colcon.colcon_core.shell:Creating prefix chain script '/home/nvidia/workspace/msgs/src/install/setup.ps1'
[2.032s] INFO:colcon.colcon_core.shell:Creating prefix script '/home/nvidia/workspace/msgs/src/install/local_setup.sh'
[2.033s] INFO:colcon.colcon_core.shell:Creating prefix util module '/home/nvidia/workspace/msgs/src/install/_local_setup_util_sh.py'
[2.034s] INFO:colcon.colcon_core.shell:Creating prefix chain script '/home/nvidia/workspace/msgs/src/install/setup.sh'
[2.036s] INFO:colcon.colcon_core.shell:Creating prefix script '/home/nvidia/workspace/msgs/src/install/local_setup.bash'
[2.036s] INFO:colcon.colcon_core.shell:Creating prefix chain script '/home/nvidia/workspace/msgs/src/install/setup.bash'
[2.038s] INFO:colcon.colcon_core.shell:Creating prefix script '/home/nvidia/workspace/msgs/src/install/local_setup.zsh'
[2.038s] INFO:colcon.colcon_core.shell:Creating prefix chain script '/home/nvidia/workspace/msgs/src/install/setup.zsh'
