-- The C compiler identification is GNU 9.4.0
-- The CXX compiler identification is GNU 9.4.0
-- Detecting C compiler ABI info
-- Detecting C compiler ABI info - done
-- Check for working C compiler: /usr/bin/cc - skipped
-- Detecting C compile features
-- Detecting C compile features - done
-- Detecting CXX compiler ABI info
-- Detecting CXX compiler ABI info - done
-- Check for working CXX compiler: /usr/bin/c++ - skipped
-- Detecting CXX compile features
-- Detecting CXX compile features - done
-- Found ament_cmake: 1.3.6 (/opt/ros/humble/share/ament_cmake/cmake)
-- Found Python3: /usr/bin/python3.9 (found version "3.9.5") found components: Interpreter 
-- Found rosidl_default_generators: 1.2.0 (/opt/ros/humble/share/rosidl_default_generators/cmake)
-- Using all available rosidl_typesupport_c: rosidl_typesupport_fastrtps_c;rosidl_typesupport_introspection_c
-- Found rosidl_adapter: 3.1.5 (/opt/ros/humble/share/rosidl_adapter/cmake)
-- Using all available rosidl_typesupport_cpp: rosidl_typesupport_fastrtps_cpp;rosidl_typesupport_introspection_cpp
-- Found ament_cmake_ros: 0.10.0 (/opt/ros/humble/share/ament_cmake_ros/cmake)
-- Using all available rosidl_typesupport_c: rosidl_typesupport_fastrtps_c;rosidl_typesupport_introspection_c
-- Using all available rosidl_typesupport_cpp: rosidl_typesupport_fastrtps_cpp;rosidl_typesupport_introspection_cpp
-- Found PythonInterp: /usr/bin/python3 (found suitable version "3.8.10", minimum required is "3.6") 
-- Found python_cmake_module: 0.10.0 (/opt/ros/humble/share/python_cmake_module/cmake)
-- Found PythonLibs: /usr/lib/aarch64-linux-gnu/libpython3.8.so (found suitable version "3.8.10", minimum required is "3.5") 
-- Using PYTHON_EXECUTABLE: /usr/bin/python3
-- Using PYTHON_INCLUDE_DIRS: /usr/include/python3.8
-- Using PYTHON_LIBRARIES: /usr/lib/aarch64-linux-gnu/libpython3.8.so
-- Found PythonExtra: .so  
-- Configuring done
-- Generating done
-- Build files have been written to: /home/nvidia/workspace/msgs/src/build/art_interface_msg
[  2%] [34m[1mGenerating C code for ROS interfaces[0m
[  4%] [34m[1mGenerating C++ code for ROS interfaces[0m
[  4%] Built target ament_cmake_python_copy_art_interface_msg
running egg_info
creating art_interface_msg.egg-info
writing art_interface_msg.egg-info/PKG-INFO
writing dependency_links to art_interface_msg.egg-info/dependency_links.txt
writing top-level names to art_interface_msg.egg-info/top_level.txt
writing manifest file 'art_interface_msg.egg-info/SOURCES.txt'
reading manifest file 'art_interface_msg.egg-info/SOURCES.txt'
writing manifest file 'art_interface_msg.egg-info/SOURCES.txt'
[  4%] Built target ament_cmake_python_build_art_interface_msg_egg
[  4%] Built target art_interface_msg__cpp
[  8%] [32mBuilding C object CMakeFiles/art_interface_msg__rosidl_generator_c.dir/rosidl_generator_c/art_interface_msg/msg/detail/art_status__functions.c.o[0m
[  8%] [32mBuilding C object CMakeFiles/art_interface_msg__rosidl_generator_c.dir/rosidl_generator_c/art_interface_msg/msg/detail/control_command__functions.c.o[0m
[ 10%] [32mBuilding C object CMakeFiles/art_interface_msg__rosidl_generator_c.dir/rosidl_generator_c/art_interface_msg/msg/detail/art_life_signal__functions.c.o[0m
[ 17%] [34m[1mGenerating C++ introspection for ROS interfaces[0m
[ 17%] [34m[1mGenerating C++ type support dispatch for ROS interfaces[0m
[ 17%] [34m[1mGenerating C++ type support for eProsima Fast-RTPS[0m
[ 19%] [32m[1mLinking C shared library libart_interface_msg__rosidl_generator_c.so[0m
[ 19%] Built target art_interface_msg__rosidl_generator_c
[ 25%] [34m[1mGenerating C type support for eProsima Fast-RTPS[0m
[ 25%] [34m[1mGenerating C type support dispatch for ROS interfaces[0m
[ 25%] [34m[1mGenerating C introspection for ROS interfaces[0m
[ 29%] [32mBuilding CXX object CMakeFiles/art_interface_msg__rosidl_typesupport_cpp.dir/rosidl_typesupport_cpp/art_interface_msg/msg/art_status__type_support.cpp.o[0m
[ 29%] [32mBuilding CXX object CMakeFiles/art_interface_msg__rosidl_typesupport_cpp.dir/rosidl_typesupport_cpp/art_interface_msg/msg/control_command__type_support.cpp.o[0m
[ 31%] [32mBuilding CXX object CMakeFiles/art_interface_msg__rosidl_typesupport_cpp.dir/rosidl_typesupport_cpp/art_interface_msg/msg/art_life_signal__type_support.cpp.o[0m
[ 36%] [32mBuilding CXX object CMakeFiles/art_interface_msg__rosidl_typesupport_introspection_cpp.dir/rosidl_typesupport_introspection_cpp/art_interface_msg/msg/detail/art_status__type_support.cpp.o[0m
[ 36%] [32mBuilding CXX object CMakeFiles/art_interface_msg__rosidl_typesupport_introspection_cpp.dir/rosidl_typesupport_introspection_cpp/art_interface_msg/msg/detail/control_command__type_support.cpp.o[0m
[ 38%] [32mBuilding CXX object CMakeFiles/art_interface_msg__rosidl_typesupport_introspection_cpp.dir/rosidl_typesupport_introspection_cpp/art_interface_msg/msg/detail/art_life_signal__type_support.cpp.o[0m
[ 40%] [32mBuilding CXX object CMakeFiles/art_interface_msg__rosidl_typesupport_fastrtps_cpp.dir/rosidl_typesupport_fastrtps_cpp/art_interface_msg/msg/detail/dds_fastrtps/control_command__type_support.cpp.o[0m
[ 42%] [32mBuilding CXX object CMakeFiles/art_interface_msg__rosidl_typesupport_fastrtps_cpp.dir/rosidl_typesupport_fastrtps_cpp/art_interface_msg/msg/detail/dds_fastrtps/art_status__type_support.cpp.o[0m
[ 44%] [32mBuilding CXX object CMakeFiles/art_interface_msg__rosidl_typesupport_fastrtps_cpp.dir/rosidl_typesupport_fastrtps_cpp/art_interface_msg/msg/detail/dds_fastrtps/art_life_signal__type_support.cpp.o[0m
[ 46%] [32mBuilding CXX object CMakeFiles/art_interface_msg__rosidl_typesupport_c.dir/rosidl_typesupport_c/art_interface_msg/msg/control_command__type_support.cpp.o[0m
[ 48%] [32mBuilding CXX object CMakeFiles/art_interface_msg__rosidl_typesupport_c.dir/rosidl_typesupport_c/art_interface_msg/msg/art_status__type_support.cpp.o[0m
[ 51%] [32mBuilding C object CMakeFiles/art_interface_msg__rosidl_typesupport_introspection_c.dir/rosidl_typesupport_introspection_c/art_interface_msg/msg/detail/control_command__type_support.c.o[0m
[ 53%] [32mBuilding CXX object CMakeFiles/art_interface_msg__rosidl_typesupport_fastrtps_c.dir/rosidl_typesupport_fastrtps_c/art_interface_msg/msg/detail/control_command__type_support_c.cpp.o[0m
[ 55%] [32mBuilding CXX object CMakeFiles/art_interface_msg__rosidl_typesupport_c.dir/rosidl_typesupport_c/art_interface_msg/msg/art_life_signal__type_support.cpp.o[0m
[ 59%] [32mBuilding C object CMakeFiles/art_interface_msg__rosidl_typesupport_introspection_c.dir/rosidl_typesupport_introspection_c/art_interface_msg/msg/detail/art_status__type_support.c.o[0m
[ 59%] [32m[1mLinking CXX shared library libart_interface_msg__rosidl_typesupport_c.so[0m
[ 59%] Built target art_interface_msg__rosidl_typesupport_c
[ 61%] [32mBuilding C object CMakeFiles/art_interface_msg__rosidl_typesupport_introspection_c.dir/rosidl_typesupport_introspection_c/art_interface_msg/msg/detail/art_life_signal__type_support.c.o[0m
[ 63%] [32mBuilding CXX object CMakeFiles/art_interface_msg__rosidl_typesupport_fastrtps_c.dir/rosidl_typesupport_fastrtps_c/art_interface_msg/msg/detail/art_status__type_support_c.cpp.o[0m
[ 65%] [32m[1mLinking C shared library libart_interface_msg__rosidl_typesupport_introspection_c.so[0m
[ 70%] [32mBuilding CXX object CMakeFiles/art_interface_msg__rosidl_typesupport_fastrtps_c.dir/rosidl_typesupport_fastrtps_c/art_interface_msg/msg/detail/art_life_signal__type_support_c.cpp.o[0m
[ 70%] [32m[1mLinking CXX shared library libart_interface_msg__rosidl_typesupport_cpp.so[0m
[ 70%] Built target art_interface_msg__rosidl_typesupport_introspection_c
[ 70%] Built target art_interface_msg__rosidl_typesupport_cpp
[ 72%] [32m[1mLinking CXX shared library libart_interface_msg__rosidl_typesupport_introspection_cpp.so[0m
[ 72%] Built target art_interface_msg__rosidl_typesupport_introspection_cpp
[ 74%] [32m[1mLinking CXX shared library libart_interface_msg__rosidl_typesupport_fastrtps_cpp.so[0m
[ 74%] Built target art_interface_msg__rosidl_typesupport_fastrtps_cpp
[ 76%] [32m[1mLinking CXX shared library libart_interface_msg__rosidl_typesupport_fastrtps_c.so[0m
[ 76%] Built target art_interface_msg__rosidl_typesupport_fastrtps_c
[ 76%] Built target art_interface_msg
[ 78%] [34m[1mGenerating Python code for ROS interfaces[0m
[ 78%] Built target art_interface_msg__py
[ 82%] [32mBuilding C object CMakeFiles/art_interface_msg__rosidl_generator_py.dir/rosidl_generator_py/art_interface_msg/msg/_art_life_signal_s.c.o[0m
[ 82%] [32mBuilding C object CMakeFiles/art_interface_msg__rosidl_generator_py.dir/rosidl_generator_py/art_interface_msg/msg/_control_command_s.c.o[0m
[ 85%] [32mBuilding C object CMakeFiles/art_interface_msg__rosidl_generator_py.dir/rosidl_generator_py/art_interface_msg/msg/_art_status_s.c.o[0m
[ 87%] [32m[1mLinking C shared library rosidl_generator_py/art_interface_msg/libart_interface_msg__rosidl_generator_py.so[0m
[ 87%] Built target art_interface_msg__rosidl_generator_py
[ 93%] [32mBuilding C object CMakeFiles/art_interface_msg__rosidl_typesupport_fastrtps_c__pyext.dir/rosidl_generator_py/art_interface_msg/_art_interface_msg_s.ep.rosidl_typesupport_fastrtps_c.c.o[0m
[ 93%] [32mBuilding C object CMakeFiles/art_interface_msg__rosidl_typesupport_c__pyext.dir/rosidl_generator_py/art_interface_msg/_art_interface_msg_s.ep.rosidl_typesupport_c.c.o[0m
[ 93%] [32mBuilding C object CMakeFiles/art_interface_msg__rosidl_typesupport_introspection_c__pyext.dir/rosidl_generator_py/art_interface_msg/_art_interface_msg_s.ep.rosidl_typesupport_introspection_c.c.o[0m
[ 95%] [32m[1mLinking C shared library rosidl_generator_py/art_interface_msg/art_interface_msg_s__rosidl_typesupport_c.cpython-38-aarch64-linux-gnu.so[0m
[ 97%] [32m[1mLinking C shared library rosidl_generator_py/art_interface_msg/art_interface_msg_s__rosidl_typesupport_introspection_c.cpython-38-aarch64-linux-gnu.so[0m
[100%] [32m[1mLinking C shared library rosidl_generator_py/art_interface_msg/art_interface_msg_s__rosidl_typesupport_fastrtps_c.cpython-38-aarch64-linux-gnu.so[0m
[100%] Built target art_interface_msg__rosidl_typesupport_introspection_c__pyext
[100%] Built target art_interface_msg__rosidl_typesupport_c__pyext
[100%] Built target art_interface_msg__rosidl_typesupport_fastrtps_c__pyext
-- Install configuration: "Release"
-- Installing: /home/nvidia/workspace/msgs/src/install/art_interface_msg/share/ament_index/resource_index/rosidl_interfaces/art_interface_msg
-- Installing: /home/nvidia/workspace/msgs/src/install/art_interface_msg/include/art_interface_msg/art_interface_msg
-- Installing: /home/nvidia/workspace/msgs/src/install/art_interface_msg/include/art_interface_msg/art_interface_msg/msg
-- Installing: /home/nvidia/workspace/msgs/src/install/art_interface_msg/include/art_interface_msg/art_interface_msg/msg/rosidl_generator_c__visibility_control.h
-- Installing: /home/nvidia/workspace/msgs/src/install/art_interface_msg/include/art_interface_msg/art_interface_msg/msg/art_life_signal.h
-- Installing: /home/nvidia/workspace/msgs/src/install/art_interface_msg/include/art_interface_msg/art_interface_msg/msg/control_command.h
-- Installing: /home/nvidia/workspace/msgs/src/install/art_interface_msg/include/art_interface_msg/art_interface_msg/msg/detail
-- Installing: /home/nvidia/workspace/msgs/src/install/art_interface_msg/include/art_interface_msg/art_interface_msg/msg/detail/art_life_signal__struct.h
-- Installing: /home/nvidia/workspace/msgs/src/install/art_interface_msg/include/art_interface_msg/art_interface_msg/msg/detail/art_life_signal__functions.c
-- Installing: /home/nvidia/workspace/msgs/src/install/art_interface_msg/include/art_interface_msg/art_interface_msg/msg/detail/control_command__functions.h
-- Installing: /home/nvidia/workspace/msgs/src/install/art_interface_msg/include/art_interface_msg/art_interface_msg/msg/detail/art_status__struct.h
-- Installing: /home/nvidia/workspace/msgs/src/install/art_interface_msg/include/art_interface_msg/art_interface_msg/msg/detail/art_life_signal__functions.h
-- Installing: /home/nvidia/workspace/msgs/src/install/art_interface_msg/include/art_interface_msg/art_interface_msg/msg/detail/art_life_signal__type_support.h
-- Installing: /home/nvidia/workspace/msgs/src/install/art_interface_msg/include/art_interface_msg/art_interface_msg/msg/detail/control_command__functions.c
-- Installing: /home/nvidia/workspace/msgs/src/install/art_interface_msg/include/art_interface_msg/art_interface_msg/msg/detail/art_status__functions.h
-- Installing: /home/nvidia/workspace/msgs/src/install/art_interface_msg/include/art_interface_msg/art_interface_msg/msg/detail/control_command__struct.h
-- Installing: /home/nvidia/workspace/msgs/src/install/art_interface_msg/include/art_interface_msg/art_interface_msg/msg/detail/art_status__functions.c
-- Installing: /home/nvidia/workspace/msgs/src/install/art_interface_msg/include/art_interface_msg/art_interface_msg/msg/detail/art_status__type_support.h
-- Installing: /home/nvidia/workspace/msgs/src/install/art_interface_msg/include/art_interface_msg/art_interface_msg/msg/detail/control_command__type_support.h
-- Installing: /home/nvidia/workspace/msgs/src/install/art_interface_msg/include/art_interface_msg/art_interface_msg/msg/art_status.h
-- Installing: /home/nvidia/workspace/msgs/src/install/art_interface_msg/share/art_interface_msg/environment/library_path.sh
-- Installing: /home/nvidia/workspace/msgs/src/install/art_interface_msg/share/art_interface_msg/environment/library_path.dsv
-- Installing: /home/nvidia/workspace/msgs/src/install/art_interface_msg/lib/libart_interface_msg__rosidl_generator_c.so
-- Set runtime path of "/home/nvidia/workspace/msgs/src/install/art_interface_msg/lib/libart_interface_msg__rosidl_generator_c.so" to ""
-- Up-to-date: /home/nvidia/workspace/msgs/src/install/art_interface_msg/include/art_interface_msg/art_interface_msg
-- Up-to-date: /home/nvidia/workspace/msgs/src/install/art_interface_msg/include/art_interface_msg/art_interface_msg/msg
-- Up-to-date: /home/nvidia/workspace/msgs/src/install/art_interface_msg/include/art_interface_msg/art_interface_msg/msg/detail
-- Installing: /home/nvidia/workspace/msgs/src/install/art_interface_msg/include/art_interface_msg/art_interface_msg/msg/detail/art_life_signal__rosidl_typesupport_fastrtps_c.h
-- Installing: /home/nvidia/workspace/msgs/src/install/art_interface_msg/include/art_interface_msg/art_interface_msg/msg/detail/control_command__rosidl_typesupport_fastrtps_c.h
-- Installing: /home/nvidia/workspace/msgs/src/install/art_interface_msg/include/art_interface_msg/art_interface_msg/msg/detail/art_status__rosidl_typesupport_fastrtps_c.h
-- Installing: /home/nvidia/workspace/msgs/src/install/art_interface_msg/include/art_interface_msg/art_interface_msg/msg/rosidl_typesupport_fastrtps_c__visibility_control.h
-- Installing: /home/nvidia/workspace/msgs/src/install/art_interface_msg/lib/libart_interface_msg__rosidl_typesupport_fastrtps_c.so
-- Set runtime path of "/home/nvidia/workspace/msgs/src/install/art_interface_msg/lib/libart_interface_msg__rosidl_typesupport_fastrtps_c.so" to ""
-- Up-to-date: /home/nvidia/workspace/msgs/src/install/art_interface_msg/include/art_interface_msg/art_interface_msg
-- Up-to-date: /home/nvidia/workspace/msgs/src/install/art_interface_msg/include/art_interface_msg/art_interface_msg/msg
-- Installing: /home/nvidia/workspace/msgs/src/install/art_interface_msg/include/art_interface_msg/art_interface_msg/msg/rosidl_typesupport_introspection_c__visibility_control.h
-- Up-to-date: /home/nvidia/workspace/msgs/src/install/art_interface_msg/include/art_interface_msg/art_interface_msg/msg/detail
-- Installing: /home/nvidia/workspace/msgs/src/install/art_interface_msg/include/art_interface_msg/art_interface_msg/msg/detail/art_status__rosidl_typesupport_introspection_c.h
-- Installing: /home/nvidia/workspace/msgs/src/install/art_interface_msg/include/art_interface_msg/art_interface_msg/msg/detail/art_life_signal__type_support.c
-- Installing: /home/nvidia/workspace/msgs/src/install/art_interface_msg/include/art_interface_msg/art_interface_msg/msg/detail/art_life_signal__rosidl_typesupport_introspection_c.h
-- Installing: /home/nvidia/workspace/msgs/src/install/art_interface_msg/include/art_interface_msg/art_interface_msg/msg/detail/art_status__type_support.c
-- Installing: /home/nvidia/workspace/msgs/src/install/art_interface_msg/include/art_interface_msg/art_interface_msg/msg/detail/control_command__type_support.c
-- Installing: /home/nvidia/workspace/msgs/src/install/art_interface_msg/include/art_interface_msg/art_interface_msg/msg/detail/control_command__rosidl_typesupport_introspection_c.h
-- Installing: /home/nvidia/workspace/msgs/src/install/art_interface_msg/lib/libart_interface_msg__rosidl_typesupport_introspection_c.so
-- Set runtime path of "/home/nvidia/workspace/msgs/src/install/art_interface_msg/lib/libart_interface_msg__rosidl_typesupport_introspection_c.so" to ""
-- Installing: /home/nvidia/workspace/msgs/src/install/art_interface_msg/lib/libart_interface_msg__rosidl_typesupport_c.so
-- Set runtime path of "/home/nvidia/workspace/msgs/src/install/art_interface_msg/lib/libart_interface_msg__rosidl_typesupport_c.so" to ""
-- Up-to-date: /home/nvidia/workspace/msgs/src/install/art_interface_msg/include/art_interface_msg/art_interface_msg
-- Up-to-date: /home/nvidia/workspace/msgs/src/install/art_interface_msg/include/art_interface_msg/art_interface_msg/msg
-- Installing: /home/nvidia/workspace/msgs/src/install/art_interface_msg/include/art_interface_msg/art_interface_msg/msg/art_status.hpp
-- Installing: /home/nvidia/workspace/msgs/src/install/art_interface_msg/include/art_interface_msg/art_interface_msg/msg/control_command.hpp
-- Up-to-date: /home/nvidia/workspace/msgs/src/install/art_interface_msg/include/art_interface_msg/art_interface_msg/msg/detail
-- Installing: /home/nvidia/workspace/msgs/src/install/art_interface_msg/include/art_interface_msg/art_interface_msg/msg/detail/art_status__builder.hpp
-- Installing: /home/nvidia/workspace/msgs/src/install/art_interface_msg/include/art_interface_msg/art_interface_msg/msg/detail/art_status__traits.hpp
-- Installing: /home/nvidia/workspace/msgs/src/install/art_interface_msg/include/art_interface_msg/art_interface_msg/msg/detail/art_status__struct.hpp
-- Installing: /home/nvidia/workspace/msgs/src/install/art_interface_msg/include/art_interface_msg/art_interface_msg/msg/detail/control_command__builder.hpp
-- Installing: /home/nvidia/workspace/msgs/src/install/art_interface_msg/include/art_interface_msg/art_interface_msg/msg/detail/art_life_signal__traits.hpp
-- Installing: /home/nvidia/workspace/msgs/src/install/art_interface_msg/include/art_interface_msg/art_interface_msg/msg/detail/art_life_signal__builder.hpp
-- Installing: /home/nvidia/workspace/msgs/src/install/art_interface_msg/include/art_interface_msg/art_interface_msg/msg/detail/control_command__struct.hpp
-- Installing: /home/nvidia/workspace/msgs/src/install/art_interface_msg/include/art_interface_msg/art_interface_msg/msg/detail/art_life_signal__struct.hpp
-- Installing: /home/nvidia/workspace/msgs/src/install/art_interface_msg/include/art_interface_msg/art_interface_msg/msg/detail/control_command__traits.hpp
-- Installing: /home/nvidia/workspace/msgs/src/install/art_interface_msg/include/art_interface_msg/art_interface_msg/msg/art_life_signal.hpp
-- Up-to-date: /home/nvidia/workspace/msgs/src/install/art_interface_msg/include/art_interface_msg/art_interface_msg
-- Up-to-date: /home/nvidia/workspace/msgs/src/install/art_interface_msg/include/art_interface_msg/art_interface_msg/msg
-- Installing: /home/nvidia/workspace/msgs/src/install/art_interface_msg/include/art_interface_msg/art_interface_msg/msg/rosidl_typesupport_fastrtps_cpp__visibility_control.h
-- Up-to-date: /home/nvidia/workspace/msgs/src/install/art_interface_msg/include/art_interface_msg/art_interface_msg/msg/detail
-- Installing: /home/nvidia/workspace/msgs/src/install/art_interface_msg/include/art_interface_msg/art_interface_msg/msg/detail/dds_fastrtps
-- Installing: /home/nvidia/workspace/msgs/src/install/art_interface_msg/include/art_interface_msg/art_interface_msg/msg/detail/art_life_signal__rosidl_typesupport_fastrtps_cpp.hpp
-- Installing: /home/nvidia/workspace/msgs/src/install/art_interface_msg/include/art_interface_msg/art_interface_msg/msg/detail/control_command__rosidl_typesupport_fastrtps_cpp.hpp
-- Installing: /home/nvidia/workspace/msgs/src/install/art_interface_msg/include/art_interface_msg/art_interface_msg/msg/detail/art_status__rosidl_typesupport_fastrtps_cpp.hpp
-- Installing: /home/nvidia/workspace/msgs/src/install/art_interface_msg/lib/libart_interface_msg__rosidl_typesupport_fastrtps_cpp.so
-- Set runtime path of "/home/nvidia/workspace/msgs/src/install/art_interface_msg/lib/libart_interface_msg__rosidl_typesupport_fastrtps_cpp.so" to ""
-- Up-to-date: /home/nvidia/workspace/msgs/src/install/art_interface_msg/include/art_interface_msg/art_interface_msg
-- Up-to-date: /home/nvidia/workspace/msgs/src/install/art_interface_msg/include/art_interface_msg/art_interface_msg/msg
-- Up-to-date: /home/nvidia/workspace/msgs/src/install/art_interface_msg/include/art_interface_msg/art_interface_msg/msg/detail
-- Installing: /home/nvidia/workspace/msgs/src/install/art_interface_msg/include/art_interface_msg/art_interface_msg/msg/detail/art_life_signal__type_support.cpp
-- Installing: /home/nvidia/workspace/msgs/src/install/art_interface_msg/include/art_interface_msg/art_interface_msg/msg/detail/control_command__rosidl_typesupport_introspection_cpp.hpp
-- Installing: /home/nvidia/workspace/msgs/src/install/art_interface_msg/include/art_interface_msg/art_interface_msg/msg/detail/art_status__rosidl_typesupport_introspection_cpp.hpp
-- Installing: /home/nvidia/workspace/msgs/src/install/art_interface_msg/include/art_interface_msg/art_interface_msg/msg/detail/art_status__type_support.cpp
-- Installing: /home/nvidia/workspace/msgs/src/install/art_interface_msg/include/art_interface_msg/art_interface_msg/msg/detail/art_life_signal__rosidl_typesupport_introspection_cpp.hpp
-- Installing: /home/nvidia/workspace/msgs/src/install/art_interface_msg/include/art_interface_msg/art_interface_msg/msg/detail/control_command__type_support.cpp
-- Installing: /home/nvidia/workspace/msgs/src/install/art_interface_msg/lib/libart_interface_msg__rosidl_typesupport_introspection_cpp.so
-- Set runtime path of "/home/nvidia/workspace/msgs/src/install/art_interface_msg/lib/libart_interface_msg__rosidl_typesupport_introspection_cpp.so" to ""
-- Installing: /home/nvidia/workspace/msgs/src/install/art_interface_msg/lib/libart_interface_msg__rosidl_typesupport_cpp.so
-- Set runtime path of "/home/nvidia/workspace/msgs/src/install/art_interface_msg/lib/libart_interface_msg__rosidl_typesupport_cpp.so" to ""
-- Installing: /home/nvidia/workspace/msgs/src/install/art_interface_msg/share/art_interface_msg/environment/pythonpath.sh
-- Installing: /home/nvidia/workspace/msgs/src/install/art_interface_msg/share/art_interface_msg/environment/pythonpath.dsv
-- Installing: /home/nvidia/workspace/msgs/src/install/art_interface_msg/lib/python3.9/site-packages/art_interface_msg-0.0.0-py3.9.egg-info
-- Installing: /home/nvidia/workspace/msgs/src/install/art_interface_msg/lib/python3.9/site-packages/art_interface_msg-0.0.0-py3.9.egg-info/dependency_links.txt
-- Installing: /home/nvidia/workspace/msgs/src/install/art_interface_msg/lib/python3.9/site-packages/art_interface_msg-0.0.0-py3.9.egg-info/top_level.txt
-- Installing: /home/nvidia/workspace/msgs/src/install/art_interface_msg/lib/python3.9/site-packages/art_interface_msg-0.0.0-py3.9.egg-info/PKG-INFO
-- Installing: /home/nvidia/workspace/msgs/src/install/art_interface_msg/lib/python3.9/site-packages/art_interface_msg-0.0.0-py3.9.egg-info/SOURCES.txt
-- Installing: /home/nvidia/workspace/msgs/src/install/art_interface_msg/lib/python3.9/site-packages/art_interface_msg
-- Installing: /home/nvidia/workspace/msgs/src/install/art_interface_msg/lib/python3.9/site-packages/art_interface_msg/__init__.py
-- Installing: /home/nvidia/workspace/msgs/src/install/art_interface_msg/lib/python3.9/site-packages/art_interface_msg/art_interface_msg_s__rosidl_typesupport_introspection_c.cpython-38-aarch64-linux-gnu.so
-- Installing: /home/nvidia/workspace/msgs/src/install/art_interface_msg/lib/python3.9/site-packages/art_interface_msg/libart_interface_msg__rosidl_generator_py.so
-- Installing: /home/nvidia/workspace/msgs/src/install/art_interface_msg/lib/python3.9/site-packages/art_interface_msg/art_interface_msg_s__rosidl_typesupport_c.cpython-38-aarch64-linux-gnu.so
-- Installing: /home/nvidia/workspace/msgs/src/install/art_interface_msg/lib/python3.9/site-packages/art_interface_msg/art_interface_msg_s__rosidl_typesupport_fastrtps_c.cpython-38-aarch64-linux-gnu.so
-- Installing: /home/nvidia/workspace/msgs/src/install/art_interface_msg/lib/python3.9/site-packages/art_interface_msg/_art_interface_msg_s.ep.rosidl_typesupport_c.c
-- Installing: /home/nvidia/workspace/msgs/src/install/art_interface_msg/lib/python3.9/site-packages/art_interface_msg/msg
-- Installing: /home/nvidia/workspace/msgs/src/install/art_interface_msg/lib/python3.9/site-packages/art_interface_msg/msg/__init__.py
-- Installing: /home/nvidia/workspace/msgs/src/install/art_interface_msg/lib/python3.9/site-packages/art_interface_msg/msg/_art_status.py
-- Installing: /home/nvidia/workspace/msgs/src/install/art_interface_msg/lib/python3.9/site-packages/art_interface_msg/msg/_art_status_s.c
-- Installing: /home/nvidia/workspace/msgs/src/install/art_interface_msg/lib/python3.9/site-packages/art_interface_msg/msg/_control_command_s.c
-- Installing: /home/nvidia/workspace/msgs/src/install/art_interface_msg/lib/python3.9/site-packages/art_interface_msg/msg/_art_life_signal_s.c
-- Installing: /home/nvidia/workspace/msgs/src/install/art_interface_msg/lib/python3.9/site-packages/art_interface_msg/msg/_control_command.py
-- Installing: /home/nvidia/workspace/msgs/src/install/art_interface_msg/lib/python3.9/site-packages/art_interface_msg/msg/_art_life_signal.py
-- Installing: /home/nvidia/workspace/msgs/src/install/art_interface_msg/lib/python3.9/site-packages/art_interface_msg/_art_interface_msg_s.ep.rosidl_typesupport_fastrtps_c.c
-- Installing: /home/nvidia/workspace/msgs/src/install/art_interface_msg/lib/python3.9/site-packages/art_interface_msg/_art_interface_msg_s.ep.rosidl_typesupport_introspection_c.c
Listing '/home/nvidia/workspace/msgs/src/install/art_interface_msg/lib/python3.9/site-packages/art_interface_msg'...
Compiling '/home/nvidia/workspace/msgs/src/install/art_interface_msg/lib/python3.9/site-packages/art_interface_msg/__init__.py'...
Listing '/home/nvidia/workspace/msgs/src/install/art_interface_msg/lib/python3.9/site-packages/art_interface_msg/msg'...
Compiling '/home/nvidia/workspace/msgs/src/install/art_interface_msg/lib/python3.9/site-packages/art_interface_msg/msg/__init__.py'...
Compiling '/home/nvidia/workspace/msgs/src/install/art_interface_msg/lib/python3.9/site-packages/art_interface_msg/msg/_art_life_signal.py'...
Compiling '/home/nvidia/workspace/msgs/src/install/art_interface_msg/lib/python3.9/site-packages/art_interface_msg/msg/_art_status.py'...
Compiling '/home/nvidia/workspace/msgs/src/install/art_interface_msg/lib/python3.9/site-packages/art_interface_msg/msg/_control_command.py'...
-- Installing: /home/nvidia/workspace/msgs/src/install/art_interface_msg/lib/python3.9/site-packages/art_interface_msg/art_interface_msg_s__rosidl_typesupport_fastrtps_c.cpython-38-aarch64-linux-gnu.so
-- Set runtime path of "/home/nvidia/workspace/msgs/src/install/art_interface_msg/lib/python3.9/site-packages/art_interface_msg/art_interface_msg_s__rosidl_typesupport_fastrtps_c.cpython-38-aarch64-linux-gnu.so" to ""
-- Installing: /home/nvidia/workspace/msgs/src/install/art_interface_msg/lib/python3.9/site-packages/art_interface_msg/art_interface_msg_s__rosidl_typesupport_introspection_c.cpython-38-aarch64-linux-gnu.so
-- Set runtime path of "/home/nvidia/workspace/msgs/src/install/art_interface_msg/lib/python3.9/site-packages/art_interface_msg/art_interface_msg_s__rosidl_typesupport_introspection_c.cpython-38-aarch64-linux-gnu.so" to ""
-- Installing: /home/nvidia/workspace/msgs/src/install/art_interface_msg/lib/python3.9/site-packages/art_interface_msg/art_interface_msg_s__rosidl_typesupport_c.cpython-38-aarch64-linux-gnu.so
-- Set runtime path of "/home/nvidia/workspace/msgs/src/install/art_interface_msg/lib/python3.9/site-packages/art_interface_msg/art_interface_msg_s__rosidl_typesupport_c.cpython-38-aarch64-linux-gnu.so" to ""
-- Installing: /home/nvidia/workspace/msgs/src/install/art_interface_msg/lib/libart_interface_msg__rosidl_generator_py.so
-- Set runtime path of "/home/nvidia/workspace/msgs/src/install/art_interface_msg/lib/libart_interface_msg__rosidl_generator_py.so" to ""
-- Installing: /home/nvidia/workspace/msgs/src/install/art_interface_msg/share/art_interface_msg/msg/ControlCommand.idl
-- Installing: /home/nvidia/workspace/msgs/src/install/art_interface_msg/share/art_interface_msg/msg/ArtStatus.idl
-- Installing: /home/nvidia/workspace/msgs/src/install/art_interface_msg/share/art_interface_msg/msg/ArtLifeSignal.idl
-- Installing: /home/nvidia/workspace/msgs/src/install/art_interface_msg/share/art_interface_msg/msg/ControlCommand.msg
-- Installing: /home/nvidia/workspace/msgs/src/install/art_interface_msg/share/art_interface_msg/msg/ArtStatus.msg
-- Installing: /home/nvidia/workspace/msgs/src/install/art_interface_msg/share/art_interface_msg/msg/ArtLifeSignal.msg
-- Installing: /home/nvidia/workspace/msgs/src/install/art_interface_msg/share/ament_index/resource_index/package_run_dependencies/art_interface_msg
-- Installing: /home/nvidia/workspace/msgs/src/install/art_interface_msg/share/ament_index/resource_index/parent_prefix_path/art_interface_msg
-- Installing: /home/nvidia/workspace/msgs/src/install/art_interface_msg/share/art_interface_msg/environment/ament_prefix_path.sh
-- Installing: /home/nvidia/workspace/msgs/src/install/art_interface_msg/share/art_interface_msg/environment/ament_prefix_path.dsv
-- Installing: /home/nvidia/workspace/msgs/src/install/art_interface_msg/share/art_interface_msg/environment/path.sh
-- Installing: /home/nvidia/workspace/msgs/src/install/art_interface_msg/share/art_interface_msg/environment/path.dsv
-- Installing: /home/nvidia/workspace/msgs/src/install/art_interface_msg/share/art_interface_msg/local_setup.bash
-- Installing: /home/nvidia/workspace/msgs/src/install/art_interface_msg/share/art_interface_msg/local_setup.sh
-- Installing: /home/nvidia/workspace/msgs/src/install/art_interface_msg/share/art_interface_msg/local_setup.zsh
-- Installing: /home/nvidia/workspace/msgs/src/install/art_interface_msg/share/art_interface_msg/local_setup.dsv
-- Installing: /home/nvidia/workspace/msgs/src/install/art_interface_msg/share/art_interface_msg/package.dsv
-- Installing: /home/nvidia/workspace/msgs/src/install/art_interface_msg/share/ament_index/resource_index/packages/art_interface_msg
-- Installing: /home/nvidia/workspace/msgs/src/install/art_interface_msg/share/art_interface_msg/cmake/export_art_interface_msg__rosidl_generator_cExport.cmake
-- Installing: /home/nvidia/workspace/msgs/src/install/art_interface_msg/share/art_interface_msg/cmake/export_art_interface_msg__rosidl_generator_cExport-release.cmake
-- Installing: /home/nvidia/workspace/msgs/src/install/art_interface_msg/share/art_interface_msg/cmake/export_art_interface_msg__rosidl_typesupport_fastrtps_cExport.cmake
-- Installing: /home/nvidia/workspace/msgs/src/install/art_interface_msg/share/art_interface_msg/cmake/export_art_interface_msg__rosidl_typesupport_fastrtps_cExport-release.cmake
-- Installing: /home/nvidia/workspace/msgs/src/install/art_interface_msg/share/art_interface_msg/cmake/art_interface_msg__rosidl_typesupport_introspection_cExport.cmake
-- Installing: /home/nvidia/workspace/msgs/src/install/art_interface_msg/share/art_interface_msg/cmake/art_interface_msg__rosidl_typesupport_introspection_cExport-release.cmake
-- Installing: /home/nvidia/workspace/msgs/src/install/art_interface_msg/share/art_interface_msg/cmake/art_interface_msg__rosidl_typesupport_cExport.cmake
-- Installing: /home/nvidia/workspace/msgs/src/install/art_interface_msg/share/art_interface_msg/cmake/art_interface_msg__rosidl_typesupport_cExport-release.cmake
-- Installing: /home/nvidia/workspace/msgs/src/install/art_interface_msg/share/art_interface_msg/cmake/export_art_interface_msg__rosidl_generator_cppExport.cmake
-- Installing: /home/nvidia/workspace/msgs/src/install/art_interface_msg/share/art_interface_msg/cmake/export_art_interface_msg__rosidl_typesupport_fastrtps_cppExport.cmake
-- Installing: /home/nvidia/workspace/msgs/src/install/art_interface_msg/share/art_interface_msg/cmake/export_art_interface_msg__rosidl_typesupport_fastrtps_cppExport-release.cmake
-- Installing: /home/nvidia/workspace/msgs/src/install/art_interface_msg/share/art_interface_msg/cmake/art_interface_msg__rosidl_typesupport_introspection_cppExport.cmake
-- Installing: /home/nvidia/workspace/msgs/src/install/art_interface_msg/share/art_interface_msg/cmake/art_interface_msg__rosidl_typesupport_introspection_cppExport-release.cmake
-- Installing: /home/nvidia/workspace/msgs/src/install/art_interface_msg/share/art_interface_msg/cmake/art_interface_msg__rosidl_typesupport_cppExport.cmake
-- Installing: /home/nvidia/workspace/msgs/src/install/art_interface_msg/share/art_interface_msg/cmake/art_interface_msg__rosidl_typesupport_cppExport-release.cmake
-- Installing: /home/nvidia/workspace/msgs/src/install/art_interface_msg/share/art_interface_msg/cmake/export_art_interface_msg__rosidl_generator_pyExport.cmake
-- Installing: /home/nvidia/workspace/msgs/src/install/art_interface_msg/share/art_interface_msg/cmake/export_art_interface_msg__rosidl_generator_pyExport-release.cmake
-- Installing: /home/nvidia/workspace/msgs/src/install/art_interface_msg/share/art_interface_msg/cmake/rosidl_cmake-extras.cmake
-- Installing: /home/nvidia/workspace/msgs/src/install/art_interface_msg/share/art_interface_msg/cmake/ament_cmake_export_include_directories-extras.cmake
-- Installing: /home/nvidia/workspace/msgs/src/install/art_interface_msg/share/art_interface_msg/cmake/ament_cmake_export_libraries-extras.cmake
-- Installing: /home/nvidia/workspace/msgs/src/install/art_interface_msg/share/art_interface_msg/cmake/ament_cmake_export_targets-extras.cmake
-- Installing: /home/nvidia/workspace/msgs/src/install/art_interface_msg/share/art_interface_msg/cmake/rosidl_cmake_export_typesupport_targets-extras.cmake
-- Installing: /home/nvidia/workspace/msgs/src/install/art_interface_msg/share/art_interface_msg/cmake/ament_cmake_export_dependencies-extras.cmake
-- Installing: /home/nvidia/workspace/msgs/src/install/art_interface_msg/share/art_interface_msg/cmake/rosidl_cmake_export_typesupport_libraries-extras.cmake
-- Installing: /home/nvidia/workspace/msgs/src/install/art_interface_msg/share/art_interface_msg/cmake/art_interface_msgConfig.cmake
-- Installing: /home/nvidia/workspace/msgs/src/install/art_interface_msg/share/art_interface_msg/cmake/art_interface_msgConfig-version.cmake
-- Installing: /home/nvidia/workspace/msgs/src/install/art_interface_msg/share/art_interface_msg/package.xml
