[0.017s] Invoking command in '/home/nvidia/workspace/msgs/src/build/art_interface_msg': CMAKE_PREFIX_PATH=/opt/ros/humble /usr/local/bin/cmake /home/nvidia/workspace/msgs/src/art_interface_msg -DCMAKE_BUILD_TYPE=Release -DBUILD_TESTING=off -DCMAKE_INSTALL_PREFIX=/home/nvidia/workspace/msgs/src/install/art_interface_msg
[0.092s] -- The C compiler identification is GNU 9.4.0
[0.176s] -- The CXX compiler identification is GNU 9.4.0
[0.189s] -- Detecting C compiler ABI info
[0.272s] -- Detecting C compiler ABI info - done
[0.291s] -- Check for working C compiler: /usr/bin/cc - skipped
[0.291s] -- Detecting C compile features
[0.292s] -- Detecting C compile features - done
[0.299s] -- Detecting CXX compiler ABI info
[0.391s] -- Detecting CXX compiler ABI info - done
[0.408s] -- Check for working CXX compiler: /usr/bin/c++ - skipped
[0.409s] -- Detecting CXX compile features
[0.410s] -- Detecting CXX compile features - done
[0.414s] -- Found ament_cmake: 1.3.6 (/opt/ros/humble/share/ament_cmake/cmake)
[0.703s] -- Found Python3: /usr/bin/python3.9 (found version "3.9.5") found components: Interpreter 
[0.849s] -- Found rosidl_default_generators: 1.2.0 (/opt/ros/humble/share/rosidl_default_generators/cmake)
[0.853s] -- Using all available rosidl_typesupport_c: rosidl_typesupport_fastrtps_c;rosidl_typesupport_introspection_c
[0.860s] -- Found rosidl_adapter: 3.1.5 (/opt/ros/humble/share/rosidl_adapter/cmake)
[0.913s] -- Using all available rosidl_typesupport_cpp: rosidl_typesupport_fastrtps_cpp;rosidl_typesupport_introspection_cpp
[1.332s] -- Found ament_cmake_ros: 0.10.0 (/opt/ros/humble/share/ament_cmake_ros/cmake)
[1.493s] -- Using all available rosidl_typesupport_c: rosidl_typesupport_fastrtps_c;rosidl_typesupport_introspection_c
[1.700s] -- Using all available rosidl_typesupport_cpp: rosidl_typesupport_fastrtps_cpp;rosidl_typesupport_introspection_cpp
[1.743s] -- Found PythonInterp: /usr/bin/python3 (found suitable version "3.8.10", minimum required is "3.6") 
[1.745s] -- Found python_cmake_module: 0.10.0 (/opt/ros/humble/share/python_cmake_module/cmake)
[1.798s] -- Found PythonLibs: /usr/lib/aarch64-linux-gnu/libpython3.8.so (found suitable version "3.8.10", minimum required is "3.5") 
[1.798s] -- Using PYTHON_EXECUTABLE: /usr/bin/python3
[1.798s] -- Using PYTHON_INCLUDE_DIRS: /usr/include/python3.8
[1.799s] -- Using PYTHON_LIBRARIES: /usr/lib/aarch64-linux-gnu/libpython3.8.so
[1.838s] -- Found PythonExtra: .so  
[1.918s] -- Configuring done
[1.961s] -- Generating done
[1.977s] -- Build files have been written to: /home/nvidia/workspace/msgs/src/build/art_interface_msg
[1.995s] Invoked command in '/home/nvidia/workspace/msgs/src/build/art_interface_msg' returned '0': CMAKE_PREFIX_PATH=/opt/ros/humble /usr/local/bin/cmake /home/nvidia/workspace/msgs/src/art_interface_msg -DCMAKE_BUILD_TYPE=Release -DBUILD_TESTING=off -DCMAKE_INSTALL_PREFIX=/home/nvidia/workspace/msgs/src/install/art_interface_msg
[2.001s] Invoking command in '/home/nvidia/workspace/msgs/src/build/art_interface_msg': CMAKE_PREFIX_PATH=/opt/ros/humble /usr/local/bin/cmake --build /home/nvidia/workspace/msgs/src/build/art_interface_msg -- -j12 -l12
[2.034s] [  2%] [34m[1mGenerating C code for ROS interfaces[0m
[2.042s] [  4%] [34m[1mGenerating C++ code for ROS interfaces[0m
[2.045s] [  4%] Built target ament_cmake_python_copy_art_interface_msg
[2.529s] running egg_info
[2.530s] creating art_interface_msg.egg-info
[2.530s] writing art_interface_msg.egg-info/PKG-INFO
[2.531s] writing dependency_links to art_interface_msg.egg-info/dependency_links.txt
[2.531s] writing top-level names to art_interface_msg.egg-info/top_level.txt
[2.531s] writing manifest file 'art_interface_msg.egg-info/SOURCES.txt'
[2.600s] reading manifest file 'art_interface_msg.egg-info/SOURCES.txt'
[2.600s] writing manifest file 'art_interface_msg.egg-info/SOURCES.txt'
[2.653s] [  4%] Built target ament_cmake_python_build_art_interface_msg_egg
[2.802s] [  4%] Built target art_interface_msg__cpp
[2.806s] [  8%] [32mBuilding C object CMakeFiles/art_interface_msg__rosidl_generator_c.dir/rosidl_generator_c/art_interface_msg/msg/detail/art_status__functions.c.o[0m
[2.806s] [  8%] [32mBuilding C object CMakeFiles/art_interface_msg__rosidl_generator_c.dir/rosidl_generator_c/art_interface_msg/msg/detail/control_command__functions.c.o[0m
[2.806s] [ 10%] [32mBuilding C object CMakeFiles/art_interface_msg__rosidl_generator_c.dir/rosidl_generator_c/art_interface_msg/msg/detail/art_life_signal__functions.c.o[0m
[2.810s] [ 17%] [34m[1mGenerating C++ introspection for ROS interfaces[0m
[2.810s] [ 17%] [34m[1mGenerating C++ type support dispatch for ROS interfaces[0m
[2.810s] [ 17%] [34m[1mGenerating C++ type support for eProsima Fast-RTPS[0m
[2.952s] [ 19%] [32m[1mLinking C shared library libart_interface_msg__rosidl_generator_c.so[0m
[2.983s] [ 19%] Built target art_interface_msg__rosidl_generator_c
[2.990s] [ 25%] [34m[1mGenerating C type support for eProsima Fast-RTPS[0m
[2.991s] [ 25%] [34m[1mGenerating C type support dispatch for ROS interfaces[0m
[2.991s] [ 25%] [34m[1mGenerating C introspection for ROS interfaces[0m
[3.488s] [ 29%] [32mBuilding CXX object CMakeFiles/art_interface_msg__rosidl_typesupport_cpp.dir/rosidl_typesupport_cpp/art_interface_msg/msg/art_status__type_support.cpp.o[0m
[3.488s] [ 29%] [32mBuilding CXX object CMakeFiles/art_interface_msg__rosidl_typesupport_cpp.dir/rosidl_typesupport_cpp/art_interface_msg/msg/control_command__type_support.cpp.o[0m
[3.488s] [ 31%] [32mBuilding CXX object CMakeFiles/art_interface_msg__rosidl_typesupport_cpp.dir/rosidl_typesupport_cpp/art_interface_msg/msg/art_life_signal__type_support.cpp.o[0m
[3.530s] [ 36%] [32mBuilding CXX object CMakeFiles/art_interface_msg__rosidl_typesupport_introspection_cpp.dir/rosidl_typesupport_introspection_cpp/art_interface_msg/msg/detail/art_status__type_support.cpp.o[0m
[3.530s] [ 36%] [32mBuilding CXX object CMakeFiles/art_interface_msg__rosidl_typesupport_introspection_cpp.dir/rosidl_typesupport_introspection_cpp/art_interface_msg/msg/detail/control_command__type_support.cpp.o[0m
[3.531s] [ 38%] [32mBuilding CXX object CMakeFiles/art_interface_msg__rosidl_typesupport_introspection_cpp.dir/rosidl_typesupport_introspection_cpp/art_interface_msg/msg/detail/art_life_signal__type_support.cpp.o[0m
[3.581s] [ 40%] [32mBuilding CXX object CMakeFiles/art_interface_msg__rosidl_typesupport_fastrtps_cpp.dir/rosidl_typesupport_fastrtps_cpp/art_interface_msg/msg/detail/dds_fastrtps/control_command__type_support.cpp.o[0m
[3.583s] [ 42%] [32mBuilding CXX object CMakeFiles/art_interface_msg__rosidl_typesupport_fastrtps_cpp.dir/rosidl_typesupport_fastrtps_cpp/art_interface_msg/msg/detail/dds_fastrtps/art_status__type_support.cpp.o[0m
[3.584s] [ 44%] [32mBuilding CXX object CMakeFiles/art_interface_msg__rosidl_typesupport_fastrtps_cpp.dir/rosidl_typesupport_fastrtps_cpp/art_interface_msg/msg/detail/dds_fastrtps/art_life_signal__type_support.cpp.o[0m
[3.694s] [ 46%] [32mBuilding CXX object CMakeFiles/art_interface_msg__rosidl_typesupport_c.dir/rosidl_typesupport_c/art_interface_msg/msg/control_command__type_support.cpp.o[0m
[3.749s] [ 48%] [32mBuilding CXX object CMakeFiles/art_interface_msg__rosidl_typesupport_c.dir/rosidl_typesupport_c/art_interface_msg/msg/art_status__type_support.cpp.o[0m
[3.785s] [ 51%] [32mBuilding C object CMakeFiles/art_interface_msg__rosidl_typesupport_introspection_c.dir/rosidl_typesupport_introspection_c/art_interface_msg/msg/detail/control_command__type_support.c.o[0m
[3.801s] [ 53%] [32mBuilding CXX object CMakeFiles/art_interface_msg__rosidl_typesupport_fastrtps_c.dir/rosidl_typesupport_fastrtps_c/art_interface_msg/msg/detail/control_command__type_support_c.cpp.o[0m
[3.803s] [ 55%] [32mBuilding CXX object CMakeFiles/art_interface_msg__rosidl_typesupport_c.dir/rosidl_typesupport_c/art_interface_msg/msg/art_life_signal__type_support.cpp.o[0m
[3.855s] [ 59%] [32mBuilding C object CMakeFiles/art_interface_msg__rosidl_typesupport_introspection_c.dir/rosidl_typesupport_introspection_c/art_interface_msg/msg/detail/art_status__type_support.c.o[0m
[3.855s] [ 59%] [32m[1mLinking CXX shared library libart_interface_msg__rosidl_typesupport_c.so[0m
[3.906s] [ 59%] Built target art_interface_msg__rosidl_typesupport_c
[3.918s] [ 61%] [32mBuilding C object CMakeFiles/art_interface_msg__rosidl_typesupport_introspection_c.dir/rosidl_typesupport_introspection_c/art_interface_msg/msg/detail/art_life_signal__type_support.c.o[0m
[3.920s] [ 63%] [32mBuilding CXX object CMakeFiles/art_interface_msg__rosidl_typesupport_fastrtps_c.dir/rosidl_typesupport_fastrtps_c/art_interface_msg/msg/detail/art_status__type_support_c.cpp.o[0m
[3.985s] [ 65%] [32m[1mLinking C shared library libart_interface_msg__rosidl_typesupport_introspection_c.so[0m
[4.011s] [ 70%] [32mBuilding CXX object CMakeFiles/art_interface_msg__rosidl_typesupport_fastrtps_c.dir/rosidl_typesupport_fastrtps_c/art_interface_msg/msg/detail/art_life_signal__type_support_c.cpp.o[0m
[4.011s] [ 70%] [32m[1mLinking CXX shared library libart_interface_msg__rosidl_typesupport_cpp.so[0m
[4.019s] [ 70%] Built target art_interface_msg__rosidl_typesupport_introspection_c
[4.053s] [ 70%] Built target art_interface_msg__rosidl_typesupport_cpp
[4.298s] [ 72%] [32m[1mLinking CXX shared library libart_interface_msg__rosidl_typesupport_introspection_cpp.so[0m
[4.344s] [ 72%] Built target art_interface_msg__rosidl_typesupport_introspection_cpp
[4.382s] [ 74%] [32m[1mLinking CXX shared library libart_interface_msg__rosidl_typesupport_fastrtps_cpp.so[0m
[4.493s] [ 74%] Built target art_interface_msg__rosidl_typesupport_fastrtps_cpp
[4.645s] [ 76%] [32m[1mLinking CXX shared library libart_interface_msg__rosidl_typesupport_fastrtps_c.so[0m
[4.743s] [ 76%] Built target art_interface_msg__rosidl_typesupport_fastrtps_c
[4.758s] [ 76%] Built target art_interface_msg
[4.774s] [ 78%] [34m[1mGenerating Python code for ROS interfaces[0m
[5.971s] [ 78%] Built target art_interface_msg__py
[5.986s] [ 82%] [32mBuilding C object CMakeFiles/art_interface_msg__rosidl_generator_py.dir/rosidl_generator_py/art_interface_msg/msg/_art_life_signal_s.c.o[0m
[5.987s] [ 82%] [32mBuilding C object CMakeFiles/art_interface_msg__rosidl_generator_py.dir/rosidl_generator_py/art_interface_msg/msg/_control_command_s.c.o[0m
[5.988s] [ 85%] [32mBuilding C object CMakeFiles/art_interface_msg__rosidl_generator_py.dir/rosidl_generator_py/art_interface_msg/msg/_art_status_s.c.o[0m
[6.191s] [ 87%] [32m[1mLinking C shared library rosidl_generator_py/art_interface_msg/libart_interface_msg__rosidl_generator_py.so[0m
[6.231s] [ 87%] Built target art_interface_msg__rosidl_generator_py
[6.247s] [ 93%] [32mBuilding C object CMakeFiles/art_interface_msg__rosidl_typesupport_fastrtps_c__pyext.dir/rosidl_generator_py/art_interface_msg/_art_interface_msg_s.ep.rosidl_typesupport_fastrtps_c.c.o[0m
[6.247s] [ 93%] [32mBuilding C object CMakeFiles/art_interface_msg__rosidl_typesupport_c__pyext.dir/rosidl_generator_py/art_interface_msg/_art_interface_msg_s.ep.rosidl_typesupport_c.c.o[0m
[6.247s] [ 93%] [32mBuilding C object CMakeFiles/art_interface_msg__rosidl_typesupport_introspection_c__pyext.dir/rosidl_generator_py/art_interface_msg/_art_interface_msg_s.ep.rosidl_typesupport_introspection_c.c.o[0m
[6.432s] [ 95%] [32m[1mLinking C shared library rosidl_generator_py/art_interface_msg/art_interface_msg_s__rosidl_typesupport_c.cpython-38-aarch64-linux-gnu.so[0m
[6.433s] [ 97%] [32m[1mLinking C shared library rosidl_generator_py/art_interface_msg/art_interface_msg_s__rosidl_typesupport_introspection_c.cpython-38-aarch64-linux-gnu.so[0m
[6.436s] [100%] [32m[1mLinking C shared library rosidl_generator_py/art_interface_msg/art_interface_msg_s__rosidl_typesupport_fastrtps_c.cpython-38-aarch64-linux-gnu.so[0m
[6.463s] [100%] Built target art_interface_msg__rosidl_typesupport_introspection_c__pyext
[6.463s] [100%] Built target art_interface_msg__rosidl_typesupport_c__pyext
[6.470s] [100%] Built target art_interface_msg__rosidl_typesupport_fastrtps_c__pyext
[6.481s] Invoked command in '/home/nvidia/workspace/msgs/src/build/art_interface_msg' returned '0': CMAKE_PREFIX_PATH=/opt/ros/humble /usr/local/bin/cmake --build /home/nvidia/workspace/msgs/src/build/art_interface_msg -- -j12 -l12
[6.496s] Invoking command in '/home/nvidia/workspace/msgs/src/build/art_interface_msg': CMAKE_PREFIX_PATH=/opt/ros/humble /usr/local/bin/cmake --install /home/nvidia/workspace/msgs/src/build/art_interface_msg
[6.505s] -- Install configuration: "Release"
[6.505s] -- Installing: /home/nvidia/workspace/msgs/src/install/art_interface_msg/share/ament_index/resource_index/rosidl_interfaces/art_interface_msg
[6.506s] -- Installing: /home/nvidia/workspace/msgs/src/install/art_interface_msg/include/art_interface_msg/art_interface_msg
[6.506s] -- Installing: /home/nvidia/workspace/msgs/src/install/art_interface_msg/include/art_interface_msg/art_interface_msg/msg
[6.506s] -- Installing: /home/nvidia/workspace/msgs/src/install/art_interface_msg/include/art_interface_msg/art_interface_msg/msg/rosidl_generator_c__visibility_control.h
[6.507s] -- Installing: /home/nvidia/workspace/msgs/src/install/art_interface_msg/include/art_interface_msg/art_interface_msg/msg/art_life_signal.h
[6.507s] -- Installing: /home/nvidia/workspace/msgs/src/install/art_interface_msg/include/art_interface_msg/art_interface_msg/msg/control_command.h
[6.507s] -- Installing: /home/nvidia/workspace/msgs/src/install/art_interface_msg/include/art_interface_msg/art_interface_msg/msg/detail
[6.507s] -- Installing: /home/nvidia/workspace/msgs/src/install/art_interface_msg/include/art_interface_msg/art_interface_msg/msg/detail/art_life_signal__struct.h
[6.507s] -- Installing: /home/nvidia/workspace/msgs/src/install/art_interface_msg/include/art_interface_msg/art_interface_msg/msg/detail/art_life_signal__functions.c
[6.507s] -- Installing: /home/nvidia/workspace/msgs/src/install/art_interface_msg/include/art_interface_msg/art_interface_msg/msg/detail/control_command__functions.h
[6.507s] -- Installing: /home/nvidia/workspace/msgs/src/install/art_interface_msg/include/art_interface_msg/art_interface_msg/msg/detail/art_status__struct.h
[6.508s] -- Installing: /home/nvidia/workspace/msgs/src/install/art_interface_msg/include/art_interface_msg/art_interface_msg/msg/detail/art_life_signal__functions.h
[6.508s] -- Installing: /home/nvidia/workspace/msgs/src/install/art_interface_msg/include/art_interface_msg/art_interface_msg/msg/detail/art_life_signal__type_support.h
[6.508s] -- Installing: /home/nvidia/workspace/msgs/src/install/art_interface_msg/include/art_interface_msg/art_interface_msg/msg/detail/control_command__functions.c
[6.508s] -- Installing: /home/nvidia/workspace/msgs/src/install/art_interface_msg/include/art_interface_msg/art_interface_msg/msg/detail/art_status__functions.h
[6.508s] -- Installing: /home/nvidia/workspace/msgs/src/install/art_interface_msg/include/art_interface_msg/art_interface_msg/msg/detail/control_command__struct.h
[6.508s] -- Installing: /home/nvidia/workspace/msgs/src/install/art_interface_msg/include/art_interface_msg/art_interface_msg/msg/detail/art_status__functions.c
[6.508s] -- Installing: /home/nvidia/workspace/msgs/src/install/art_interface_msg/include/art_interface_msg/art_interface_msg/msg/detail/art_status__type_support.h
[6.508s] -- Installing: /home/nvidia/workspace/msgs/src/install/art_interface_msg/include/art_interface_msg/art_interface_msg/msg/detail/control_command__type_support.h
[6.508s] -- Installing: /home/nvidia/workspace/msgs/src/install/art_interface_msg/include/art_interface_msg/art_interface_msg/msg/art_status.h
[6.508s] -- Installing: /home/nvidia/workspace/msgs/src/install/art_interface_msg/share/art_interface_msg/environment/library_path.sh
[6.509s] -- Installing: /home/nvidia/workspace/msgs/src/install/art_interface_msg/share/art_interface_msg/environment/library_path.dsv
[6.509s] -- Installing: /home/nvidia/workspace/msgs/src/install/art_interface_msg/lib/libart_interface_msg__rosidl_generator_c.so
[6.509s] -- Set runtime path of "/home/nvidia/workspace/msgs/src/install/art_interface_msg/lib/libart_interface_msg__rosidl_generator_c.so" to ""
[6.509s] -- Up-to-date: /home/nvidia/workspace/msgs/src/install/art_interface_msg/include/art_interface_msg/art_interface_msg
[6.509s] -- Up-to-date: /home/nvidia/workspace/msgs/src/install/art_interface_msg/include/art_interface_msg/art_interface_msg/msg
[6.509s] -- Up-to-date: /home/nvidia/workspace/msgs/src/install/art_interface_msg/include/art_interface_msg/art_interface_msg/msg/detail
[6.509s] -- Installing: /home/nvidia/workspace/msgs/src/install/art_interface_msg/include/art_interface_msg/art_interface_msg/msg/detail/art_life_signal__rosidl_typesupport_fastrtps_c.h
[6.509s] -- Installing: /home/nvidia/workspace/msgs/src/install/art_interface_msg/include/art_interface_msg/art_interface_msg/msg/detail/control_command__rosidl_typesupport_fastrtps_c.h
[6.509s] -- Installing: /home/nvidia/workspace/msgs/src/install/art_interface_msg/include/art_interface_msg/art_interface_msg/msg/detail/art_status__rosidl_typesupport_fastrtps_c.h
[6.510s] -- Installing: /home/nvidia/workspace/msgs/src/install/art_interface_msg/include/art_interface_msg/art_interface_msg/msg/rosidl_typesupport_fastrtps_c__visibility_control.h
[6.510s] -- Installing: /home/nvidia/workspace/msgs/src/install/art_interface_msg/lib/libart_interface_msg__rosidl_typesupport_fastrtps_c.so
[6.510s] -- Set runtime path of "/home/nvidia/workspace/msgs/src/install/art_interface_msg/lib/libart_interface_msg__rosidl_typesupport_fastrtps_c.so" to ""
[6.510s] -- Up-to-date: /home/nvidia/workspace/msgs/src/install/art_interface_msg/include/art_interface_msg/art_interface_msg
[6.510s] -- Up-to-date: /home/nvidia/workspace/msgs/src/install/art_interface_msg/include/art_interface_msg/art_interface_msg/msg
[6.510s] -- Installing: /home/nvidia/workspace/msgs/src/install/art_interface_msg/include/art_interface_msg/art_interface_msg/msg/rosidl_typesupport_introspection_c__visibility_control.h
[6.510s] -- Up-to-date: /home/nvidia/workspace/msgs/src/install/art_interface_msg/include/art_interface_msg/art_interface_msg/msg/detail
[6.511s] -- Installing: /home/nvidia/workspace/msgs/src/install/art_interface_msg/include/art_interface_msg/art_interface_msg/msg/detail/art_status__rosidl_typesupport_introspection_c.h
[6.511s] -- Installing: /home/nvidia/workspace/msgs/src/install/art_interface_msg/include/art_interface_msg/art_interface_msg/msg/detail/art_life_signal__type_support.c
[6.511s] -- Installing: /home/nvidia/workspace/msgs/src/install/art_interface_msg/include/art_interface_msg/art_interface_msg/msg/detail/art_life_signal__rosidl_typesupport_introspection_c.h
[6.511s] -- Installing: /home/nvidia/workspace/msgs/src/install/art_interface_msg/include/art_interface_msg/art_interface_msg/msg/detail/art_status__type_support.c
[6.511s] -- Installing: /home/nvidia/workspace/msgs/src/install/art_interface_msg/include/art_interface_msg/art_interface_msg/msg/detail/control_command__type_support.c
[6.511s] -- Installing: /home/nvidia/workspace/msgs/src/install/art_interface_msg/include/art_interface_msg/art_interface_msg/msg/detail/control_command__rosidl_typesupport_introspection_c.h
[6.511s] -- Installing: /home/nvidia/workspace/msgs/src/install/art_interface_msg/lib/libart_interface_msg__rosidl_typesupport_introspection_c.so
[6.512s] -- Set runtime path of "/home/nvidia/workspace/msgs/src/install/art_interface_msg/lib/libart_interface_msg__rosidl_typesupport_introspection_c.so" to ""
[6.512s] -- Installing: /home/nvidia/workspace/msgs/src/install/art_interface_msg/lib/libart_interface_msg__rosidl_typesupport_c.so
[6.512s] -- Set runtime path of "/home/nvidia/workspace/msgs/src/install/art_interface_msg/lib/libart_interface_msg__rosidl_typesupport_c.so" to ""
[6.512s] -- Up-to-date: /home/nvidia/workspace/msgs/src/install/art_interface_msg/include/art_interface_msg/art_interface_msg
[6.513s] -- Up-to-date: /home/nvidia/workspace/msgs/src/install/art_interface_msg/include/art_interface_msg/art_interface_msg/msg
[6.513s] -- Installing: /home/nvidia/workspace/msgs/src/install/art_interface_msg/include/art_interface_msg/art_interface_msg/msg/art_status.hpp
[6.513s] -- Installing: /home/nvidia/workspace/msgs/src/install/art_interface_msg/include/art_interface_msg/art_interface_msg/msg/control_command.hpp
[6.513s] -- Up-to-date: /home/nvidia/workspace/msgs/src/install/art_interface_msg/include/art_interface_msg/art_interface_msg/msg/detail
[6.513s] -- Installing: /home/nvidia/workspace/msgs/src/install/art_interface_msg/include/art_interface_msg/art_interface_msg/msg/detail/art_status__builder.hpp
[6.513s] -- Installing: /home/nvidia/workspace/msgs/src/install/art_interface_msg/include/art_interface_msg/art_interface_msg/msg/detail/art_status__traits.hpp
[6.513s] -- Installing: /home/nvidia/workspace/msgs/src/install/art_interface_msg/include/art_interface_msg/art_interface_msg/msg/detail/art_status__struct.hpp
[6.513s] -- Installing: /home/nvidia/workspace/msgs/src/install/art_interface_msg/include/art_interface_msg/art_interface_msg/msg/detail/control_command__builder.hpp
[6.513s] -- Installing: /home/nvidia/workspace/msgs/src/install/art_interface_msg/include/art_interface_msg/art_interface_msg/msg/detail/art_life_signal__traits.hpp
[6.514s] -- Installing: /home/nvidia/workspace/msgs/src/install/art_interface_msg/include/art_interface_msg/art_interface_msg/msg/detail/art_life_signal__builder.hpp
[6.514s] -- Installing: /home/nvidia/workspace/msgs/src/install/art_interface_msg/include/art_interface_msg/art_interface_msg/msg/detail/control_command__struct.hpp
[6.514s] -- Installing: /home/nvidia/workspace/msgs/src/install/art_interface_msg/include/art_interface_msg/art_interface_msg/msg/detail/art_life_signal__struct.hpp
[6.514s] -- Installing: /home/nvidia/workspace/msgs/src/install/art_interface_msg/include/art_interface_msg/art_interface_msg/msg/detail/control_command__traits.hpp
[6.514s] -- Installing: /home/nvidia/workspace/msgs/src/install/art_interface_msg/include/art_interface_msg/art_interface_msg/msg/art_life_signal.hpp
[6.514s] -- Up-to-date: /home/nvidia/workspace/msgs/src/install/art_interface_msg/include/art_interface_msg/art_interface_msg
[6.515s] -- Up-to-date: /home/nvidia/workspace/msgs/src/install/art_interface_msg/include/art_interface_msg/art_interface_msg/msg
[6.515s] -- Installing: /home/nvidia/workspace/msgs/src/install/art_interface_msg/include/art_interface_msg/art_interface_msg/msg/rosidl_typesupport_fastrtps_cpp__visibility_control.h
[6.515s] -- Up-to-date: /home/nvidia/workspace/msgs/src/install/art_interface_msg/include/art_interface_msg/art_interface_msg/msg/detail
[6.515s] -- Installing: /home/nvidia/workspace/msgs/src/install/art_interface_msg/include/art_interface_msg/art_interface_msg/msg/detail/dds_fastrtps
[6.515s] -- Installing: /home/nvidia/workspace/msgs/src/install/art_interface_msg/include/art_interface_msg/art_interface_msg/msg/detail/art_life_signal__rosidl_typesupport_fastrtps_cpp.hpp
[6.515s] -- Installing: /home/nvidia/workspace/msgs/src/install/art_interface_msg/include/art_interface_msg/art_interface_msg/msg/detail/control_command__rosidl_typesupport_fastrtps_cpp.hpp
[6.515s] -- Installing: /home/nvidia/workspace/msgs/src/install/art_interface_msg/include/art_interface_msg/art_interface_msg/msg/detail/art_status__rosidl_typesupport_fastrtps_cpp.hpp
[6.515s] -- Installing: /home/nvidia/workspace/msgs/src/install/art_interface_msg/lib/libart_interface_msg__rosidl_typesupport_fastrtps_cpp.so
[6.516s] -- Set runtime path of "/home/nvidia/workspace/msgs/src/install/art_interface_msg/lib/libart_interface_msg__rosidl_typesupport_fastrtps_cpp.so" to ""
[6.516s] -- Up-to-date: /home/nvidia/workspace/msgs/src/install/art_interface_msg/include/art_interface_msg/art_interface_msg
[6.516s] -- Up-to-date: /home/nvidia/workspace/msgs/src/install/art_interface_msg/include/art_interface_msg/art_interface_msg/msg
[6.516s] -- Up-to-date: /home/nvidia/workspace/msgs/src/install/art_interface_msg/include/art_interface_msg/art_interface_msg/msg/detail
[6.516s] -- Installing: /home/nvidia/workspace/msgs/src/install/art_interface_msg/include/art_interface_msg/art_interface_msg/msg/detail/art_life_signal__type_support.cpp
[6.516s] -- Installing: /home/nvidia/workspace/msgs/src/install/art_interface_msg/include/art_interface_msg/art_interface_msg/msg/detail/control_command__rosidl_typesupport_introspection_cpp.hpp
[6.516s] -- Installing: /home/nvidia/workspace/msgs/src/install/art_interface_msg/include/art_interface_msg/art_interface_msg/msg/detail/art_status__rosidl_typesupport_introspection_cpp.hpp
[6.517s] -- Installing: /home/nvidia/workspace/msgs/src/install/art_interface_msg/include/art_interface_msg/art_interface_msg/msg/detail/art_status__type_support.cpp
[6.517s] -- Installing: /home/nvidia/workspace/msgs/src/install/art_interface_msg/include/art_interface_msg/art_interface_msg/msg/detail/art_life_signal__rosidl_typesupport_introspection_cpp.hpp
[6.517s] -- Installing: /home/nvidia/workspace/msgs/src/install/art_interface_msg/include/art_interface_msg/art_interface_msg/msg/detail/control_command__type_support.cpp
[6.517s] -- Installing: /home/nvidia/workspace/msgs/src/install/art_interface_msg/lib/libart_interface_msg__rosidl_typesupport_introspection_cpp.so
[6.517s] -- Set runtime path of "/home/nvidia/workspace/msgs/src/install/art_interface_msg/lib/libart_interface_msg__rosidl_typesupport_introspection_cpp.so" to ""
[6.517s] -- Installing: /home/nvidia/workspace/msgs/src/install/art_interface_msg/lib/libart_interface_msg__rosidl_typesupport_cpp.so
[6.518s] -- Set runtime path of "/home/nvidia/workspace/msgs/src/install/art_interface_msg/lib/libart_interface_msg__rosidl_typesupport_cpp.so" to ""
[6.518s] -- Installing: /home/nvidia/workspace/msgs/src/install/art_interface_msg/share/art_interface_msg/environment/pythonpath.sh
[6.518s] -- Installing: /home/nvidia/workspace/msgs/src/install/art_interface_msg/share/art_interface_msg/environment/pythonpath.dsv
[6.518s] -- Installing: /home/nvidia/workspace/msgs/src/install/art_interface_msg/lib/python3.9/site-packages/art_interface_msg-0.0.0-py3.9.egg-info
[6.518s] -- Installing: /home/nvidia/workspace/msgs/src/install/art_interface_msg/lib/python3.9/site-packages/art_interface_msg-0.0.0-py3.9.egg-info/dependency_links.txt
[6.519s] -- Installing: /home/nvidia/workspace/msgs/src/install/art_interface_msg/lib/python3.9/site-packages/art_interface_msg-0.0.0-py3.9.egg-info/top_level.txt
[6.519s] -- Installing: /home/nvidia/workspace/msgs/src/install/art_interface_msg/lib/python3.9/site-packages/art_interface_msg-0.0.0-py3.9.egg-info/PKG-INFO
[6.519s] -- Installing: /home/nvidia/workspace/msgs/src/install/art_interface_msg/lib/python3.9/site-packages/art_interface_msg-0.0.0-py3.9.egg-info/SOURCES.txt
[6.519s] -- Installing: /home/nvidia/workspace/msgs/src/install/art_interface_msg/lib/python3.9/site-packages/art_interface_msg
[6.519s] -- Installing: /home/nvidia/workspace/msgs/src/install/art_interface_msg/lib/python3.9/site-packages/art_interface_msg/__init__.py
[6.519s] -- Installing: /home/nvidia/workspace/msgs/src/install/art_interface_msg/lib/python3.9/site-packages/art_interface_msg/art_interface_msg_s__rosidl_typesupport_introspection_c.cpython-38-aarch64-linux-gnu.so
[6.519s] -- Installing: /home/nvidia/workspace/msgs/src/install/art_interface_msg/lib/python3.9/site-packages/art_interface_msg/libart_interface_msg__rosidl_generator_py.so
[6.520s] -- Installing: /home/nvidia/workspace/msgs/src/install/art_interface_msg/lib/python3.9/site-packages/art_interface_msg/art_interface_msg_s__rosidl_typesupport_c.cpython-38-aarch64-linux-gnu.so
[6.520s] -- Installing: /home/nvidia/workspace/msgs/src/install/art_interface_msg/lib/python3.9/site-packages/art_interface_msg/art_interface_msg_s__rosidl_typesupport_fastrtps_c.cpython-38-aarch64-linux-gnu.so
[6.520s] -- Installing: /home/nvidia/workspace/msgs/src/install/art_interface_msg/lib/python3.9/site-packages/art_interface_msg/_art_interface_msg_s.ep.rosidl_typesupport_c.c
[6.520s] -- Installing: /home/nvidia/workspace/msgs/src/install/art_interface_msg/lib/python3.9/site-packages/art_interface_msg/msg
[6.520s] -- Installing: /home/nvidia/workspace/msgs/src/install/art_interface_msg/lib/python3.9/site-packages/art_interface_msg/msg/__init__.py
[6.520s] -- Installing: /home/nvidia/workspace/msgs/src/install/art_interface_msg/lib/python3.9/site-packages/art_interface_msg/msg/_art_status.py
[6.521s] -- Installing: /home/nvidia/workspace/msgs/src/install/art_interface_msg/lib/python3.9/site-packages/art_interface_msg/msg/_art_status_s.c
[6.521s] -- Installing: /home/nvidia/workspace/msgs/src/install/art_interface_msg/lib/python3.9/site-packages/art_interface_msg/msg/_control_command_s.c
[6.521s] -- Installing: /home/nvidia/workspace/msgs/src/install/art_interface_msg/lib/python3.9/site-packages/art_interface_msg/msg/_art_life_signal_s.c
[6.521s] -- Installing: /home/nvidia/workspace/msgs/src/install/art_interface_msg/lib/python3.9/site-packages/art_interface_msg/msg/_control_command.py
[6.521s] -- Installing: /home/nvidia/workspace/msgs/src/install/art_interface_msg/lib/python3.9/site-packages/art_interface_msg/msg/_art_life_signal.py
[6.521s] -- Installing: /home/nvidia/workspace/msgs/src/install/art_interface_msg/lib/python3.9/site-packages/art_interface_msg/_art_interface_msg_s.ep.rosidl_typesupport_fastrtps_c.c
[6.521s] -- Installing: /home/nvidia/workspace/msgs/src/install/art_interface_msg/lib/python3.9/site-packages/art_interface_msg/_art_interface_msg_s.ep.rosidl_typesupport_introspection_c.c
[6.579s] Listing '/home/nvidia/workspace/msgs/src/install/art_interface_msg/lib/python3.9/site-packages/art_interface_msg'...
[6.579s] Compiling '/home/nvidia/workspace/msgs/src/install/art_interface_msg/lib/python3.9/site-packages/art_interface_msg/__init__.py'...
[6.579s] Listing '/home/nvidia/workspace/msgs/src/install/art_interface_msg/lib/python3.9/site-packages/art_interface_msg/msg'...
[6.579s] Compiling '/home/nvidia/workspace/msgs/src/install/art_interface_msg/lib/python3.9/site-packages/art_interface_msg/msg/__init__.py'...
[6.580s] Compiling '/home/nvidia/workspace/msgs/src/install/art_interface_msg/lib/python3.9/site-packages/art_interface_msg/msg/_art_life_signal.py'...
[6.580s] Compiling '/home/nvidia/workspace/msgs/src/install/art_interface_msg/lib/python3.9/site-packages/art_interface_msg/msg/_art_status.py'...
[6.580s] Compiling '/home/nvidia/workspace/msgs/src/install/art_interface_msg/lib/python3.9/site-packages/art_interface_msg/msg/_control_command.py'...
[6.589s] -- Installing: /home/nvidia/workspace/msgs/src/install/art_interface_msg/lib/python3.9/site-packages/art_interface_msg/art_interface_msg_s__rosidl_typesupport_fastrtps_c.cpython-38-aarch64-linux-gnu.so
[6.590s] -- Set runtime path of "/home/nvidia/workspace/msgs/src/install/art_interface_msg/lib/python3.9/site-packages/art_interface_msg/art_interface_msg_s__rosidl_typesupport_fastrtps_c.cpython-38-aarch64-linux-gnu.so" to ""
[6.590s] -- Installing: /home/nvidia/workspace/msgs/src/install/art_interface_msg/lib/python3.9/site-packages/art_interface_msg/art_interface_msg_s__rosidl_typesupport_introspection_c.cpython-38-aarch64-linux-gnu.so
[6.590s] -- Set runtime path of "/home/nvidia/workspace/msgs/src/install/art_interface_msg/lib/python3.9/site-packages/art_interface_msg/art_interface_msg_s__rosidl_typesupport_introspection_c.cpython-38-aarch64-linux-gnu.so" to ""
[6.591s] -- Installing: /home/nvidia/workspace/msgs/src/install/art_interface_msg/lib/python3.9/site-packages/art_interface_msg/art_interface_msg_s__rosidl_typesupport_c.cpython-38-aarch64-linux-gnu.so
[6.591s] -- Set runtime path of "/home/nvidia/workspace/msgs/src/install/art_interface_msg/lib/python3.9/site-packages/art_interface_msg/art_interface_msg_s__rosidl_typesupport_c.cpython-38-aarch64-linux-gnu.so" to ""
[6.591s] -- Installing: /home/nvidia/workspace/msgs/src/install/art_interface_msg/lib/libart_interface_msg__rosidl_generator_py.so
[6.592s] -- Set runtime path of "/home/nvidia/workspace/msgs/src/install/art_interface_msg/lib/libart_interface_msg__rosidl_generator_py.so" to ""
[6.592s] -- Installing: /home/nvidia/workspace/msgs/src/install/art_interface_msg/share/art_interface_msg/msg/ControlCommand.idl
[6.592s] -- Installing: /home/nvidia/workspace/msgs/src/install/art_interface_msg/share/art_interface_msg/msg/ArtStatus.idl
[6.593s] -- Installing: /home/nvidia/workspace/msgs/src/install/art_interface_msg/share/art_interface_msg/msg/ArtLifeSignal.idl
[6.593s] -- Installing: /home/nvidia/workspace/msgs/src/install/art_interface_msg/share/art_interface_msg/msg/ControlCommand.msg
[6.593s] -- Installing: /home/nvidia/workspace/msgs/src/install/art_interface_msg/share/art_interface_msg/msg/ArtStatus.msg
[6.594s] -- Installing: /home/nvidia/workspace/msgs/src/install/art_interface_msg/share/art_interface_msg/msg/ArtLifeSignal.msg
[6.594s] -- Installing: /home/nvidia/workspace/msgs/src/install/art_interface_msg/share/ament_index/resource_index/package_run_dependencies/art_interface_msg
[6.594s] -- Installing: /home/nvidia/workspace/msgs/src/install/art_interface_msg/share/ament_index/resource_index/parent_prefix_path/art_interface_msg
[6.595s] -- Installing: /home/nvidia/workspace/msgs/src/install/art_interface_msg/share/art_interface_msg/environment/ament_prefix_path.sh
[6.595s] -- Installing: /home/nvidia/workspace/msgs/src/install/art_interface_msg/share/art_interface_msg/environment/ament_prefix_path.dsv
[6.595s] -- Installing: /home/nvidia/workspace/msgs/src/install/art_interface_msg/share/art_interface_msg/environment/path.sh
[6.595s] -- Installing: /home/nvidia/workspace/msgs/src/install/art_interface_msg/share/art_interface_msg/environment/path.dsv
[6.596s] -- Installing: /home/nvidia/workspace/msgs/src/install/art_interface_msg/share/art_interface_msg/local_setup.bash
[6.596s] -- Installing: /home/nvidia/workspace/msgs/src/install/art_interface_msg/share/art_interface_msg/local_setup.sh
[6.596s] -- Installing: /home/nvidia/workspace/msgs/src/install/art_interface_msg/share/art_interface_msg/local_setup.zsh
[6.597s] -- Installing: /home/nvidia/workspace/msgs/src/install/art_interface_msg/share/art_interface_msg/local_setup.dsv
[6.597s] -- Installing: /home/nvidia/workspace/msgs/src/install/art_interface_msg/share/art_interface_msg/package.dsv
[6.597s] -- Installing: /home/nvidia/workspace/msgs/src/install/art_interface_msg/share/ament_index/resource_index/packages/art_interface_msg
[6.598s] -- Installing: /home/nvidia/workspace/msgs/src/install/art_interface_msg/share/art_interface_msg/cmake/export_art_interface_msg__rosidl_generator_cExport.cmake
[6.598s] -- Installing: /home/nvidia/workspace/msgs/src/install/art_interface_msg/share/art_interface_msg/cmake/export_art_interface_msg__rosidl_generator_cExport-release.cmake
[6.598s] -- Installing: /home/nvidia/workspace/msgs/src/install/art_interface_msg/share/art_interface_msg/cmake/export_art_interface_msg__rosidl_typesupport_fastrtps_cExport.cmake
[6.599s] -- Installing: /home/nvidia/workspace/msgs/src/install/art_interface_msg/share/art_interface_msg/cmake/export_art_interface_msg__rosidl_typesupport_fastrtps_cExport-release.cmake
[6.599s] -- Installing: /home/nvidia/workspace/msgs/src/install/art_interface_msg/share/art_interface_msg/cmake/art_interface_msg__rosidl_typesupport_introspection_cExport.cmake
[6.599s] -- Installing: /home/nvidia/workspace/msgs/src/install/art_interface_msg/share/art_interface_msg/cmake/art_interface_msg__rosidl_typesupport_introspection_cExport-release.cmake
[6.600s] -- Installing: /home/nvidia/workspace/msgs/src/install/art_interface_msg/share/art_interface_msg/cmake/art_interface_msg__rosidl_typesupport_cExport.cmake
[6.600s] -- Installing: /home/nvidia/workspace/msgs/src/install/art_interface_msg/share/art_interface_msg/cmake/art_interface_msg__rosidl_typesupport_cExport-release.cmake
[6.600s] -- Installing: /home/nvidia/workspace/msgs/src/install/art_interface_msg/share/art_interface_msg/cmake/export_art_interface_msg__rosidl_generator_cppExport.cmake
[6.601s] -- Installing: /home/nvidia/workspace/msgs/src/install/art_interface_msg/share/art_interface_msg/cmake/export_art_interface_msg__rosidl_typesupport_fastrtps_cppExport.cmake
[6.601s] -- Installing: /home/nvidia/workspace/msgs/src/install/art_interface_msg/share/art_interface_msg/cmake/export_art_interface_msg__rosidl_typesupport_fastrtps_cppExport-release.cmake
[6.601s] -- Installing: /home/nvidia/workspace/msgs/src/install/art_interface_msg/share/art_interface_msg/cmake/art_interface_msg__rosidl_typesupport_introspection_cppExport.cmake
[6.601s] -- Installing: /home/nvidia/workspace/msgs/src/install/art_interface_msg/share/art_interface_msg/cmake/art_interface_msg__rosidl_typesupport_introspection_cppExport-release.cmake
[6.601s] -- Installing: /home/nvidia/workspace/msgs/src/install/art_interface_msg/share/art_interface_msg/cmake/art_interface_msg__rosidl_typesupport_cppExport.cmake
[6.602s] -- Installing: /home/nvidia/workspace/msgs/src/install/art_interface_msg/share/art_interface_msg/cmake/art_interface_msg__rosidl_typesupport_cppExport-release.cmake
[6.602s] -- Installing: /home/nvidia/workspace/msgs/src/install/art_interface_msg/share/art_interface_msg/cmake/export_art_interface_msg__rosidl_generator_pyExport.cmake
[6.602s] -- Installing: /home/nvidia/workspace/msgs/src/install/art_interface_msg/share/art_interface_msg/cmake/export_art_interface_msg__rosidl_generator_pyExport-release.cmake
[6.603s] -- Installing: /home/nvidia/workspace/msgs/src/install/art_interface_msg/share/art_interface_msg/cmake/rosidl_cmake-extras.cmake
[6.604s] -- Installing: /home/nvidia/workspace/msgs/src/install/art_interface_msg/share/art_interface_msg/cmake/ament_cmake_export_include_directories-extras.cmake
[6.605s] -- Installing: /home/nvidia/workspace/msgs/src/install/art_interface_msg/share/art_interface_msg/cmake/ament_cmake_export_libraries-extras.cmake
[6.605s] -- Installing: /home/nvidia/workspace/msgs/src/install/art_interface_msg/share/art_interface_msg/cmake/ament_cmake_export_targets-extras.cmake
[6.606s] -- Installing: /home/nvidia/workspace/msgs/src/install/art_interface_msg/share/art_interface_msg/cmake/rosidl_cmake_export_typesupport_targets-extras.cmake
[6.606s] -- Installing: /home/nvidia/workspace/msgs/src/install/art_interface_msg/share/art_interface_msg/cmake/ament_cmake_export_dependencies-extras.cmake
[6.607s] -- Installing: /home/nvidia/workspace/msgs/src/install/art_interface_msg/share/art_interface_msg/cmake/rosidl_cmake_export_typesupport_libraries-extras.cmake
[6.608s] -- Installing: /home/nvidia/workspace/msgs/src/install/art_interface_msg/share/art_interface_msg/cmake/art_interface_msgConfig.cmake
[6.609s] -- Installing: /home/nvidia/workspace/msgs/src/install/art_interface_msg/share/art_interface_msg/cmake/art_interface_msgConfig-version.cmake
[6.609s] -- Installing: /home/nvidia/workspace/msgs/src/install/art_interface_msg/share/art_interface_msg/package.xml
[6.610s] Invoked command in '/home/nvidia/workspace/msgs/src/build/art_interface_msg' returned '0': CMAKE_PREFIX_PATH=/opt/ros/humble /usr/local/bin/cmake --install /home/nvidia/workspace/msgs/src/build/art_interface_msg
